[0.116s] DEBUG:colcon:Command line arguments: ['/usr/bin/colcon', 'build']
[0.116s] DEBUG:colcon:Parsed command line arguments: Namespace(log_base=None, log_level=None, verb_name='build', build_base='build', install_base='install', merge_install=False, symlink_install=False, test_result_base=None, continue_on_error=False, executor='parallel', parallel_workers=12, event_handlers=None, ignore_user_meta=False, metas=['./colcon.meta'], base_paths=['.'], packages_ignore=None, packages_ignore_regex=None, paths=None, packages_up_to=None, packages_up_to_regex=None, packages_above=None, packages_above_and_dependencies=None, packages_above_depth=None, packages_select_by_dep=None, packages_skip_by_dep=None, packages_skip_up_to=None, packages_select_build_failed=False, packages_skip_build_finished=False, packages_select_test_failures=False, packages_skip_test_passed=False, packages_select=None, packages_skip=None, packages_select_regex=None, packages_skip_regex=None, packages_start=None, packages_end=None, allow_overriding=[], cmake_args=None, cmake_target=None, cmake_target_skip_unavailable=False, cmake_clean_cache=False, cmake_clean_first=False, cmake_force_configure=False, ament_cmake_args=None, catkin_cmake_args=None, catkin_skip_building_tests=False, mixin_files=None, mixin=None, verb_parser=<colcon_mixin.mixin.mixin_argument.MixinArgumentDecorator object at 0x7f2f10e738c0>, verb_extension=<colcon_core.verb.build.BuildVerb object at 0x7f2f10e73680>, main=<bound method BuildVerb.main of <colcon_core.verb.build.BuildVerb object at 0x7f2f10e73680>>, mixin_verb=('build',))
[0.161s] Level 1:colcon.colcon_core.package_discovery:discover_packages(colcon_meta) check parameters
[0.161s] Level 1:colcon.colcon_core.package_discovery:discover_packages(recursive) check parameters
[0.161s] Level 1:colcon.colcon_core.package_discovery:discover_packages(ignore) check parameters
[0.161s] Level 1:colcon.colcon_core.package_discovery:discover_packages(path) check parameters
[0.161s] Level 1:colcon.colcon_core.package_discovery:discover_packages(colcon_meta) discover
[0.161s] Level 1:colcon.colcon_core.package_discovery:discover_packages(recursive) discover
[0.161s] INFO:colcon.colcon_core.package_discovery:Crawling recursively for packages in '/home/diaoko/ros2_ws'
[0.161s] Level 1:colcon.colcon_core.package_identification:_identify(.) by extensions ['ignore', 'ignore_ament_install']
[0.161s] Level 1:colcon.colcon_core.package_identification:_identify(.) by extension 'ignore'
[0.162s] Level 1:colcon.colcon_core.package_identification:_identify(.) by extension 'ignore_ament_install'
[0.162s] Level 1:colcon.colcon_core.package_identification:_identify(.) by extensions ['colcon_pkg']
[0.162s] Level 1:colcon.colcon_core.package_identification:_identify(.) by extension 'colcon_pkg'
[0.162s] Level 1:colcon.colcon_core.package_identification:_identify(.) by extensions ['colcon_meta']
[0.162s] Level 1:colcon.colcon_core.package_identification:_identify(.) by extension 'colcon_meta'
[0.162s] Level 1:colcon.colcon_core.package_identification:_identify(.) by extensions ['ros']
[0.162s] Level 1:colcon.colcon_core.package_identification:_identify(.) by extension 'ros'
[0.192s] Level 1:colcon.colcon_core.package_identification:_identify(.) by extensions ['cmake', 'python']
[0.192s] Level 1:colcon.colcon_core.package_identification:_identify(.) by extension 'cmake'
[0.192s] Level 1:colcon.colcon_core.package_identification:_identify(.) by extension 'python'
[0.192s] Level 1:colcon.colcon_core.package_identification:_identify(.) by extensions ['python_setup_py']
[0.192s] Level 1:colcon.colcon_core.package_identification:_identify(.) by extension 'python_setup_py'
[0.192s] Level 1:colcon.colcon_core.package_identification:_identify(build) by extensions ['ignore', 'ignore_ament_install']
[0.193s] Level 1:colcon.colcon_core.package_identification:_identify(build) by extension 'ignore'
[0.193s] Level 1:colcon.colcon_core.package_identification:_identify(build) ignored
[0.193s] Level 1:colcon.colcon_core.package_identification:_identify(install) by extensions ['ignore', 'ignore_ament_install']
[0.193s] Level 1:colcon.colcon_core.package_identification:_identify(install) by extension 'ignore'
[0.193s] Level 1:colcon.colcon_core.package_identification:_identify(install) ignored
[0.193s] Level 1:colcon.colcon_core.package_identification:_identify(log) by extensions ['ignore', 'ignore_ament_install']
[0.193s] Level 1:colcon.colcon_core.package_identification:_identify(log) by extension 'ignore'
[0.193s] Level 1:colcon.colcon_core.package_identification:_identify(log) ignored
[0.193s] Level 1:colcon.colcon_core.package_identification:_identify(src) by extensions ['ignore', 'ignore_ament_install']
[0.193s] Level 1:colcon.colcon_core.package_identification:_identify(src) by extension 'ignore'
[0.193s] Level 1:colcon.colcon_core.package_identification:_identify(src) by extension 'ignore_ament_install'
[0.193s] Level 1:colcon.colcon_core.package_identification:_identify(src) by extensions ['colcon_pkg']
[0.193s] Level 1:colcon.colcon_core.package_identification:_identify(src) by extension 'colcon_pkg'
[0.194s] Level 1:colcon.colcon_core.package_identification:_identify(src) by extensions ['colcon_meta']
[0.194s] Level 1:colcon.colcon_core.package_identification:_identify(src) by extension 'colcon_meta'
[0.194s] Level 1:colcon.colcon_core.package_identification:_identify(src) by extensions ['ros']
[0.194s] Level 1:colcon.colcon_core.package_identification:_identify(src) by extension 'ros'
[0.194s] Level 1:colcon.colcon_core.package_identification:_identify(src) by extensions ['cmake', 'python']
[0.194s] Level 1:colcon.colcon_core.package_identification:_identify(src) by extension 'cmake'
[0.194s] Level 1:colcon.colcon_core.package_identification:_identify(src) by extension 'python'
[0.194s] Level 1:colcon.colcon_core.package_identification:_identify(src) by extensions ['python_setup_py']
[0.194s] Level 1:colcon.colcon_core.package_identification:_identify(src) by extension 'python_setup_py'
[0.194s] Level 1:colcon.colcon_core.package_identification:_identify(src/my_cpp_pkg) by extensions ['ignore', 'ignore_ament_install']
[0.194s] Level 1:colcon.colcon_core.package_identification:_identify(src/my_cpp_pkg) by extension 'ignore'
[0.194s] Level 1:colcon.colcon_core.package_identification:_identify(src/my_cpp_pkg) by extension 'ignore_ament_install'
[0.194s] Level 1:colcon.colcon_core.package_identification:_identify(src/my_cpp_pkg) by extensions ['colcon_pkg']
[0.194s] Level 1:colcon.colcon_core.package_identification:_identify(src/my_cpp_pkg) by extension 'colcon_pkg'
[0.194s] Level 1:colcon.colcon_core.package_identification:_identify(src/my_cpp_pkg) by extensions ['colcon_meta']
[0.194s] Level 1:colcon.colcon_core.package_identification:_identify(src/my_cpp_pkg) by extension 'colcon_meta'
[0.194s] Level 1:colcon.colcon_core.package_identification:_identify(src/my_cpp_pkg) by extensions ['ros']
[0.194s] Level 1:colcon.colcon_core.package_identification:_identify(src/my_cpp_pkg) by extension 'ros'
[0.197s] DEBUG:colcon.colcon_core.package_identification:Package 'src/my_cpp_pkg' with type 'ros.ament_cmake' and name 'my_cpp_pkg'
[0.198s] Level 1:colcon.colcon_core.package_identification:_identify(src/my_py_pkg) by extensions ['ignore', 'ignore_ament_install']
[0.198s] Level 1:colcon.colcon_core.package_identification:_identify(src/my_py_pkg) by extension 'ignore'
[0.198s] Level 1:colcon.colcon_core.package_identification:_identify(src/my_py_pkg) by extension 'ignore_ament_install'
[0.198s] Level 1:colcon.colcon_core.package_identification:_identify(src/my_py_pkg) by extensions ['colcon_pkg']
[0.198s] Level 1:colcon.colcon_core.package_identification:_identify(src/my_py_pkg) by extension 'colcon_pkg'
[0.198s] Level 1:colcon.colcon_core.package_identification:_identify(src/my_py_pkg) by extensions ['colcon_meta']
[0.198s] Level 1:colcon.colcon_core.package_identification:_identify(src/my_py_pkg) by extension 'colcon_meta'
[0.198s] Level 1:colcon.colcon_core.package_identification:_identify(src/my_py_pkg) by extensions ['ros']
[0.198s] Level 1:colcon.colcon_core.package_identification:_identify(src/my_py_pkg) by extension 'ros'
[0.199s] DEBUG:colcon.colcon_core.package_identification:Package 'src/my_py_pkg' with type 'ros.ament_python' and name 'my_py_pkg'
[0.199s] Level 1:colcon.colcon_core.package_identification:_identify(src/my_robot_interfaces) by extensions ['ignore', 'ignore_ament_install']
[0.199s] Level 1:colcon.colcon_core.package_identification:_identify(src/my_robot_interfaces) by extension 'ignore'
[0.199s] Level 1:colcon.colcon_core.package_identification:_identify(src/my_robot_interfaces) by extension 'ignore_ament_install'
[0.199s] Level 1:colcon.colcon_core.package_identification:_identify(src/my_robot_interfaces) by extensions ['colcon_pkg']
[0.199s] Level 1:colcon.colcon_core.package_identification:_identify(src/my_robot_interfaces) by extension 'colcon_pkg'
[0.199s] Level 1:colcon.colcon_core.package_identification:_identify(src/my_robot_interfaces) by extensions ['colcon_meta']
[0.199s] Level 1:colcon.colcon_core.package_identification:_identify(src/my_robot_interfaces) by extension 'colcon_meta'
[0.199s] Level 1:colcon.colcon_core.package_identification:_identify(src/my_robot_interfaces) by extensions ['ros']
[0.199s] Level 1:colcon.colcon_core.package_identification:_identify(src/my_robot_interfaces) by extension 'ros'
[0.200s] DEBUG:colcon.colcon_core.package_identification:Package 'src/my_robot_interfaces' with type 'ros.ament_cmake' and name 'my_robot_interfaces'
[0.200s] Level 1:colcon.colcon_core.package_identification:_identify(src/turtle_controller) by extensions ['ignore', 'ignore_ament_install']
[0.200s] Level 1:colcon.colcon_core.package_identification:_identify(src/turtle_controller) by extension 'ignore'
[0.200s] Level 1:colcon.colcon_core.package_identification:_identify(src/turtle_controller) by extension 'ignore_ament_install'
[0.200s] Level 1:colcon.colcon_core.package_identification:_identify(src/turtle_controller) by extensions ['colcon_pkg']
[0.200s] Level 1:colcon.colcon_core.package_identification:_identify(src/turtle_controller) by extension 'colcon_pkg'
[0.200s] Level 1:colcon.colcon_core.package_identification:_identify(src/turtle_controller) by extensions ['colcon_meta']
[0.200s] Level 1:colcon.colcon_core.package_identification:_identify(src/turtle_controller) by extension 'colcon_meta'
[0.200s] Level 1:colcon.colcon_core.package_identification:_identify(src/turtle_controller) by extensions ['ros']
[0.200s] Level 1:colcon.colcon_core.package_identification:_identify(src/turtle_controller) by extension 'ros'
[0.201s] DEBUG:colcon.colcon_core.package_identification:Package 'src/turtle_controller' with type 'ros.ament_python' and name 'turtle_controller'
[0.201s] Level 1:colcon.colcon_core.package_identification:_identify(src/turtle_controller_cpp) by extensions ['ignore', 'ignore_ament_install']
[0.201s] Level 1:colcon.colcon_core.package_identification:_identify(src/turtle_controller_cpp) by extension 'ignore'
[0.201s] Level 1:colcon.colcon_core.package_identification:_identify(src/turtle_controller_cpp) by extension 'ignore_ament_install'
[0.201s] Level 1:colcon.colcon_core.package_identification:_identify(src/turtle_controller_cpp) by extensions ['colcon_pkg']
[0.201s] Level 1:colcon.colcon_core.package_identification:_identify(src/turtle_controller_cpp) by extension 'colcon_pkg'
[0.201s] Level 1:colcon.colcon_core.package_identification:_identify(src/turtle_controller_cpp) by extensions ['colcon_meta']
[0.201s] Level 1:colcon.colcon_core.package_identification:_identify(src/turtle_controller_cpp) by extension 'colcon_meta'
[0.201s] Level 1:colcon.colcon_core.package_identification:_identify(src/turtle_controller_cpp) by extensions ['ros']
[0.201s] Level 1:colcon.colcon_core.package_identification:_identify(src/turtle_controller_cpp) by extension 'ros'
[0.202s] DEBUG:colcon.colcon_core.package_identification:Package 'src/turtle_controller_cpp' with type 'ros.ament_cmake' and name 'turtle_controller_cpp'
[0.202s] Level 1:colcon.colcon_core.package_discovery:discover_packages(recursive) using defaults
[0.202s] Level 1:colcon.colcon_core.package_discovery:discover_packages(ignore) discover
[0.202s] Level 1:colcon.colcon_core.package_discovery:discover_packages(ignore) using defaults
[0.202s] Level 1:colcon.colcon_core.package_discovery:discover_packages(path) discover
[0.202s] Level 1:colcon.colcon_core.package_discovery:discover_packages(path) using defaults
[0.223s] Level 1:colcon.colcon_core.package_discovery:discover_packages(prefix_path) check parameters
[0.223s] Level 1:colcon.colcon_core.package_discovery:discover_packages(prefix_path) discover
[0.226s] DEBUG:colcon.colcon_installed_package_information.package_discovery:Found 285 installed packages in /opt/ros/jazzy
[0.227s] Level 1:colcon.colcon_core.package_discovery:discover_packages(prefix_path) using defaults
[0.267s] Level 5:colcon.colcon_core.verb:set package 'my_py_pkg' build argument 'cmake_args' from command line to 'None'
[0.267s] Level 5:colcon.colcon_core.verb:set package 'my_py_pkg' build argument 'cmake_target' from command line to 'None'
[0.267s] Level 5:colcon.colcon_core.verb:set package 'my_py_pkg' build argument 'cmake_target_skip_unavailable' from command line to 'False'
[0.267s] Level 5:colcon.colcon_core.verb:set package 'my_py_pkg' build argument 'cmake_clean_cache' from command line to 'False'
[0.267s] Level 5:colcon.colcon_core.verb:set package 'my_py_pkg' build argument 'cmake_clean_first' from command line to 'False'
[0.267s] Level 5:colcon.colcon_core.verb:set package 'my_py_pkg' build argument 'cmake_force_configure' from command line to 'False'
[0.267s] Level 5:colcon.colcon_core.verb:set package 'my_py_pkg' build argument 'ament_cmake_args' from command line to 'None'
[0.267s] Level 5:colcon.colcon_core.verb:set package 'my_py_pkg' build argument 'catkin_cmake_args' from command line to 'None'
[0.267s] Level 5:colcon.colcon_core.verb:set package 'my_py_pkg' build argument 'catkin_skip_building_tests' from command line to 'False'
[0.267s] DEBUG:colcon.colcon_core.verb:Building package 'my_py_pkg' with the following arguments: {'ament_cmake_args': None, 'build_base': '/home/diaoko/ros2_ws/build/my_py_pkg', 'catkin_cmake_args': None, 'catkin_skip_building_tests': False, 'cmake_args': None, 'cmake_clean_cache': False, 'cmake_clean_first': False, 'cmake_force_configure': False, 'cmake_target': None, 'cmake_target_skip_unavailable': False, 'install_base': '/home/diaoko/ros2_ws/install/my_py_pkg', 'merge_install': False, 'path': '/home/diaoko/ros2_ws/src/my_py_pkg', 'symlink_install': False, 'test_result_base': None}
[0.267s] Level 5:colcon.colcon_core.verb:set package 'my_robot_interfaces' build argument 'cmake_args' from command line to 'None'
[0.267s] Level 5:colcon.colcon_core.verb:set package 'my_robot_interfaces' build argument 'cmake_target' from command line to 'None'
[0.267s] Level 5:colcon.colcon_core.verb:set package 'my_robot_interfaces' build argument 'cmake_target_skip_unavailable' from command line to 'False'
[0.267s] Level 5:colcon.colcon_core.verb:set package 'my_robot_interfaces' build argument 'cmake_clean_cache' from command line to 'False'
[0.267s] Level 5:colcon.colcon_core.verb:set package 'my_robot_interfaces' build argument 'cmake_clean_first' from command line to 'False'
[0.267s] Level 5:colcon.colcon_core.verb:set package 'my_robot_interfaces' build argument 'cmake_force_configure' from command line to 'False'
[0.267s] Level 5:colcon.colcon_core.verb:set package 'my_robot_interfaces' build argument 'ament_cmake_args' from command line to 'None'
[0.267s] Level 5:colcon.colcon_core.verb:set package 'my_robot_interfaces' build argument 'catkin_cmake_args' from command line to 'None'
[0.268s] Level 5:colcon.colcon_core.verb:set package 'my_robot_interfaces' build argument 'catkin_skip_building_tests' from command line to 'False'
[0.268s] DEBUG:colcon.colcon_core.verb:Building package 'my_robot_interfaces' with the following arguments: {'ament_cmake_args': None, 'build_base': '/home/diaoko/ros2_ws/build/my_robot_interfaces', 'catkin_cmake_args': None, 'catkin_skip_building_tests': False, 'cmake_args': None, 'cmake_clean_cache': False, 'cmake_clean_first': False, 'cmake_force_configure': False, 'cmake_target': None, 'cmake_target_skip_unavailable': False, 'install_base': '/home/diaoko/ros2_ws/install/my_robot_interfaces', 'merge_install': False, 'path': '/home/diaoko/ros2_ws/src/my_robot_interfaces', 'symlink_install': False, 'test_result_base': None}
[0.268s] Level 5:colcon.colcon_core.verb:set package 'turtle_controller' build argument 'cmake_args' from command line to 'None'
[0.268s] Level 5:colcon.colcon_core.verb:set package 'turtle_controller' build argument 'cmake_target' from command line to 'None'
[0.268s] Level 5:colcon.colcon_core.verb:set package 'turtle_controller' build argument 'cmake_target_skip_unavailable' from command line to 'False'
[0.268s] Level 5:colcon.colcon_core.verb:set package 'turtle_controller' build argument 'cmake_clean_cache' from command line to 'False'
[0.268s] Level 5:colcon.colcon_core.verb:set package 'turtle_controller' build argument 'cmake_clean_first' from command line to 'False'
[0.268s] Level 5:colcon.colcon_core.verb:set package 'turtle_controller' build argument 'cmake_force_configure' from command line to 'False'
[0.268s] Level 5:colcon.colcon_core.verb:set package 'turtle_controller' build argument 'ament_cmake_args' from command line to 'None'
[0.268s] Level 5:colcon.colcon_core.verb:set package 'turtle_controller' build argument 'catkin_cmake_args' from command line to 'None'
[0.268s] Level 5:colcon.colcon_core.verb:set package 'turtle_controller' build argument 'catkin_skip_building_tests' from command line to 'False'
[0.268s] DEBUG:colcon.colcon_core.verb:Building package 'turtle_controller' with the following arguments: {'ament_cmake_args': None, 'build_base': '/home/diaoko/ros2_ws/build/turtle_controller', 'catkin_cmake_args': None, 'catkin_skip_building_tests': False, 'cmake_args': None, 'cmake_clean_cache': False, 'cmake_clean_first': False, 'cmake_force_configure': False, 'cmake_target': None, 'cmake_target_skip_unavailable': False, 'install_base': '/home/diaoko/ros2_ws/install/turtle_controller', 'merge_install': False, 'path': '/home/diaoko/ros2_ws/src/turtle_controller', 'symlink_install': False, 'test_result_base': None}
[0.268s] Level 5:colcon.colcon_core.verb:set package 'turtle_controller_cpp' build argument 'cmake_args' from command line to 'None'
[0.268s] Level 5:colcon.colcon_core.verb:set package 'turtle_controller_cpp' build argument 'cmake_target' from command line to 'None'
[0.268s] Level 5:colcon.colcon_core.verb:set package 'turtle_controller_cpp' build argument 'cmake_target_skip_unavailable' from command line to 'False'
[0.268s] Level 5:colcon.colcon_core.verb:set package 'turtle_controller_cpp' build argument 'cmake_clean_cache' from command line to 'False'
[0.268s] Level 5:colcon.colcon_core.verb:set package 'turtle_controller_cpp' build argument 'cmake_clean_first' from command line to 'False'
[0.268s] Level 5:colcon.colcon_core.verb:set package 'turtle_controller_cpp' build argument 'cmake_force_configure' from command line to 'False'
[0.268s] Level 5:colcon.colcon_core.verb:set package 'turtle_controller_cpp' build argument 'ament_cmake_args' from command line to 'None'
[0.268s] Level 5:colcon.colcon_core.verb:set package 'turtle_controller_cpp' build argument 'catkin_cmake_args' from command line to 'None'
[0.268s] Level 5:colcon.colcon_core.verb:set package 'turtle_controller_cpp' build argument 'catkin_skip_building_tests' from command line to 'False'
[0.268s] DEBUG:colcon.colcon_core.verb:Building package 'turtle_controller_cpp' with the following arguments: {'ament_cmake_args': None, 'build_base': '/home/diaoko/ros2_ws/build/turtle_controller_cpp', 'catkin_cmake_args': None, 'catkin_skip_building_tests': False, 'cmake_args': None, 'cmake_clean_cache': False, 'cmake_clean_first': False, 'cmake_force_configure': False, 'cmake_target': None, 'cmake_target_skip_unavailable': False, 'install_base': '/home/diaoko/ros2_ws/install/turtle_controller_cpp', 'merge_install': False, 'path': '/home/diaoko/ros2_ws/src/turtle_controller_cpp', 'symlink_install': False, 'test_result_base': None}
[0.269s] Level 5:colcon.colcon_core.verb:set package 'my_cpp_pkg' build argument 'cmake_args' from command line to 'None'
[0.269s] Level 5:colcon.colcon_core.verb:set package 'my_cpp_pkg' build argument 'cmake_target' from command line to 'None'
[0.269s] Level 5:colcon.colcon_core.verb:set package 'my_cpp_pkg' build argument 'cmake_target_skip_unavailable' from command line to 'False'
[0.269s] Level 5:colcon.colcon_core.verb:set package 'my_cpp_pkg' build argument 'cmake_clean_cache' from command line to 'False'
[0.269s] Level 5:colcon.colcon_core.verb:set package 'my_cpp_pkg' build argument 'cmake_clean_first' from command line to 'False'
[0.269s] Level 5:colcon.colcon_core.verb:set package 'my_cpp_pkg' build argument 'cmake_force_configure' from command line to 'False'
[0.269s] Level 5:colcon.colcon_core.verb:set package 'my_cpp_pkg' build argument 'ament_cmake_args' from command line to 'None'
[0.269s] Level 5:colcon.colcon_core.verb:set package 'my_cpp_pkg' build argument 'catkin_cmake_args' from command line to 'None'
[0.269s] Level 5:colcon.colcon_core.verb:set package 'my_cpp_pkg' build argument 'catkin_skip_building_tests' from command line to 'False'
[0.269s] DEBUG:colcon.colcon_core.verb:Building package 'my_cpp_pkg' with the following arguments: {'ament_cmake_args': None, 'build_base': '/home/diaoko/ros2_ws/build/my_cpp_pkg', 'catkin_cmake_args': None, 'catkin_skip_building_tests': False, 'cmake_args': None, 'cmake_clean_cache': False, 'cmake_clean_first': False, 'cmake_force_configure': False, 'cmake_target': None, 'cmake_target_skip_unavailable': False, 'install_base': '/home/diaoko/ros2_ws/install/my_cpp_pkg', 'merge_install': False, 'path': '/home/diaoko/ros2_ws/src/my_cpp_pkg', 'symlink_install': False, 'test_result_base': None}
[0.269s] INFO:colcon.colcon_core.executor:Executing jobs using 'parallel' executor
[0.270s] DEBUG:colcon.colcon_parallel_executor.executor.parallel:run_until_complete
[0.270s] INFO:colcon.colcon_ros.task.ament_cmake.build:Building ROS package in '/home/diaoko/ros2_ws/src/my_robot_interfaces' with build type 'ament_cmake'
[0.270s] INFO:colcon.colcon_cmake.task.cmake.build:Building CMake package in '/home/diaoko/ros2_ws/src/my_robot_interfaces'
[0.273s] INFO:colcon.colcon_core.plugin_system:Skipping extension 'colcon_core.shell.bat': Not used on non-Windows systems
[0.273s] INFO:colcon.colcon_core.shell:Skip shell extension 'powershell' for command environment: Not usable outside of PowerShell
[0.273s] DEBUG:colcon.colcon_core.shell:Skip shell extension 'dsv' for command environment
[0.276s] INFO:colcon.colcon_ros.task.ament_python.build:Building ROS package in '/home/diaoko/ros2_ws/src/my_py_pkg' with build type 'ament_python'
[0.276s] Level 1:colcon.colcon_core.shell:create_environment_hook('my_py_pkg', 'ament_prefix_path')
[0.277s] INFO:colcon.colcon_core.shell:Creating environment hook '/home/diaoko/ros2_ws/install/my_py_pkg/share/my_py_pkg/hook/ament_prefix_path.ps1'
[0.277s] INFO:colcon.colcon_core.shell:Creating environment descriptor '/home/diaoko/ros2_ws/install/my_py_pkg/share/my_py_pkg/hook/ament_prefix_path.dsv'
[0.278s] INFO:colcon.colcon_core.shell:Creating environment hook '/home/diaoko/ros2_ws/install/my_py_pkg/share/my_py_pkg/hook/ament_prefix_path.sh'
[0.278s] INFO:colcon.colcon_core.shell:Skip shell extension 'powershell' for command environment: Not usable outside of PowerShell
[0.279s] DEBUG:colcon.colcon_core.shell:Skip shell extension 'dsv' for command environment
[0.281s] INFO:colcon.colcon_ros.task.ament_python.build:Building ROS package in '/home/diaoko/ros2_ws/src/turtle_controller' with build type 'ament_python'
[0.282s] Level 1:colcon.colcon_core.shell:create_environment_hook('turtle_controller', 'ament_prefix_path')
[0.282s] INFO:colcon.colcon_core.shell:Creating environment hook '/home/diaoko/ros2_ws/install/turtle_controller/share/turtle_controller/hook/ament_prefix_path.ps1'
[0.282s] INFO:colcon.colcon_core.shell:Creating environment descriptor '/home/diaoko/ros2_ws/install/turtle_controller/share/turtle_controller/hook/ament_prefix_path.dsv'
[0.283s] INFO:colcon.colcon_core.shell:Creating environment hook '/home/diaoko/ros2_ws/install/turtle_controller/share/turtle_controller/hook/ament_prefix_path.sh'
[0.283s] INFO:colcon.colcon_core.shell:Skip shell extension 'powershell' for command environment: Not usable outside of PowerShell
[0.283s] DEBUG:colcon.colcon_core.shell:Skip shell extension 'dsv' for command environment
[0.286s] INFO:colcon.colcon_ros.task.ament_cmake.build:Building ROS package in '/home/diaoko/ros2_ws/src/turtle_controller_cpp' with build type 'ament_cmake'
[0.286s] INFO:colcon.colcon_cmake.task.cmake.build:Building CMake package in '/home/diaoko/ros2_ws/src/turtle_controller_cpp'
[0.286s] INFO:colcon.colcon_core.shell:Skip shell extension 'powershell' for command environment: Not usable outside of PowerShell
[0.286s] DEBUG:colcon.colcon_core.shell:Skip shell extension 'dsv' for command environment
[0.293s] DEBUG:colcon.colcon_core.event_handler.log_command:Invoking command in '/home/diaoko/ros2_ws/build/my_robot_interfaces': CMAKE_PREFIX_PATH=${CMAKE_PREFIX_PATH}:/opt/ros/jazzy DEBUGINFOD_URLS=https://debuginfod.ubuntu.com /usr/bin/cmake --build /home/diaoko/ros2_ws/build/my_robot_interfaces -- -j12 -l12
[0.600s] INFO:colcon.colcon_core.task.python.build:Building Python package in '/home/diaoko/ros2_ws/src/my_py_pkg'
[0.600s] INFO:colcon.colcon_core.shell:Skip shell extension 'powershell' for command environment: Not usable outside of PowerShell
[0.600s] DEBUG:colcon.colcon_core.shell:Skip shell extension 'dsv' for command environment
[0.852s] INFO:colcon.colcon_core.task.python.build:Building Python package in '/home/diaoko/ros2_ws/src/turtle_controller'
[0.852s] INFO:colcon.colcon_core.shell:Skip shell extension 'powershell' for command environment: Not usable outside of PowerShell
[0.852s] DEBUG:colcon.colcon_core.shell:Skip shell extension 'dsv' for command environment
[0.863s] DEBUG:colcon.colcon_core.event_handler.log_command:Invoking command in '/home/diaoko/ros2_ws/build/turtle_controller_cpp': CMAKE_PREFIX_PATH=${CMAKE_PREFIX_PATH}:/opt/ros/jazzy DEBUGINFOD_URLS=https://debuginfod.ubuntu.com /usr/bin/cmake --build /home/diaoko/ros2_ws/build/turtle_controller_cpp -- -j12 -l12
[0.863s] DEBUG:colcon.colcon_core.event_handler.log_command:Invoked command in '/home/diaoko/ros2_ws/build/my_robot_interfaces' returned '0': CMAKE_PREFIX_PATH=${CMAKE_PREFIX_PATH}:/opt/ros/jazzy DEBUGINFOD_URLS=https://debuginfod.ubuntu.com /usr/bin/cmake --build /home/diaoko/ros2_ws/build/my_robot_interfaces -- -j12 -l12
[0.879s] DEBUG:colcon.colcon_core.event_handler.log_command:Invoking command in '/home/diaoko/ros2_ws/build/my_robot_interfaces': CMAKE_PREFIX_PATH=${CMAKE_PREFIX_PATH}:/opt/ros/jazzy DEBUGINFOD_URLS=https://debuginfod.ubuntu.com /usr/bin/cmake --install /home/diaoko/ros2_ws/build/my_robot_interfaces
[0.995s] DEBUG:colcon.colcon_core.event_handler.log_command:Invoked command in '/home/diaoko/ros2_ws/build/turtle_controller_cpp' returned '0': CMAKE_PREFIX_PATH=${CMAKE_PREFIX_PATH}:/opt/ros/jazzy DEBUGINFOD_URLS=https://debuginfod.ubuntu.com /usr/bin/cmake --build /home/diaoko/ros2_ws/build/turtle_controller_cpp -- -j12 -l12
[0.996s] DEBUG:colcon.colcon_core.event_handler.log_command:Invoking command in '/home/diaoko/ros2_ws/build/turtle_controller_cpp': CMAKE_PREFIX_PATH=${CMAKE_PREFIX_PATH}:/opt/ros/jazzy DEBUGINFOD_URLS=https://debuginfod.ubuntu.com /usr/bin/cmake --install /home/diaoko/ros2_ws/build/turtle_controller_cpp
[1.018s] Level 1:colcon.colcon_core.environment:create_environment_scripts_only(turtle_controller_cpp)
[1.029s] Level 1:colcon.colcon_core.environment:checking '/home/diaoko/ros2_ws/install/turtle_controller_cpp' for CMake module files
[1.032s] DEBUG:colcon.colcon_core.event_handler.log_command:Invoked command in '/home/diaoko/ros2_ws/build/turtle_controller_cpp' returned '0': CMAKE_PREFIX_PATH=${CMAKE_PREFIX_PATH}:/opt/ros/jazzy DEBUGINFOD_URLS=https://debuginfod.ubuntu.com /usr/bin/cmake --install /home/diaoko/ros2_ws/build/turtle_controller_cpp
[1.032s] Level 1:colcon.colcon_core.environment:checking '/home/diaoko/ros2_ws/install/turtle_controller_cpp' for CMake config files
[1.033s] Level 1:colcon.colcon_core.shell:create_environment_hook('turtle_controller_cpp', 'cmake_prefix_path')
[1.033s] INFO:colcon.colcon_core.shell:Creating environment hook '/home/diaoko/ros2_ws/install/turtle_controller_cpp/share/turtle_controller_cpp/hook/cmake_prefix_path.ps1'
[1.034s] INFO:colcon.colcon_core.shell:Creating environment descriptor '/home/diaoko/ros2_ws/install/turtle_controller_cpp/share/turtle_controller_cpp/hook/cmake_prefix_path.dsv'
[1.034s] INFO:colcon.colcon_core.shell:Creating environment hook '/home/diaoko/ros2_ws/install/turtle_controller_cpp/share/turtle_controller_cpp/hook/cmake_prefix_path.sh'
[1.036s] Level 1:colcon.colcon_core.environment:checking '/home/diaoko/ros2_ws/install/turtle_controller_cpp/lib'
[1.036s] Level 1:colcon.colcon_core.environment:checking '/home/diaoko/ros2_ws/install/turtle_controller_cpp/bin'
[1.036s] Level 1:colcon.colcon_core.environment:checking '/home/diaoko/ros2_ws/install/turtle_controller_cpp/lib/pkgconfig/turtle_controller_cpp.pc'
[1.037s] Level 1:colcon.colcon_core.environment:checking '/home/diaoko/ros2_ws/install/turtle_controller_cpp/lib/python3.12/site-packages'
[1.037s] Level 1:colcon.colcon_core.environment:checking '/home/diaoko/ros2_ws/install/turtle_controller_cpp/bin'
[1.037s] INFO:colcon.colcon_core.shell:Creating package script '/home/diaoko/ros2_ws/install/turtle_controller_cpp/share/turtle_controller_cpp/package.ps1'
[1.039s] INFO:colcon.colcon_core.shell:Creating package descriptor '/home/diaoko/ros2_ws/install/turtle_controller_cpp/share/turtle_controller_cpp/package.dsv'
[1.040s] INFO:colcon.colcon_core.shell:Creating package script '/home/diaoko/ros2_ws/install/turtle_controller_cpp/share/turtle_controller_cpp/package.sh'
[1.041s] INFO:colcon.colcon_core.shell:Creating package script '/home/diaoko/ros2_ws/install/turtle_controller_cpp/share/turtle_controller_cpp/package.bash'
[1.042s] INFO:colcon.colcon_core.shell:Creating package script '/home/diaoko/ros2_ws/install/turtle_controller_cpp/share/turtle_controller_cpp/package.zsh'
[1.043s] Level 1:colcon.colcon_core.environment:create_file_with_runtime_dependencies(/home/diaoko/ros2_ws/install/turtle_controller_cpp/share/colcon-core/packages/turtle_controller_cpp)
[1.045s] Level 1:colcon.colcon_core.environment:create_environment_scripts_only(turtle_controller_cpp)
[1.045s] Level 1:colcon.colcon_core.environment:checking '/home/diaoko/ros2_ws/install/turtle_controller_cpp' for CMake module files
[1.046s] Level 1:colcon.colcon_core.environment:checking '/home/diaoko/ros2_ws/install/turtle_controller_cpp' for CMake config files
[1.046s] Level 1:colcon.colcon_core.shell:create_environment_hook('turtle_controller_cpp', 'cmake_prefix_path')
[1.047s] INFO:colcon.colcon_core.shell:Creating environment hook '/home/diaoko/ros2_ws/install/turtle_controller_cpp/share/turtle_controller_cpp/hook/cmake_prefix_path.ps1'
[1.048s] INFO:colcon.colcon_core.shell:Creating environment descriptor '/home/diaoko/ros2_ws/install/turtle_controller_cpp/share/turtle_controller_cpp/hook/cmake_prefix_path.dsv'
[1.048s] INFO:colcon.colcon_core.shell:Creating environment hook '/home/diaoko/ros2_ws/install/turtle_controller_cpp/share/turtle_controller_cpp/hook/cmake_prefix_path.sh'
[1.049s] Level 1:colcon.colcon_core.environment:checking '/home/diaoko/ros2_ws/install/turtle_controller_cpp/lib'
[1.050s] Level 1:colcon.colcon_core.environment:checking '/home/diaoko/ros2_ws/install/turtle_controller_cpp/bin'
[1.050s] Level 1:colcon.colcon_core.environment:checking '/home/diaoko/ros2_ws/install/turtle_controller_cpp/lib/pkgconfig/turtle_controller_cpp.pc'
[1.050s] Level 1:colcon.colcon_core.environment:checking '/home/diaoko/ros2_ws/install/turtle_controller_cpp/lib/python3.12/site-packages'
[1.050s] Level 1:colcon.colcon_core.environment:checking '/home/diaoko/ros2_ws/install/turtle_controller_cpp/bin'
[1.051s] INFO:colcon.colcon_core.shell:Creating package script '/home/diaoko/ros2_ws/install/turtle_controller_cpp/share/turtle_controller_cpp/package.ps1'
[1.052s] INFO:colcon.colcon_core.shell:Creating package descriptor '/home/diaoko/ros2_ws/install/turtle_controller_cpp/share/turtle_controller_cpp/package.dsv'
[1.053s] INFO:colcon.colcon_core.shell:Creating package script '/home/diaoko/ros2_ws/install/turtle_controller_cpp/share/turtle_controller_cpp/package.sh'
[1.053s] INFO:colcon.colcon_core.shell:Creating package script '/home/diaoko/ros2_ws/install/turtle_controller_cpp/share/turtle_controller_cpp/package.bash'
[1.054s] INFO:colcon.colcon_core.shell:Creating package script '/home/diaoko/ros2_ws/install/turtle_controller_cpp/share/turtle_controller_cpp/package.zsh'
[1.055s] Level 1:colcon.colcon_core.environment:create_file_with_runtime_dependencies(/home/diaoko/ros2_ws/install/turtle_controller_cpp/share/colcon-core/packages/turtle_controller_cpp)
[1.056s] Level 1:colcon.colcon_core.environment:create_environment_scripts_only(my_robot_interfaces)
[1.056s] Level 1:colcon.colcon_core.environment:checking '/home/diaoko/ros2_ws/install/my_robot_interfaces' for CMake module files
[1.058s] DEBUG:colcon.colcon_core.event_handler.log_command:Invoked command in '/home/diaoko/ros2_ws/build/my_robot_interfaces' returned '0': CMAKE_PREFIX_PATH=${CMAKE_PREFIX_PATH}:/opt/ros/jazzy DEBUGINFOD_URLS=https://debuginfod.ubuntu.com /usr/bin/cmake --install /home/diaoko/ros2_ws/build/my_robot_interfaces
[1.058s] Level 1:colcon.colcon_core.environment:checking '/home/diaoko/ros2_ws/install/my_robot_interfaces' for CMake config files
[1.059s] Level 1:colcon.colcon_core.shell:create_environment_hook('my_robot_interfaces', 'cmake_prefix_path')
[1.059s] INFO:colcon.colcon_core.shell:Creating environment hook '/home/diaoko/ros2_ws/install/my_robot_interfaces/share/my_robot_interfaces/hook/cmake_prefix_path.ps1'
[1.060s] INFO:colcon.colcon_core.shell:Creating environment descriptor '/home/diaoko/ros2_ws/install/my_robot_interfaces/share/my_robot_interfaces/hook/cmake_prefix_path.dsv'
[1.060s] INFO:colcon.colcon_core.shell:Creating environment hook '/home/diaoko/ros2_ws/install/my_robot_interfaces/share/my_robot_interfaces/hook/cmake_prefix_path.sh'
[1.061s] Level 1:colcon.colcon_core.environment:checking '/home/diaoko/ros2_ws/install/my_robot_interfaces/lib'
[1.061s] Level 1:colcon.colcon_core.shell:create_environment_hook('my_robot_interfaces', 'ld_library_path_lib')
[1.061s] INFO:colcon.colcon_core.shell:Creating environment hook '/home/diaoko/ros2_ws/install/my_robot_interfaces/share/my_robot_interfaces/hook/ld_library_path_lib.ps1'
[1.062s] INFO:colcon.colcon_core.shell:Creating environment descriptor '/home/diaoko/ros2_ws/install/my_robot_interfaces/share/my_robot_interfaces/hook/ld_library_path_lib.dsv'
[1.063s] INFO:colcon.colcon_core.shell:Creating environment hook '/home/diaoko/ros2_ws/install/my_robot_interfaces/share/my_robot_interfaces/hook/ld_library_path_lib.sh'
[1.063s] Level 1:colcon.colcon_core.environment:checking '/home/diaoko/ros2_ws/install/my_robot_interfaces/bin'
[1.068s] Level 1:colcon.colcon_core.environment:checking '/home/diaoko/ros2_ws/install/my_robot_interfaces/lib/pkgconfig/my_robot_interfaces.pc'
[1.068s] Level 1:colcon.colcon_core.environment:checking '/home/diaoko/ros2_ws/install/my_robot_interfaces/lib/python3.12/site-packages'
[1.068s] Level 1:colcon.colcon_core.shell:create_environment_hook('my_robot_interfaces', 'pythonpath')
[1.069s] INFO:colcon.colcon_core.shell:Creating environment hook '/home/diaoko/ros2_ws/install/my_robot_interfaces/share/my_robot_interfaces/hook/pythonpath.ps1'
[1.070s] INFO:colcon.colcon_core.shell:Creating environment descriptor '/home/diaoko/ros2_ws/install/my_robot_interfaces/share/my_robot_interfaces/hook/pythonpath.dsv'
[1.070s] INFO:colcon.colcon_core.shell:Creating environment hook '/home/diaoko/ros2_ws/install/my_robot_interfaces/share/my_robot_interfaces/hook/pythonpath.sh'
[1.072s] Level 1:colcon.colcon_core.environment:checking '/home/diaoko/ros2_ws/install/my_robot_interfaces/bin'
[1.072s] INFO:colcon.colcon_core.shell:Creating package script '/home/diaoko/ros2_ws/install/my_robot_interfaces/share/my_robot_interfaces/package.ps1'
[1.073s] INFO:colcon.colcon_core.shell:Creating package descriptor '/home/diaoko/ros2_ws/install/my_robot_interfaces/share/my_robot_interfaces/package.dsv'
[1.074s] INFO:colcon.colcon_core.shell:Creating package script '/home/diaoko/ros2_ws/install/my_robot_interfaces/share/my_robot_interfaces/package.sh'
[1.075s] INFO:colcon.colcon_core.shell:Creating package script '/home/diaoko/ros2_ws/install/my_robot_interfaces/share/my_robot_interfaces/package.bash'
[1.076s] INFO:colcon.colcon_core.shell:Creating package script '/home/diaoko/ros2_ws/install/my_robot_interfaces/share/my_robot_interfaces/package.zsh'
[1.076s] Level 1:colcon.colcon_core.environment:create_file_with_runtime_dependencies(/home/diaoko/ros2_ws/install/my_robot_interfaces/share/colcon-core/packages/my_robot_interfaces)
[1.077s] Level 1:colcon.colcon_core.environment:create_environment_scripts_only(my_robot_interfaces)
[1.077s] Level 1:colcon.colcon_core.environment:checking '/home/diaoko/ros2_ws/install/my_robot_interfaces' for CMake module files
[1.078s] Level 1:colcon.colcon_core.environment:checking '/home/diaoko/ros2_ws/install/my_robot_interfaces' for CMake config files
[1.079s] Level 1:colcon.colcon_core.shell:create_environment_hook('my_robot_interfaces', 'cmake_prefix_path')
[1.079s] INFO:colcon.colcon_core.shell:Creating environment hook '/home/diaoko/ros2_ws/install/my_robot_interfaces/share/my_robot_interfaces/hook/cmake_prefix_path.ps1'
[1.080s] INFO:colcon.colcon_core.shell:Creating environment descriptor '/home/diaoko/ros2_ws/install/my_robot_interfaces/share/my_robot_interfaces/hook/cmake_prefix_path.dsv'
[1.080s] INFO:colcon.colcon_core.shell:Creating environment hook '/home/diaoko/ros2_ws/install/my_robot_interfaces/share/my_robot_interfaces/hook/cmake_prefix_path.sh'
[1.081s] Level 1:colcon.colcon_core.environment:checking '/home/diaoko/ros2_ws/install/my_robot_interfaces/lib'
[1.081s] Level 1:colcon.colcon_core.shell:create_environment_hook('my_robot_interfaces', 'ld_library_path_lib')
[1.081s] INFO:colcon.colcon_core.shell:Creating environment hook '/home/diaoko/ros2_ws/install/my_robot_interfaces/share/my_robot_interfaces/hook/ld_library_path_lib.ps1'
[1.082s] INFO:colcon.colcon_core.shell:Creating environment descriptor '/home/diaoko/ros2_ws/install/my_robot_interfaces/share/my_robot_interfaces/hook/ld_library_path_lib.dsv'
[1.082s] INFO:colcon.colcon_core.shell:Creating environment hook '/home/diaoko/ros2_ws/install/my_robot_interfaces/share/my_robot_interfaces/hook/ld_library_path_lib.sh'
[1.082s] Level 1:colcon.colcon_core.environment:checking '/home/diaoko/ros2_ws/install/my_robot_interfaces/bin'
[1.083s] Level 1:colcon.colcon_core.environment:checking '/home/diaoko/ros2_ws/install/my_robot_interfaces/lib/pkgconfig/my_robot_interfaces.pc'
[1.083s] Level 1:colcon.colcon_core.environment:checking '/home/diaoko/ros2_ws/install/my_robot_interfaces/lib/python3.12/site-packages'
[1.083s] Level 1:colcon.colcon_core.shell:create_environment_hook('my_robot_interfaces', 'pythonpath')
[1.083s] INFO:colcon.colcon_core.shell:Creating environment hook '/home/diaoko/ros2_ws/install/my_robot_interfaces/share/my_robot_interfaces/hook/pythonpath.ps1'
[1.083s] INFO:colcon.colcon_core.shell:Creating environment descriptor '/home/diaoko/ros2_ws/install/my_robot_interfaces/share/my_robot_interfaces/hook/pythonpath.dsv'
[1.084s] INFO:colcon.colcon_core.shell:Creating environment hook '/home/diaoko/ros2_ws/install/my_robot_interfaces/share/my_robot_interfaces/hook/pythonpath.sh'
[1.084s] Level 1:colcon.colcon_core.environment:checking '/home/diaoko/ros2_ws/install/my_robot_interfaces/bin'
[1.085s] INFO:colcon.colcon_core.shell:Creating package script '/home/diaoko/ros2_ws/install/my_robot_interfaces/share/my_robot_interfaces/package.ps1'
[1.085s] INFO:colcon.colcon_core.shell:Creating package descriptor '/home/diaoko/ros2_ws/install/my_robot_interfaces/share/my_robot_interfaces/package.dsv'
[1.086s] INFO:colcon.colcon_core.shell:Creating package script '/home/diaoko/ros2_ws/install/my_robot_interfaces/share/my_robot_interfaces/package.sh'
[1.086s] INFO:colcon.colcon_core.shell:Creating package script '/home/diaoko/ros2_ws/install/my_robot_interfaces/share/my_robot_interfaces/package.bash'
[1.087s] INFO:colcon.colcon_core.shell:Creating package script '/home/diaoko/ros2_ws/install/my_robot_interfaces/share/my_robot_interfaces/package.zsh'
[1.087s] Level 1:colcon.colcon_core.environment:create_file_with_runtime_dependencies(/home/diaoko/ros2_ws/install/my_robot_interfaces/share/colcon-core/packages/my_robot_interfaces)
[1.087s] INFO:colcon.colcon_ros.task.ament_cmake.build:Building ROS package in '/home/diaoko/ros2_ws/src/my_cpp_pkg' with build type 'ament_cmake'
[1.087s] INFO:colcon.colcon_cmake.task.cmake.build:Building CMake package in '/home/diaoko/ros2_ws/src/my_cpp_pkg'
[1.088s] INFO:colcon.colcon_core.shell:Skip shell extension 'powershell' for command environment: Not usable outside of PowerShell
[1.088s] DEBUG:colcon.colcon_core.shell:Skip shell extension 'dsv' for command environment
[1.100s] DEBUG:colcon.colcon_core.event_handler.log_command:Invoking command in '/home/diaoko/ros2_ws/build/my_cpp_pkg': AMENT_PREFIX_PATH=/home/diaoko/ros2_ws/install/my_robot_interfaces:${AMENT_PREFIX_PATH} CMAKE_PREFIX_PATH=/home/diaoko/ros2_ws/install/my_robot_interfaces:/opt/ros/jazzy/opt/gz_math_vendor:/opt/ros/jazzy/opt/gz_utils_vendor:/opt/ros/jazzy/opt/gz_cmake_vendor:/opt/ros/jazzy DEBUGINFOD_URLS=https://debuginfod.ubuntu.com LD_LIBRARY_PATH=/home/diaoko/ros2_ws/install/my_robot_interfaces/lib:${LD_LIBRARY_PATH} PYTHONPATH=/home/diaoko/ros2_ws/install/my_robot_interfaces/lib/python3.12/site-packages:${PYTHONPATH} /usr/bin/cmake --build /home/diaoko/ros2_ws/build/my_cpp_pkg -- -j12 -l12
[1.613s] DEBUG:colcon.colcon_core.event_handler.log_command:Invoking command in '/home/diaoko/ros2_ws/src/turtle_controller': DEBUGINFOD_URLS=https://debuginfod.ubuntu.com PYTHONPATH=/home/diaoko/ros2_ws/build/turtle_controller/prefix_override:/usr/lib/python3/dist-packages/colcon_core/task/python/colcon_distutils_commands:/home/diaoko/ros2_ws/install/turtle_controller/lib/python3.12/site-packages:${PYTHONPATH} /usr/bin/python3 -W ignore:setup.py install is deprecated -W ignore:easy_install command is deprecated setup.py egg_info --egg-base ../../build/turtle_controller build --build-base /home/diaoko/ros2_ws/build/turtle_controller/build install --record /home/diaoko/ros2_ws/build/turtle_controller/install.log --single-version-externally-managed install_data
[1.639s] DEBUG:colcon.colcon_core.event_handler.log_command:Invoking command in '/home/diaoko/ros2_ws/src/my_py_pkg': DEBUGINFOD_URLS=https://debuginfod.ubuntu.com PYTHONPATH=/home/diaoko/ros2_ws/build/my_py_pkg/prefix_override:/usr/lib/python3/dist-packages/colcon_core/task/python/colcon_distutils_commands:/home/diaoko/ros2_ws/install/my_py_pkg/lib/python3.12/site-packages:${PYTHONPATH} /usr/bin/python3 -W ignore:setup.py install is deprecated -W ignore:easy_install command is deprecated setup.py egg_info --egg-base ../../build/my_py_pkg build --build-base /home/diaoko/ros2_ws/build/my_py_pkg/build install --record /home/diaoko/ros2_ws/build/my_py_pkg/install.log --single-version-externally-managed install_data
[2.073s] Level 1:colcon.colcon_core.environment:create_environment_scripts_only(my_cpp_pkg)
[2.074s] Level 1:colcon.colcon_core.environment:checking '/home/diaoko/ros2_ws/install/my_cpp_pkg' for CMake module files
[2.074s] DEBUG:colcon.colcon_core.event_handler.log_command:Invoked command in '/home/diaoko/ros2_ws/build/my_cpp_pkg' returned '2': AMENT_PREFIX_PATH=/home/diaoko/ros2_ws/install/my_robot_interfaces:${AMENT_PREFIX_PATH} CMAKE_PREFIX_PATH=/home/diaoko/ros2_ws/install/my_robot_interfaces:/opt/ros/jazzy/opt/gz_math_vendor:/opt/ros/jazzy/opt/gz_utils_vendor:/opt/ros/jazzy/opt/gz_cmake_vendor:/opt/ros/jazzy DEBUGINFOD_URLS=https://debuginfod.ubuntu.com LD_LIBRARY_PATH=/home/diaoko/ros2_ws/install/my_robot_interfaces/lib:${LD_LIBRARY_PATH} PYTHONPATH=/home/diaoko/ros2_ws/install/my_robot_interfaces/lib/python3.12/site-packages:${PYTHONPATH} /usr/bin/cmake --build /home/diaoko/ros2_ws/build/my_cpp_pkg -- -j12 -l12
[2.075s] Level 1:colcon.colcon_core.environment:checking '/home/diaoko/ros2_ws/install/my_cpp_pkg' for CMake config files
[2.075s] Level 1:colcon.colcon_core.shell:create_environment_hook('my_cpp_pkg', 'cmake_prefix_path')
[2.075s] INFO:colcon.colcon_core.shell:Creating environment hook '/home/diaoko/ros2_ws/install/my_cpp_pkg/share/my_cpp_pkg/hook/cmake_prefix_path.ps1'
[2.076s] INFO:colcon.colcon_core.shell:Creating environment descriptor '/home/diaoko/ros2_ws/install/my_cpp_pkg/share/my_cpp_pkg/hook/cmake_prefix_path.dsv'
[2.076s] INFO:colcon.colcon_core.shell:Creating environment hook '/home/diaoko/ros2_ws/install/my_cpp_pkg/share/my_cpp_pkg/hook/cmake_prefix_path.sh'
[2.077s] Level 1:colcon.colcon_core.environment:checking '/home/diaoko/ros2_ws/install/my_cpp_pkg/lib'
[2.077s] Level 1:colcon.colcon_core.environment:checking '/home/diaoko/ros2_ws/install/my_cpp_pkg/bin'
[2.077s] Level 1:colcon.colcon_core.environment:checking '/home/diaoko/ros2_ws/install/my_cpp_pkg/lib/pkgconfig/my_cpp_pkg.pc'
[2.078s] Level 1:colcon.colcon_core.environment:checking '/home/diaoko/ros2_ws/install/my_cpp_pkg/lib/python3.12/site-packages'
[2.078s] Level 1:colcon.colcon_core.environment:checking '/home/diaoko/ros2_ws/install/my_cpp_pkg/bin'
[2.078s] INFO:colcon.colcon_core.shell:Creating package script '/home/diaoko/ros2_ws/install/my_cpp_pkg/share/my_cpp_pkg/package.ps1'
[2.079s] INFO:colcon.colcon_core.shell:Creating package descriptor '/home/diaoko/ros2_ws/install/my_cpp_pkg/share/my_cpp_pkg/package.dsv'
[2.080s] INFO:colcon.colcon_core.shell:Creating package script '/home/diaoko/ros2_ws/install/my_cpp_pkg/share/my_cpp_pkg/package.sh'
[2.081s] INFO:colcon.colcon_core.shell:Creating package script '/home/diaoko/ros2_ws/install/my_cpp_pkg/share/my_cpp_pkg/package.bash'
[2.082s] INFO:colcon.colcon_core.shell:Creating package script '/home/diaoko/ros2_ws/install/my_cpp_pkg/share/my_cpp_pkg/package.zsh'
[2.082s] Level 1:colcon.colcon_core.environment:create_file_with_runtime_dependencies(/home/diaoko/ros2_ws/install/my_cpp_pkg/share/colcon-core/packages/my_cpp_pkg)
[2.359s] DEBUG:colcon.colcon_parallel_executor.executor.parallel:closing loop
[2.360s] DEBUG:colcon.colcon_parallel_executor.executor.parallel:loop closed
[2.360s] DEBUG:colcon.colcon_parallel_executor.executor.parallel:run_until_complete finished with '2'
[2.360s] DEBUG:colcon.colcon_core.event_reactor:joining thread
[2.366s] INFO:colcon.colcon_core.plugin_system:Skipping extension 'colcon_notification.desktop_notification.terminal_notifier': Not used on non-Darwin systems
[2.366s] INFO:colcon.colcon_core.plugin_system:Skipping extension 'colcon_notification.desktop_notification.win32': Not used on non-Windows systems
[2.367s] INFO:colcon.colcon_notification.desktop_notification:Sending desktop notification using 'notify2'
[2.388s] DEBUG:colcon.colcon_core.event_reactor:joined thread
[2.388s] INFO:colcon.colcon_core.shell:Creating prefix script '/home/diaoko/ros2_ws/install/local_setup.ps1'
[2.390s] INFO:colcon.colcon_core.shell:Creating prefix util module '/home/diaoko/ros2_ws/install/_local_setup_util_ps1.py'
[2.392s] INFO:colcon.colcon_core.shell:Creating prefix chain script '/home/diaoko/ros2_ws/install/setup.ps1'
[2.393s] INFO:colcon.colcon_core.shell:Creating prefix script '/home/diaoko/ros2_ws/install/local_setup.sh'
[2.393s] INFO:colcon.colcon_core.shell:Creating prefix util module '/home/diaoko/ros2_ws/install/_local_setup_util_sh.py'
[2.394s] INFO:colcon.colcon_core.shell:Creating prefix chain script '/home/diaoko/ros2_ws/install/setup.sh'
[2.395s] INFO:colcon.colcon_core.shell:Creating prefix script '/home/diaoko/ros2_ws/install/local_setup.bash'
[2.395s] INFO:colcon.colcon_core.shell:Creating prefix chain script '/home/diaoko/ros2_ws/install/setup.bash'
[2.396s] INFO:colcon.colcon_core.shell:Creating prefix script '/home/diaoko/ros2_ws/install/local_setup.zsh'
[2.397s] INFO:colcon.colcon_core.shell:Creating prefix chain script '/home/diaoko/ros2_ws/install/setup.zsh'
