[0.978s] Invoking command in '/home/diaoko/ros2_ws/src/turtle_controller': DEBUGINFOD_URLS=https://debuginfod.ubuntu.com PYTHONPATH=/home/diaoko/ros2_ws/build/turtle_controller/prefix_override:/usr/lib/python3/dist-packages/colcon_core/task/python/colcon_distutils_commands:/home/diaoko/ros2_ws/install/turtle_controller/lib/python3.12/site-packages:${PYTHONPATH} /usr/bin/python3 -W ignore:setup.py install is deprecated -W ignore:easy_install command is deprecated setup.py egg_info --egg-base ../../build/turtle_controller build --build-base /home/diaoko/ros2_ws/build/turtle_controller/build install --record /home/diaoko/ros2_ws/build/turtle_controller/install.log --single-version-externally-managed install_data
[1.186s] running egg_info
[1.196s] writing ../../build/turtle_controller/turtle_controller.egg-info/PKG-INFO
[1.196s] writing dependency_links to ../../build/turtle_controller/turtle_controller.egg-info/dependency_links.txt
[1.197s] writing entry points to ../../build/turtle_controller/turtle_controller.egg-info/entry_points.txt
[1.197s] writing requirements to ../../build/turtle_controller/turtle_controller.egg-info/requires.txt
[1.197s] writing top-level names to ../../build/turtle_controller/turtle_controller.egg-info/top_level.txt
[1.219s] reading manifest file '../../build/turtle_controller/turtle_controller.egg-info/SOURCES.txt'
[1.219s] writing manifest file '../../build/turtle_controller/turtle_controller.egg-info/SOURCES.txt'
[1.219s] running build
[1.220s] running build_py
[1.220s] running install
[1.224s] running install_lib
[1.235s] running install_data
[1.235s] running install_egg_info
[1.247s] removing '/home/diaoko/ros2_ws/install/turtle_controller/lib/python3.12/site-packages/turtle_controller-0.0.0-py3.12.egg-info' (and everything under it)
[1.247s] Copying ../../build/turtle_controller/turtle_controller.egg-info to /home/diaoko/ros2_ws/install/turtle_controller/lib/python3.12/site-packages/turtle_controller-0.0.0-py3.12.egg-info
[1.247s] running install_scripts
[1.323s] Installing turtle_controller script to /home/diaoko/ros2_ws/install/turtle_controller/lib/turtle_controller
[1.323s] writing list of installed files to '/home/diaoko/ros2_ws/build/turtle_controller/install.log'
[1.344s] Invoked command in '/home/diaoko/ros2_ws/src/turtle_controller' returned '0': DEBUGINFOD_URLS=https://debuginfod.ubuntu.com PYTHONPATH=/home/diaoko/ros2_ws/build/turtle_controller/prefix_override:/usr/lib/python3/dist-packages/colcon_core/task/python/colcon_distutils_commands:/home/diaoko/ros2_ws/install/turtle_controller/lib/python3.12/site-packages:${PYTHONPATH} /usr/bin/python3 -W ignore:setup.py install is deprecated -W ignore:easy_install command is deprecated setup.py egg_info --egg-base ../../build/turtle_controller build --build-base /home/diaoko/ros2_ws/build/turtle_controller/build install --record /home/diaoko/ros2_ws/build/turtle_controller/install.log --single-version-externally-managed install_data
