[0.457s] Invoking command in '/home/diaoko/ros2_ws/src/my_py_pkg': DEBUGINFOD_URLS=https://debuginfod.ubuntu.com PYTHONPATH=/home/diaoko/ros2_ws/build/my_py_pkg/prefix_override:/usr/lib/python3/dist-packages/colcon_core/task/python/colcon_distutils_commands:/home/diaoko/ros2_ws/install/my_py_pkg/lib/python3.12/site-packages:${PYTHONPATH} /usr/bin/python3 -W ignore:setup.py install is deprecated -W ignore:easy_install command is deprecated setup.py egg_info --egg-base ../../build/my_py_pkg build --build-base /home/diaoko/ros2_ws/build/my_py_pkg/build install --record /home/diaoko/ros2_ws/build/my_py_pkg/install.log --single-version-externally-managed install_data
[0.606s] running egg_info
[0.615s] writing ../../build/my_py_pkg/my_py_pkg.egg-info/PKG-INFO
[0.615s] writing dependency_links to ../../build/my_py_pkg/my_py_pkg.egg-info/dependency_links.txt
[0.616s] writing entry points to ../../build/my_py_pkg/my_py_pkg.egg-info/entry_points.txt
[0.616s] writing requirements to ../../build/my_py_pkg/my_py_pkg.egg-info/requires.txt
[0.616s] writing top-level names to ../../build/my_py_pkg/my_py_pkg.egg-info/top_level.txt
[0.635s] reading manifest file '../../build/my_py_pkg/my_py_pkg.egg-info/SOURCES.txt'
[0.636s] writing manifest file '../../build/my_py_pkg/my_py_pkg.egg-info/SOURCES.txt'
[0.636s] running build
[0.636s] running build_py
[0.636s] copying my_py_pkg/number_publisher.py -> /home/diaoko/ros2_ws/build/my_py_pkg/build/lib/my_py_pkg
[0.636s] running install
[0.640s] running install_lib
[0.650s] copying /home/diaoko/ros2_ws/build/my_py_pkg/build/lib/my_py_pkg/number_publisher.py -> /home/diaoko/ros2_ws/install/my_py_pkg/lib/python3.12/site-packages/my_py_pkg
[0.650s] byte-compiling /home/diaoko/ros2_ws/install/my_py_pkg/lib/python3.12/site-packages/my_py_pkg/number_publisher.py to number_publisher.cpython-312.pyc
[0.650s] running install_data
[0.650s] copying package.xml -> /home/diaoko/ros2_ws/install/my_py_pkg/share/my_py_pkg
[0.650s] running install_egg_info
[0.661s] removing '/home/diaoko/ros2_ws/install/my_py_pkg/lib/python3.12/site-packages/my_py_pkg-0.0.0-py3.12.egg-info' (and everything under it)
[0.661s] Copying ../../build/my_py_pkg/my_py_pkg.egg-info to /home/diaoko/ros2_ws/install/my_py_pkg/lib/python3.12/site-packages/my_py_pkg-0.0.0-py3.12.egg-info
[0.661s] running install_scripts
[0.728s] Installing number_publisher script to /home/diaoko/ros2_ws/install/my_py_pkg/lib/my_py_pkg
[0.728s] Installing test_node script to /home/diaoko/ros2_ws/install/my_py_pkg/lib/my_py_pkg
[0.728s] writing list of installed files to '/home/diaoko/ros2_ws/build/my_py_pkg/install.log'
[0.747s] Invoked command in '/home/diaoko/ros2_ws/src/my_py_pkg' returned '0': DEBUGINFOD_URLS=https://debuginfod.ubuntu.com PYTHONPATH=/home/diaoko/ros2_ws/build/my_py_pkg/prefix_override:/usr/lib/python3/dist-packages/colcon_core/task/python/colcon_distutils_commands:/home/diaoko/ros2_ws/install/my_py_pkg/lib/python3.12/site-packages:${PYTHONPATH} /usr/bin/python3 -W ignore:setup.py install is deprecated -W ignore:easy_install command is deprecated setup.py egg_info --egg-base ../../build/my_py_pkg build --build-base /home/diaoko/ros2_ws/build/my_py_pkg/build install --record /home/diaoko/ros2_ws/build/my_py_pkg/install.log --single-version-externally-managed install_data
