[0.006s] Invoking command in '/home/diaoko/ros2_ws/build/my_cpp_pkg': AMENT_PREFIX_PATH=/home/diaoko/ros2_ws/install/my_robot_interfaces:${AMENT_PREFIX_PATH} CMAKE_PREFIX_PATH=/home/diaoko/ros2_ws/install/my_robot_interfaces:/opt/ros/jazzy/opt/gz_math_vendor:/opt/ros/jazzy/opt/gz_utils_vendor:/opt/ros/jazzy/opt/gz_cmake_vendor:/opt/ros/jazzy DEBUGINFOD_URLS=https://debuginfod.ubuntu.com LD_LIBRARY_PATH=/home/diaoko/ros2_ws/install/my_robot_interfaces/lib:${LD_LIBRARY_PATH} PYTHONPATH=/home/diaoko/ros2_ws/install/my_robot_interfaces/lib/python3.12/site-packages:${PYTHONPATH} /usr/bin/cmake --build /home/diaoko/ros2_ws/build/my_cpp_pkg -- -j12 -l12
[0.025s] -- Found ament_cmake: 2.5.3 (/opt/ros/jazzy/share/ament_cmake/cmake)
[0.216s] -- Found rclcpp: 28.1.6 (/opt/ros/jazzy/share/rclcpp/cmake)
[0.234s] -- Found rosidl_generator_c: 4.6.5 (/opt/ros/jazzy/share/rosidl_generator_c/cmake)
[0.240s] -- Found rosidl_generator_cpp: 4.6.5 (/opt/ros/jazzy/share/rosidl_generator_cpp/cmake)
[0.248s] -- Using all available rosidl_typesupport_c: rosidl_typesupport_fastrtps_c;rosidl_typesupport_introspection_c
[0.257s] -- Using all available rosidl_typesupport_cpp: rosidl_typesupport_fastrtps_cpp;rosidl_typesupport_introspection_cpp
[0.300s] -- Found rmw_implementation_cmake: 7.3.1 (/opt/ros/jazzy/share/rmw_implementation_cmake/cmake)
[0.301s] -- Found rmw_fastrtps_cpp: 8.4.1 (/opt/ros/jazzy/share/rmw_fastrtps_cpp/cmake)
[0.354s] -- Using RMW implementation 'rmw_fastrtps_cpp' as default
[0.431s] -- Found example_interfaces: 0.12.0 (/opt/ros/jazzy/share/example_interfaces/cmake)
[0.501s] -- Found my_robot_interfaces: 0.0.0 (/home/diaoko/ros2_ws/install/my_robot_interfaces/share/my_robot_interfaces/cmake)
[0.522s] -- Found ament_lint_auto: 0.17.1 (/opt/ros/jazzy/share/ament_lint_auto/cmake)
[0.619s] -- Added test 'cppcheck' to perform static code analysis on C / C++ code
[0.619s] -- Configured cppcheck include dirs: 
[0.619s] -- Configured cppcheck exclude dirs and/or files: 
[0.619s] -- Added test 'lint_cmake' to check CMake code style
[0.620s] -- Added test 'uncrustify' to check C / C++ code style
[0.620s] -- Configured uncrustify additional arguments: 
[0.620s] -- Added test 'xmllint' to check XML markup files
[0.621s] -- Configuring done (0.6s)
[0.644s] -- Generating done (0.0s)
[0.651s] -- Build files have been written to: /home/diaoko/ros2_ws/build/my_cpp_pkg
[0.684s] [ 12%] [32mBuilding CXX object CMakeFiles/reset_counter_client.dir/src/reset_counter_client.cpp.o[0m
[0.688s] [ 37%] Built target test_node
[0.694s] [ 75%] Built target number_publisher
[0.694s] [ 75%] [32mBuilding CXX object CMakeFiles/number_counter.dir/src/number_counter.cpp.o[0m
[0.979s] [01m[K/home/diaoko/ros2_ws/src/my_cpp_pkg/src/number_counter.cpp:3:10:[m[K [01;31m[Kfatal error: [m[Kmy_robot_interfaces/srv/reset_counter.hpp: No such file or directory
[0.979s]     3 | #include [01;31m[K"my_robot_interfaces/srv/reset_counter.hpp"[m[K
[0.979s]       |          [01;31m[K^~~~~~~~~~~~~~~~~~~~~~~~~~~~~~~~~~~~~~~~~~~[m[K
[0.979s] compilation terminated.
[0.981s] gmake[2]: *** [CMakeFiles/number_counter.dir/build.make:76: CMakeFiles/number_counter.dir/src/number_counter.cpp.o] Error 1
[0.981s] gmake[1]: *** [CMakeFiles/Makefile2:195: CMakeFiles/number_counter.dir/all] Error 2
[0.981s] gmake[1]: *** Waiting for unfinished jobs....
[3.020s] [ 87%] [32m[1mLinking CXX executable reset_counter_client[0m
[3.172s] [ 87%] Built target reset_counter_client
[3.173s] gmake: *** [Makefile:146: all] Error 2
[3.174s] Invoked command in '/home/diaoko/ros2_ws/build/my_cpp_pkg' returned '2': AMENT_PREFIX_PATH=/home/diaoko/ros2_ws/install/my_robot_interfaces:${AMENT_PREFIX_PATH} CMAKE_PREFIX_PATH=/home/diaoko/ros2_ws/install/my_robot_interfaces:/opt/ros/jazzy/opt/gz_math_vendor:/opt/ros/jazzy/opt/gz_utils_vendor:/opt/ros/jazzy/opt/gz_cmake_vendor:/opt/ros/jazzy DEBUGINFOD_URLS=https://debuginfod.ubuntu.com LD_LIBRARY_PATH=/home/diaoko/ros2_ws/install/my_robot_interfaces/lib:${LD_LIBRARY_PATH} PYTHONPATH=/home/diaoko/ros2_ws/install/my_robot_interfaces/lib/python3.12/site-packages:${PYTHONPATH} /usr/bin/cmake --build /home/diaoko/ros2_ws/build/my_cpp_pkg -- -j12 -l12
