[0.321s] Invoking command in '/home/diaoko/ros2_ws/build/turtle_controller_cpp': CMAKE_PREFIX_PATH=${CMAKE_PREFIX_PATH}:/opt/ros/jazzy DEBUGINFOD_URLS=https://debuginfod.ubuntu.com /usr/bin/cmake --build /home/diaoko/ros2_ws/build/turtle_controller_cpp -- -j12 -l12
[0.389s] [100%] Built target turtle_controller
[0.399s] Invoked command in '/home/diaoko/ros2_ws/build/turtle_controller_cpp' returned '0': CMAKE_PREFIX_PATH=${CMAKE_PREFIX_PATH}:/opt/ros/jazzy DEBUGINFOD_URLS=https://debuginfod.ubuntu.com /usr/bin/cmake --build /home/diaoko/ros2_ws/build/turtle_controller_cpp -- -j12 -l12
[0.400s] Invoking command in '/home/diaoko/ros2_ws/build/turtle_controller_cpp': CMAKE_PREFIX_PATH=${CMAKE_PREFIX_PATH}:/opt/ros/jazzy DEBUGINFOD_URLS=https://debuginfod.ubuntu.com /usr/bin/cmake --install /home/diaoko/ros2_ws/build/turtle_controller_cpp
[0.407s] -- Install configuration: ""
[0.408s] -- Up-to-date: /home/diaoko/ros2_ws/install/turtle_controller_cpp/lib/turtle_controller_cpp/turtle_controller
[0.408s] -- Up-to-date: /home/diaoko/ros2_ws/install/turtle_controller_cpp/share/ament_index/resource_index/package_run_dependencies/turtle_controller_cpp
[0.408s] -- Up-to-date: /home/diaoko/ros2_ws/install/turtle_controller_cpp/share/ament_index/resource_index/parent_prefix_path/turtle_controller_cpp
[0.408s] -- Up-to-date: /home/diaoko/ros2_ws/install/turtle_controller_cpp/share/turtle_controller_cpp/environment/ament_prefix_path.sh
[0.408s] -- Up-to-date: /home/diaoko/ros2_ws/install/turtle_controller_cpp/share/turtle_controller_cpp/environment/ament_prefix_path.dsv
[0.408s] -- Up-to-date: /home/diaoko/ros2_ws/install/turtle_controller_cpp/share/turtle_controller_cpp/environment/path.sh
[0.408s] -- Up-to-date: /home/diaoko/ros2_ws/install/turtle_controller_cpp/share/turtle_controller_cpp/environment/path.dsv
[0.408s] -- Up-to-date: /home/diaoko/ros2_ws/install/turtle_controller_cpp/share/turtle_controller_cpp/local_setup.bash
[0.408s] -- Up-to-date: /home/diaoko/ros2_ws/install/turtle_controller_cpp/share/turtle_controller_cpp/local_setup.sh
[0.408s] -- Up-to-date: /home/diaoko/ros2_ws/install/turtle_controller_cpp/share/turtle_controller_cpp/local_setup.zsh
[0.408s] -- Up-to-date: /home/diaoko/ros2_ws/install/turtle_controller_cpp/share/turtle_controller_cpp/local_setup.dsv
[0.409s] -- Installing: /home/diaoko/ros2_ws/install/turtle_controller_cpp/share/turtle_controller_cpp/package.dsv
[0.409s] -- Up-to-date: /home/diaoko/ros2_ws/install/turtle_controller_cpp/share/ament_index/resource_index/packages/turtle_controller_cpp
[0.409s] -- Up-to-date: /home/diaoko/ros2_ws/install/turtle_controller_cpp/share/turtle_controller_cpp/cmake/turtle_controller_cppConfig.cmake
[0.409s] -- Up-to-date: /home/diaoko/ros2_ws/install/turtle_controller_cpp/share/turtle_controller_cpp/cmake/turtle_controller_cppConfig-version.cmake
[0.409s] -- Up-to-date: /home/diaoko/ros2_ws/install/turtle_controller_cpp/share/turtle_controller_cpp/package.xml
[0.410s] Invoked command in '/home/diaoko/ros2_ws/build/turtle_controller_cpp' returned '0': CMAKE_PREFIX_PATH=${CMAKE_PREFIX_PATH}:/opt/ros/jazzy DEBUGINFOD_URLS=https://debuginfod.ubuntu.com /usr/bin/cmake --install /home/diaoko/ros2_ws/build/turtle_controller_cpp
