[ 25%] [32mBuilding CXX object CMakeFiles/number_publisher.dir/src/number_publisher.cpp.o[0m
[ 75%] Built target test_node
[01m[K/home/diaoko/ros2_ws/src/my_cpp_pkg/src/number_publisher.cpp:8:5:[m[K [01;31m[Kerror: [m[K‘[01m[Krclpcpp[m[K’ does not name a type
    8 |     [01;31m[Krclpcpp[m[K::Publisher<example_interface::msg::Int64>::sharedPtr number_publisher_;
      |     [01;31m[K^~~~~~~[m[K
[01m[K/home/diaoko/ros2_ws/src/my_cpp_pkg/src/number_publisher.cpp:12:5:[m[K [01;31m[Kerror: [m[K‘[01m[Knumber_publisher_[m[K’ does not name a type; did you mean ‘[01m[Krmw_publisher_t[m[K’?
   12 |     [01;31m[Knumber_publisher_[m[K = this->create_publisher<example_interface::msg::Int64>("number", 10);
      |     [01;31m[K^~~~~~~~~~~~~~~~~[m[K
      |     [32m[Krmw_publisher_t[m[K
[01m[K/home/diaoko/ros2_ws/src/my_cpp_pkg/src/number_publisher.cpp:13:5:[m[K [01;31m[Kerror: [m[K‘[01m[Knumber_timer_[m[K’ does not name a type
   13 |     [01;31m[Knumber_timer_[m[K = this->create_wall_timer(std::chrono::seconds(1), std::bind(&NumberPublisherNode::publishNumber, this));
      |     [01;31m[K^~~~~~~~~~~~~[m[K
In file included from [01m[K/opt/ros/jazzy/include/rclcpp/rclcpp/copy_all_parameter_values.hpp:27[m[K,
                 from [01m[K/opt/ros/jazzy/include/rclcpp/rclcpp/rclcpp.hpp:171[m[K,
                 from [01m[K/home/diaoko/ros2_ws/src/my_cpp_pkg/src/number_publisher.cpp:1[m[K:
[01m[K/home/diaoko/ros2_ws/src/my_cpp_pkg/src/number_publisher.cpp:14:5:[m[K [01;31m[Kerror: [m[Kexpected unqualified-id before ‘[01m[Kdo[m[K’
   14 |     [01;31m[KRCLCPP_INFO[m[K(this->get_logger(), "Number Publishing has been started.");
      |     [01;31m[K^~~~~~~~~~~[m[K
[01m[K/home/diaoko/ros2_ws/src/my_cpp_pkg/src/number_publisher.cpp:14:5:[m[K [01;31m[Kerror: [m[Kexpected unqualified-id before ‘[01m[Kwhile[m[K’
   14 |     [01;31m[KRCLCPP_INFO[m[K(this->get_logger(), "Number Publishing has been started.");
      |     [01;31m[K^~~~~~~~~~~[m[K
[01m[K/home/diaoko/ros2_ws/src/my_cpp_pkg/src/number_publisher.cpp:[m[K In member function ‘[01m[Kvoid MyCustomNode::[01;32m[KpublishNumber[m[K()[m[K’:
[01m[K/home/diaoko/ros2_ws/src/my_cpp_pkg/src/number_publisher.cpp:18:20:[m[K [01;31m[Kerror: [m[K‘[01m[Knumber_[m[K’ was not declared in this scope
   18 |         msg.data = [01;31m[Knumber_[m[K;
      |                    [01;31m[K^~~~~~~[m[K
[01m[K/home/diaoko/ros2_ws/src/my_cpp_pkg/src/number_publisher.cpp:19:9:[m[K [01;31m[Kerror: [m[K‘[01m[Knumber_publisher_[m[K’ was not declared in this scope; did you mean ‘[01m[Krmw_publisher_t[m[K’?
   19 |         [01;31m[Knumber_publisher_[m[K->publish(msg);
      |         [01;31m[K^~~~~~~~~~~~~~~~~[m[K
      |         [32m[Krmw_publisher_t[m[K
In file included from [01m[K/usr/include/c++/13/bits/stl_tempbuf.h:61[m[K,
                 from [01m[K/usr/include/c++/13/memory:66[m[K,
                 from [01m[K/opt/ros/jazzy/include/rclcpp/rclcpp/rclcpp.hpp:169[m[K:
/usr/include/c++/13/bits/stl_construct.h: In instantiation of ‘[01m[Kvoid std::[01;32m[K_Construct[m[K(_Tp*, _Args&& ...) [35m[K[with _Tp = MyCustomNode; _Args = {}][m[K[m[K’:
[01m[K/usr/include/c++/13/bits/alloc_traits.h:661:19:[m[K   required from ‘[01m[Kstatic void std::allocator_traits<std::allocator<void> >::[01;32m[Kconstruct[m[K(allocator_type&, _Up*, _Args&& ...) [35m[K[with _Up = MyCustomNode; _Args = {}; allocator_type = std::allocator<void>][m[K[m[K’
[01m[K/usr/include/c++/13/bits/shared_ptr_base.h:604:39:[m[K   required from ‘[01m[Kstd::_Sp_counted_ptr_inplace<_Tp, _Alloc, _Lp>::[01;32m[K_Sp_counted_ptr_inplace[m[K(_Alloc, _Args&& ...) [35m[K[with _Args = {}; _Tp = MyCustomNode; _Alloc = std::allocator<void>; __gnu_cxx::_Lock_policy _Lp = __gnu_cxx::_S_atomic][m[K[m[K’
[01m[K/usr/include/c++/13/bits/shared_ptr_base.h:971:16:[m[K   required from ‘[01m[Kstd::__shared_count<_Lp>::[01;32m[K__shared_count[m[K(_Tp*&, std::_Sp_alloc_shared_tag<_Alloc>, _Args&& ...) [35m[K[with _Tp = MyCustomNode; _Alloc = std::allocator<void>; _Args = {}; __gnu_cxx::_Lock_policy _Lp = __gnu_cxx::_S_atomic][m[K[m[K’
[01m[K/usr/include/c++/13/bits/shared_ptr_base.h:1712:14:[m[K   required from ‘[01m[Kstd::__shared_ptr<_Tp, _Lp>::[01;32m[K__shared_ptr[m[K(std::_Sp_alloc_shared_tag<_Tp>, _Args&& ...) [35m[K[with _Alloc = std::allocator<void>; _Args = {}; _Tp = MyCustomNode; __gnu_cxx::_Lock_policy _Lp = __gnu_cxx::_S_atomic][m[K[m[K’
[01m[K/usr/include/c++/13/bits/shared_ptr.h:464:59:[m[K   required from ‘[01m[Kstd::shared_ptr<_Tp>::[01;32m[Kshared_ptr[m[K(std::_Sp_alloc_shared_tag<_Tp>, _Args&& ...) [35m[K[with _Alloc = std::allocator<void>; _Args = {}; _Tp = MyCustomNode][m[K[m[K’
[01m[K/usr/include/c++/13/bits/shared_ptr.h:1009:14:[m[K   required from ‘[01m[Kstd::shared_ptr<typename std::enable_if<(! std::is_array< <template-parameter-1-1> >::value), _Tp>::type> std::[01;32m[Kmake_shared[m[K(_Args&& ...) [35m[K[with _Tp = MyCustomNode; _Args = {}; typename enable_if<(! is_array< <template-parameter-1-1> >::value), _Tp>::type = MyCustomNode][m[K[m[K’
[01m[K/home/diaoko/ros2_ws/src/my_cpp_pkg/src/number_publisher.cpp:27:47:[m[K   required from here
[01m[K/usr/include/c++/13/bits/stl_construct.h:119:7:[m[K [01;31m[Kerror: [m[Kuse of deleted function ‘[01m[KMyCustomNode::[01;32m[KMyCustomNode[m[K()[m[K’
  119 |       [01;31m[K::new((void*)__p) _Tp(std::forward<_Args>(__args)...)[m[K;
      |       [01;31m[K^~~~~~~~~~~~~~~~~~~~~~~~~~~~~~~~~~~~~~~~~~~~~~~~~~~~~[m[K
[01m[K/home/diaoko/ros2_ws/src/my_cpp_pkg/src/number_publisher.cpp:4:7:[m[K [01;36m[Knote: [m[K‘[01m[KMyCustomNode::[01;32m[KMyCustomNode[m[K()[m[K’ is implicitly deleted because the default definition would be ill-formed:
    4 | class [01;36m[KMyCustomNode[m[K : public rclcpp::Node
      |       [01;36m[K^~~~~~~~~~~~[m[K
[01m[K/home/diaoko/ros2_ws/src/my_cpp_pkg/src/number_publisher.cpp:4:7:[m[K [01;31m[Kerror: [m[Kno matching function for call to ‘[01m[Krclcpp::Node::Node()[m[K’
In file included from [01m[K/opt/ros/jazzy/include/rclcpp/rclcpp/executors/single_threaded_executor.hpp:28[m[K,
                 from [01m[K/opt/ros/jazzy/include/rclcpp/rclcpp/executors.hpp:22[m[K,
                 from [01m[K/opt/ros/jazzy/include/rclcpp/rclcpp/rclcpp.hpp:172[m[K:
[01m[K/opt/ros/jazzy/include/rclcpp/rclcpp/node.hpp:1629:3:[m[K [01;36m[Knote: [m[Kcandidate: ‘[01m[Krclcpp::Node::[01;32m[KNode[m[K(const rclcpp::Node&, const std::string&)[m[K’
 1629 |   [01;36m[KNode[m[K(
      |   [01;36m[K^~~~[m[K
[01m[K/opt/ros/jazzy/include/rclcpp/rclcpp/node.hpp:1629:3:[m[K [01;36m[Knote: [m[K  candidate expects 2 arguments, 0 provided
[01m[K/opt/ros/jazzy/include/rclcpp/rclcpp/node.hpp:103:12:[m[K [01;36m[Knote: [m[Kcandidate: ‘[01m[Krclcpp::Node::[01;32m[KNode[m[K(const std::string&, const std::string&, const rclcpp::NodeOptions&)[m[K’
  103 |   explicit [01;36m[KNode[m[K(
      |            [01;36m[K^~~~[m[K
[01m[K/opt/ros/jazzy/include/rclcpp/rclcpp/node.hpp:103:12:[m[K [01;36m[Knote: [m[K  candidate expects 3 arguments, 0 provided
[01m[K/opt/ros/jazzy/include/rclcpp/rclcpp/node.hpp:91:12:[m[K [01;36m[Knote: [m[Kcandidate: ‘[01m[Krclcpp::Node::[01;32m[KNode[m[K(const std::string&, const rclcpp::NodeOptions&)[m[K’
   91 |   explicit [01;36m[KNode[m[K(
      |            [01;36m[K^~~~[m[K
[01m[K/opt/ros/jazzy/include/rclcpp/rclcpp/node.hpp:91:12:[m[K [01;36m[Knote: [m[K  candidate expects 2 arguments, 0 provided
gmake[2]: *** [CMakeFiles/number_publisher.dir/build.make:76: CMakeFiles/number_publisher.dir/src/number_publisher.cpp.o] Error 1
gmake[1]: *** [CMakeFiles/Makefile2:165: CMakeFiles/number_publisher.dir/all] Error 2
gmake: *** [Makefile:146: all] Error 2
