[1.491s] Invoking command in '/home/diaoko/ros2_ws/src/turtle_controller': DEBUGINFOD_URLS=https://debuginfod.ubuntu.com PYTHONPATH=/home/diaoko/ros2_ws/build/turtle_controller/prefix_override:/usr/lib/python3/dist-packages/colcon_core/task/python/colcon_distutils_commands:/home/diaoko/ros2_ws/install/turtle_controller/lib/python3.12/site-packages:${PYTHONPATH} /usr/bin/python3 -W ignore:setup.py install is deprecated -W ignore:easy_install command is deprecated setup.py egg_info --egg-base ../../build/turtle_controller build --build-base /home/diaoko/ros2_ws/build/turtle_controller/build install --record /home/diaoko/ros2_ws/build/turtle_controller/install.log --single-version-externally-managed install_data
[1.948s] running egg_info
[1.948s] creating ../../build/turtle_controller/turtle_controller.egg-info
[1.984s] writing ../../build/turtle_controller/turtle_controller.egg-info/PKG-INFO
[1.984s] writing dependency_links to ../../build/turtle_controller/turtle_controller.egg-info/dependency_links.txt
[1.984s] writing entry points to ../../build/turtle_controller/turtle_controller.egg-info/entry_points.txt
[1.985s] writing requirements to ../../build/turtle_controller/turtle_controller.egg-info/requires.txt
[1.985s] writing top-level names to ../../build/turtle_controller/turtle_controller.egg-info/top_level.txt
[1.985s] writing manifest file '../../build/turtle_controller/turtle_controller.egg-info/SOURCES.txt'
[2.064s] reading manifest file '../../build/turtle_controller/turtle_controller.egg-info/SOURCES.txt'
[2.064s] writing manifest file '../../build/turtle_controller/turtle_controller.egg-info/SOURCES.txt'
[2.065s] running build
[2.065s] running build_py
[2.065s] creating /home/diaoko/ros2_ws/build/turtle_controller/build
[2.065s] creating /home/diaoko/ros2_ws/build/turtle_controller/build/lib
[2.066s] creating /home/diaoko/ros2_ws/build/turtle_controller/build/lib/turtle_controller
[2.066s] copying turtle_controller/__init__.py -> /home/diaoko/ros2_ws/build/turtle_controller/build/lib/turtle_controller
[2.067s] copying turtle_controller/turtle_controller.py -> /home/diaoko/ros2_ws/build/turtle_controller/build/lib/turtle_controller
[2.067s] running install
[2.078s] running install_lib
[2.121s] creating /home/diaoko/ros2_ws/install/turtle_controller/lib/python3.12/site-packages/turtle_controller
[2.121s] copying /home/diaoko/ros2_ws/build/turtle_controller/build/lib/turtle_controller/__init__.py -> /home/diaoko/ros2_ws/install/turtle_controller/lib/python3.12/site-packages/turtle_controller
[2.122s] copying /home/diaoko/ros2_ws/build/turtle_controller/build/lib/turtle_controller/turtle_controller.py -> /home/diaoko/ros2_ws/install/turtle_controller/lib/python3.12/site-packages/turtle_controller
[2.123s] byte-compiling /home/diaoko/ros2_ws/install/turtle_controller/lib/python3.12/site-packages/turtle_controller/__init__.py to __init__.cpython-312.pyc
[2.123s] byte-compiling /home/diaoko/ros2_ws/install/turtle_controller/lib/python3.12/site-packages/turtle_controller/turtle_controller.py to turtle_controller.cpython-312.pyc
[2.124s] running install_data
[2.125s] creating /home/diaoko/ros2_ws/install/turtle_controller/share/ament_index
[2.125s] creating /home/diaoko/ros2_ws/install/turtle_controller/share/ament_index/resource_index
[2.125s] creating /home/diaoko/ros2_ws/install/turtle_controller/share/ament_index/resource_index/packages
[2.125s] copying resource/turtle_controller -> /home/diaoko/ros2_ws/install/turtle_controller/share/ament_index/resource_index/packages
[2.125s] copying package.xml -> /home/diaoko/ros2_ws/install/turtle_controller/share/turtle_controller
[2.126s] running install_egg_info
[2.161s] Copying ../../build/turtle_controller/turtle_controller.egg-info to /home/diaoko/ros2_ws/install/turtle_controller/lib/python3.12/site-packages/turtle_controller-0.0.0-py3.12.egg-info
[2.162s] running install_scripts
[2.400s] Installing turtle_controller script to /home/diaoko/ros2_ws/install/turtle_controller/lib/turtle_controller
[2.400s] writing list of installed files to '/home/diaoko/ros2_ws/build/turtle_controller/install.log'
[2.452s] Invoked command in '/home/diaoko/ros2_ws/src/turtle_controller' returned '0': DEBUGINFOD_URLS=https://debuginfod.ubuntu.com PYTHONPATH=/home/diaoko/ros2_ws/build/turtle_controller/prefix_override:/usr/lib/python3/dist-packages/colcon_core/task/python/colcon_distutils_commands:/home/diaoko/ros2_ws/install/turtle_controller/lib/python3.12/site-packages:${PYTHONPATH} /usr/bin/python3 -W ignore:setup.py install is deprecated -W ignore:easy_install command is deprecated setup.py egg_info --egg-base ../../build/turtle_controller build --build-base /home/diaoko/ros2_ws/build/turtle_controller/build install --record /home/diaoko/ros2_ws/build/turtle_controller/install.log --single-version-externally-managed install_data
