[0.028s] Invoking command in '/home/diaoko/ros2_ws/build/my_robot_interfaces': CMAKE_PREFIX_PATH=${CMAKE_PREFIX_PATH}:/home/diaoko/ros2_ws/install/turtle_controller:/home/diaoko/ros2_ws/install/my_py_pkg:/opt/ros/jazzy DEBUGINFOD_URLS=https://debuginfod.ubuntu.com /usr/bin/cmake --build /home/diaoko/ros2_ws/build/my_robot_interfaces -- -j12 -l12
[0.594s] [  2%] Built target my_robot_interfaces__rosidl_generator_type_description
[0.594s] [  2%] Built target ament_cmake_python_copy_my_robot_interfaces
[0.595s] [  4%] Built target my_robot_interfaces__cpp
[0.595s] [ 22%] Built target my_robot_interfaces__rosidl_generator_c
[0.595s] [ 31%] Built target my_robot_interfaces__rosidl_typesupport_c
[0.595s] [ 40%] Built target my_robot_interfaces__rosidl_typesupport_cpp
[0.595s] [ 50%] Built target my_robot_interfaces__rosidl_typesupport_introspection_c
[0.595s] [ 59%] Built target my_robot_interfaces__rosidl_typesupport_fastrtps_c
[0.595s] [ 77%] Built target my_robot_interfaces__rosidl_typesupport_introspection_cpp
[0.595s] [ 77%] Built target my_robot_interfaces__rosidl_typesupport_fastrtps_cpp
[0.596s] [ 77%] Built target my_robot_interfaces
[0.596s] [ 79%] Built target my_robot_interfaces__py
[0.596s] [ 86%] Built target my_robot_interfaces__rosidl_generator_py
[0.596s] [ 90%] Built target my_robot_interfaces_s__rosidl_typesupport_introspection_c
[0.596s] [ 97%] Built target my_robot_interfaces_s__rosidl_typesupport_c
[0.596s] [100%] Built target my_robot_interfaces_s__rosidl_typesupport_fastrtps_c
[0.596s] running egg_info
[0.596s] writing my_robot_interfaces.egg-info/PKG-INFO
[0.597s] writing dependency_links to my_robot_interfaces.egg-info/dependency_links.txt
[0.597s] writing top-level names to my_robot_interfaces.egg-info/top_level.txt
[0.597s] reading manifest file 'my_robot_interfaces.egg-info/SOURCES.txt'
[0.597s] writing manifest file 'my_robot_interfaces.egg-info/SOURCES.txt'
[0.597s] [100%] Built target ament_cmake_python_build_my_robot_interfaces_egg
