[0.060s] DEBUG:colcon:Command line arguments: ['/usr/bin/colcon', 'build']
[0.060s] DEBUG:colcon:Parsed command line arguments: Namespace(log_base=None, log_level=None, verb_name='build', build_base='build', install_base='install', merge_install=False, symlink_install=False, test_result_base=None, continue_on_error=False, executor='parallel', parallel_workers=12, event_handlers=None, ignore_user_meta=False, metas=['./colcon.meta'], base_paths=['.'], packages_ignore=None, packages_ignore_regex=None, paths=None, packages_up_to=None, packages_up_to_regex=None, packages_above=None, packages_above_and_dependencies=None, packages_above_depth=None, packages_select_by_dep=None, packages_skip_by_dep=None, packages_skip_up_to=None, packages_select_build_failed=False, packages_skip_build_finished=False, packages_select_test_failures=False, packages_skip_test_passed=False, packages_select=None, packages_skip=None, packages_select_regex=None, packages_skip_regex=None, packages_start=None, packages_end=None, allow_overriding=[], cmake_args=None, cmake_target=None, cmake_target_skip_unavailable=False, cmake_clean_cache=False, cmake_clean_first=False, cmake_force_configure=False, ament_cmake_args=None, catkin_cmake_args=None, catkin_skip_building_tests=False, mixin_files=None, mixin=None, verb_parser=<colcon_mixin.mixin.mixin_argument.MixinArgumentDecorator object at 0x76edb9d7b800>, verb_extension=<colcon_core.verb.build.BuildVerb object at 0x76edb9d7b4a0>, main=<bound method BuildVerb.main of <colcon_core.verb.build.BuildVerb object at 0x76edb9d7b4a0>>, mixin_verb=('build',))
[0.082s] Level 1:colcon.colcon_core.package_discovery:discover_packages(colcon_meta) check parameters
[0.083s] Level 1:colcon.colcon_core.package_discovery:discover_packages(recursive) check parameters
[0.083s] Level 1:colcon.colcon_core.package_discovery:discover_packages(ignore) check parameters
[0.083s] Level 1:colcon.colcon_core.package_discovery:discover_packages(path) check parameters
[0.083s] Level 1:colcon.colcon_core.package_discovery:discover_packages(colcon_meta) discover
[0.083s] Level 1:colcon.colcon_core.package_discovery:discover_packages(recursive) discover
[0.083s] INFO:colcon.colcon_core.package_discovery:Crawling recursively for packages in '/home/diaoko/ros2_ws'
[0.083s] Level 1:colcon.colcon_core.package_identification:_identify(.) by extensions ['ignore', 'ignore_ament_install']
[0.083s] Level 1:colcon.colcon_core.package_identification:_identify(.) by extension 'ignore'
[0.083s] Level 1:colcon.colcon_core.package_identification:_identify(.) by extension 'ignore_ament_install'
[0.083s] Level 1:colcon.colcon_core.package_identification:_identify(.) by extensions ['colcon_pkg']
[0.083s] Level 1:colcon.colcon_core.package_identification:_identify(.) by extension 'colcon_pkg'
[0.083s] Level 1:colcon.colcon_core.package_identification:_identify(.) by extensions ['colcon_meta']
[0.083s] Level 1:colcon.colcon_core.package_identification:_identify(.) by extension 'colcon_meta'
[0.083s] Level 1:colcon.colcon_core.package_identification:_identify(.) by extensions ['ros']
[0.083s] Level 1:colcon.colcon_core.package_identification:_identify(.) by extension 'ros'
[0.099s] Level 1:colcon.colcon_core.package_identification:_identify(.) by extensions ['cmake', 'python']
[0.099s] Level 1:colcon.colcon_core.package_identification:_identify(.) by extension 'cmake'
[0.099s] Level 1:colcon.colcon_core.package_identification:_identify(.) by extension 'python'
[0.099s] Level 1:colcon.colcon_core.package_identification:_identify(.) by extensions ['python_setup_py']
[0.099s] Level 1:colcon.colcon_core.package_identification:_identify(.) by extension 'python_setup_py'
[0.099s] Level 1:colcon.colcon_core.package_identification:_identify(build) by extensions ['ignore', 'ignore_ament_install']
[0.099s] Level 1:colcon.colcon_core.package_identification:_identify(build) by extension 'ignore'
[0.099s] Level 1:colcon.colcon_core.package_identification:_identify(build) ignored
[0.100s] Level 1:colcon.colcon_core.package_identification:_identify(install) by extensions ['ignore', 'ignore_ament_install']
[0.100s] Level 1:colcon.colcon_core.package_identification:_identify(install) by extension 'ignore'
[0.100s] Level 1:colcon.colcon_core.package_identification:_identify(install) ignored
[0.100s] Level 1:colcon.colcon_core.package_identification:_identify(log) by extensions ['ignore', 'ignore_ament_install']
[0.100s] Level 1:colcon.colcon_core.package_identification:_identify(log) by extension 'ignore'
[0.100s] Level 1:colcon.colcon_core.package_identification:_identify(log) ignored
[0.100s] Level 1:colcon.colcon_core.package_identification:_identify(src) by extensions ['ignore', 'ignore_ament_install']
[0.100s] Level 1:colcon.colcon_core.package_identification:_identify(src) by extension 'ignore'
[0.100s] Level 1:colcon.colcon_core.package_identification:_identify(src) by extension 'ignore_ament_install'
[0.100s] Level 1:colcon.colcon_core.package_identification:_identify(src) by extensions ['colcon_pkg']
[0.100s] Level 1:colcon.colcon_core.package_identification:_identify(src) by extension 'colcon_pkg'
[0.100s] Level 1:colcon.colcon_core.package_identification:_identify(src) by extensions ['colcon_meta']
[0.100s] Level 1:colcon.colcon_core.package_identification:_identify(src) by extension 'colcon_meta'
[0.100s] Level 1:colcon.colcon_core.package_identification:_identify(src) by extensions ['ros']
[0.100s] Level 1:colcon.colcon_core.package_identification:_identify(src) by extension 'ros'
[0.100s] Level 1:colcon.colcon_core.package_identification:_identify(src) by extensions ['cmake', 'python']
[0.100s] Level 1:colcon.colcon_core.package_identification:_identify(src) by extension 'cmake'
[0.100s] Level 1:colcon.colcon_core.package_identification:_identify(src) by extension 'python'
[0.100s] Level 1:colcon.colcon_core.package_identification:_identify(src) by extensions ['python_setup_py']
[0.100s] Level 1:colcon.colcon_core.package_identification:_identify(src) by extension 'python_setup_py'
[0.100s] Level 1:colcon.colcon_core.package_identification:_identify(src/my_cpp_pkg) by extensions ['ignore', 'ignore_ament_install']
[0.100s] Level 1:colcon.colcon_core.package_identification:_identify(src/my_cpp_pkg) by extension 'ignore'
[0.100s] Level 1:colcon.colcon_core.package_identification:_identify(src/my_cpp_pkg) by extension 'ignore_ament_install'
[0.100s] Level 1:colcon.colcon_core.package_identification:_identify(src/my_cpp_pkg) by extensions ['colcon_pkg']
[0.100s] Level 1:colcon.colcon_core.package_identification:_identify(src/my_cpp_pkg) by extension 'colcon_pkg'
[0.100s] Level 1:colcon.colcon_core.package_identification:_identify(src/my_cpp_pkg) by extensions ['colcon_meta']
[0.100s] Level 1:colcon.colcon_core.package_identification:_identify(src/my_cpp_pkg) by extension 'colcon_meta'
[0.100s] Level 1:colcon.colcon_core.package_identification:_identify(src/my_cpp_pkg) by extensions ['ros']
[0.100s] Level 1:colcon.colcon_core.package_identification:_identify(src/my_cpp_pkg) by extension 'ros'
[0.102s] DEBUG:colcon.colcon_core.package_identification:Package 'src/my_cpp_pkg' with type 'ros.ament_cmake' and name 'my_cpp_pkg'
[0.102s] Level 1:colcon.colcon_core.package_identification:_identify(src/my_py_pkg) by extensions ['ignore', 'ignore_ament_install']
[0.102s] Level 1:colcon.colcon_core.package_identification:_identify(src/my_py_pkg) by extension 'ignore'
[0.102s] Level 1:colcon.colcon_core.package_identification:_identify(src/my_py_pkg) by extension 'ignore_ament_install'
[0.102s] Level 1:colcon.colcon_core.package_identification:_identify(src/my_py_pkg) by extensions ['colcon_pkg']
[0.102s] Level 1:colcon.colcon_core.package_identification:_identify(src/my_py_pkg) by extension 'colcon_pkg'
[0.102s] Level 1:colcon.colcon_core.package_identification:_identify(src/my_py_pkg) by extensions ['colcon_meta']
[0.102s] Level 1:colcon.colcon_core.package_identification:_identify(src/my_py_pkg) by extension 'colcon_meta'
[0.102s] Level 1:colcon.colcon_core.package_identification:_identify(src/my_py_pkg) by extensions ['ros']
[0.102s] Level 1:colcon.colcon_core.package_identification:_identify(src/my_py_pkg) by extension 'ros'
[0.102s] DEBUG:colcon.colcon_core.package_identification:Package 'src/my_py_pkg' with type 'ros.ament_python' and name 'my_py_pkg'
[0.102s] Level 1:colcon.colcon_core.package_identification:_identify(src/my_robot_interfaces) by extensions ['ignore', 'ignore_ament_install']
[0.102s] Level 1:colcon.colcon_core.package_identification:_identify(src/my_robot_interfaces) by extension 'ignore'
[0.103s] Level 1:colcon.colcon_core.package_identification:_identify(src/my_robot_interfaces) by extension 'ignore_ament_install'
[0.103s] Level 1:colcon.colcon_core.package_identification:_identify(src/my_robot_interfaces) by extensions ['colcon_pkg']
[0.103s] Level 1:colcon.colcon_core.package_identification:_identify(src/my_robot_interfaces) by extension 'colcon_pkg'
[0.103s] Level 1:colcon.colcon_core.package_identification:_identify(src/my_robot_interfaces) by extensions ['colcon_meta']
[0.103s] Level 1:colcon.colcon_core.package_identification:_identify(src/my_robot_interfaces) by extension 'colcon_meta'
[0.103s] Level 1:colcon.colcon_core.package_identification:_identify(src/my_robot_interfaces) by extensions ['ros']
[0.103s] Level 1:colcon.colcon_core.package_identification:_identify(src/my_robot_interfaces) by extension 'ros'
[0.103s] DEBUG:colcon.colcon_core.package_identification:Package 'src/my_robot_interfaces' with type 'ros.ament_cmake' and name 'my_robot_interfaces'
[0.103s] Level 1:colcon.colcon_core.package_identification:_identify(src/turtle_controller) by extensions ['ignore', 'ignore_ament_install']
[0.103s] Level 1:colcon.colcon_core.package_identification:_identify(src/turtle_controller) by extension 'ignore'
[0.103s] Level 1:colcon.colcon_core.package_identification:_identify(src/turtle_controller) by extension 'ignore_ament_install'
[0.103s] Level 1:colcon.colcon_core.package_identification:_identify(src/turtle_controller) by extensions ['colcon_pkg']
[0.103s] Level 1:colcon.colcon_core.package_identification:_identify(src/turtle_controller) by extension 'colcon_pkg'
[0.103s] Level 1:colcon.colcon_core.package_identification:_identify(src/turtle_controller) by extensions ['colcon_meta']
[0.103s] Level 1:colcon.colcon_core.package_identification:_identify(src/turtle_controller) by extension 'colcon_meta'
[0.103s] Level 1:colcon.colcon_core.package_identification:_identify(src/turtle_controller) by extensions ['ros']
[0.103s] Level 1:colcon.colcon_core.package_identification:_identify(src/turtle_controller) by extension 'ros'
[0.103s] DEBUG:colcon.colcon_core.package_identification:Package 'src/turtle_controller' with type 'ros.ament_python' and name 'turtle_controller'
[0.104s] Level 1:colcon.colcon_core.package_identification:_identify(src/turtle_controller_cpp) by extensions ['ignore', 'ignore_ament_install']
[0.104s] Level 1:colcon.colcon_core.package_identification:_identify(src/turtle_controller_cpp) by extension 'ignore'
[0.104s] Level 1:colcon.colcon_core.package_identification:_identify(src/turtle_controller_cpp) by extension 'ignore_ament_install'
[0.104s] Level 1:colcon.colcon_core.package_identification:_identify(src/turtle_controller_cpp) by extensions ['colcon_pkg']
[0.104s] Level 1:colcon.colcon_core.package_identification:_identify(src/turtle_controller_cpp) by extension 'colcon_pkg'
[0.104s] Level 1:colcon.colcon_core.package_identification:_identify(src/turtle_controller_cpp) by extensions ['colcon_meta']
[0.104s] Level 1:colcon.colcon_core.package_identification:_identify(src/turtle_controller_cpp) by extension 'colcon_meta'
[0.104s] Level 1:colcon.colcon_core.package_identification:_identify(src/turtle_controller_cpp) by extensions ['ros']
[0.104s] Level 1:colcon.colcon_core.package_identification:_identify(src/turtle_controller_cpp) by extension 'ros'
[0.104s] DEBUG:colcon.colcon_core.package_identification:Package 'src/turtle_controller_cpp' with type 'ros.ament_cmake' and name 'turtle_controller_cpp'
[0.104s] Level 1:colcon.colcon_core.package_discovery:discover_packages(recursive) using defaults
[0.104s] Level 1:colcon.colcon_core.package_discovery:discover_packages(ignore) discover
[0.104s] Level 1:colcon.colcon_core.package_discovery:discover_packages(ignore) using defaults
[0.104s] Level 1:colcon.colcon_core.package_discovery:discover_packages(path) discover
[0.104s] Level 1:colcon.colcon_core.package_discovery:discover_packages(path) using defaults
[0.115s] Level 1:colcon.colcon_core.package_discovery:discover_packages(prefix_path) check parameters
[0.115s] Level 1:colcon.colcon_core.package_discovery:discover_packages(prefix_path) discover
[0.116s] DEBUG:colcon.colcon_installed_package_information.package_discovery:Found 285 installed packages in /opt/ros/jazzy
[0.117s] Level 1:colcon.colcon_core.package_discovery:discover_packages(prefix_path) using defaults
[0.137s] Level 5:colcon.colcon_core.verb:set package 'my_py_pkg' build argument 'cmake_args' from command line to 'None'
[0.137s] Level 5:colcon.colcon_core.verb:set package 'my_py_pkg' build argument 'cmake_target' from command line to 'None'
[0.137s] Level 5:colcon.colcon_core.verb:set package 'my_py_pkg' build argument 'cmake_target_skip_unavailable' from command line to 'False'
[0.137s] Level 5:colcon.colcon_core.verb:set package 'my_py_pkg' build argument 'cmake_clean_cache' from command line to 'False'
[0.137s] Level 5:colcon.colcon_core.verb:set package 'my_py_pkg' build argument 'cmake_clean_first' from command line to 'False'
[0.137s] Level 5:colcon.colcon_core.verb:set package 'my_py_pkg' build argument 'cmake_force_configure' from command line to 'False'
[0.138s] Level 5:colcon.colcon_core.verb:set package 'my_py_pkg' build argument 'ament_cmake_args' from command line to 'None'
[0.138s] Level 5:colcon.colcon_core.verb:set package 'my_py_pkg' build argument 'catkin_cmake_args' from command line to 'None'
[0.138s] Level 5:colcon.colcon_core.verb:set package 'my_py_pkg' build argument 'catkin_skip_building_tests' from command line to 'False'
[0.138s] DEBUG:colcon.colcon_core.verb:Building package 'my_py_pkg' with the following arguments: {'ament_cmake_args': None, 'build_base': '/home/diaoko/ros2_ws/build/my_py_pkg', 'catkin_cmake_args': None, 'catkin_skip_building_tests': False, 'cmake_args': None, 'cmake_clean_cache': False, 'cmake_clean_first': False, 'cmake_force_configure': False, 'cmake_target': None, 'cmake_target_skip_unavailable': False, 'install_base': '/home/diaoko/ros2_ws/install/my_py_pkg', 'merge_install': False, 'path': '/home/diaoko/ros2_ws/src/my_py_pkg', 'symlink_install': False, 'test_result_base': None}
[0.138s] Level 5:colcon.colcon_core.verb:set package 'my_robot_interfaces' build argument 'cmake_args' from command line to 'None'
[0.138s] Level 5:colcon.colcon_core.verb:set package 'my_robot_interfaces' build argument 'cmake_target' from command line to 'None'
[0.138s] Level 5:colcon.colcon_core.verb:set package 'my_robot_interfaces' build argument 'cmake_target_skip_unavailable' from command line to 'False'
[0.138s] Level 5:colcon.colcon_core.verb:set package 'my_robot_interfaces' build argument 'cmake_clean_cache' from command line to 'False'
[0.138s] Level 5:colcon.colcon_core.verb:set package 'my_robot_interfaces' build argument 'cmake_clean_first' from command line to 'False'
[0.138s] Level 5:colcon.colcon_core.verb:set package 'my_robot_interfaces' build argument 'cmake_force_configure' from command line to 'False'
[0.138s] Level 5:colcon.colcon_core.verb:set package 'my_robot_interfaces' build argument 'ament_cmake_args' from command line to 'None'
[0.138s] Level 5:colcon.colcon_core.verb:set package 'my_robot_interfaces' build argument 'catkin_cmake_args' from command line to 'None'
[0.138s] Level 5:colcon.colcon_core.verb:set package 'my_robot_interfaces' build argument 'catkin_skip_building_tests' from command line to 'False'
[0.138s] DEBUG:colcon.colcon_core.verb:Building package 'my_robot_interfaces' with the following arguments: {'ament_cmake_args': None, 'build_base': '/home/diaoko/ros2_ws/build/my_robot_interfaces', 'catkin_cmake_args': None, 'catkin_skip_building_tests': False, 'cmake_args': None, 'cmake_clean_cache': False, 'cmake_clean_first': False, 'cmake_force_configure': False, 'cmake_target': None, 'cmake_target_skip_unavailable': False, 'install_base': '/home/diaoko/ros2_ws/install/my_robot_interfaces', 'merge_install': False, 'path': '/home/diaoko/ros2_ws/src/my_robot_interfaces', 'symlink_install': False, 'test_result_base': None}
[0.138s] Level 5:colcon.colcon_core.verb:set package 'turtle_controller' build argument 'cmake_args' from command line to 'None'
[0.138s] Level 5:colcon.colcon_core.verb:set package 'turtle_controller' build argument 'cmake_target' from command line to 'None'
[0.138s] Level 5:colcon.colcon_core.verb:set package 'turtle_controller' build argument 'cmake_target_skip_unavailable' from command line to 'False'
[0.138s] Level 5:colcon.colcon_core.verb:set package 'turtle_controller' build argument 'cmake_clean_cache' from command line to 'False'
[0.138s] Level 5:colcon.colcon_core.verb:set package 'turtle_controller' build argument 'cmake_clean_first' from command line to 'False'
[0.138s] Level 5:colcon.colcon_core.verb:set package 'turtle_controller' build argument 'cmake_force_configure' from command line to 'False'
[0.138s] Level 5:colcon.colcon_core.verb:set package 'turtle_controller' build argument 'ament_cmake_args' from command line to 'None'
[0.138s] Level 5:colcon.colcon_core.verb:set package 'turtle_controller' build argument 'catkin_cmake_args' from command line to 'None'
[0.138s] Level 5:colcon.colcon_core.verb:set package 'turtle_controller' build argument 'catkin_skip_building_tests' from command line to 'False'
[0.138s] DEBUG:colcon.colcon_core.verb:Building package 'turtle_controller' with the following arguments: {'ament_cmake_args': None, 'build_base': '/home/diaoko/ros2_ws/build/turtle_controller', 'catkin_cmake_args': None, 'catkin_skip_building_tests': False, 'cmake_args': None, 'cmake_clean_cache': False, 'cmake_clean_first': False, 'cmake_force_configure': False, 'cmake_target': None, 'cmake_target_skip_unavailable': False, 'install_base': '/home/diaoko/ros2_ws/install/turtle_controller', 'merge_install': False, 'path': '/home/diaoko/ros2_ws/src/turtle_controller', 'symlink_install': False, 'test_result_base': None}
[0.138s] Level 5:colcon.colcon_core.verb:set package 'turtle_controller_cpp' build argument 'cmake_args' from command line to 'None'
[0.138s] Level 5:colcon.colcon_core.verb:set package 'turtle_controller_cpp' build argument 'cmake_target' from command line to 'None'
[0.138s] Level 5:colcon.colcon_core.verb:set package 'turtle_controller_cpp' build argument 'cmake_target_skip_unavailable' from command line to 'False'
[0.138s] Level 5:colcon.colcon_core.verb:set package 'turtle_controller_cpp' build argument 'cmake_clean_cache' from command line to 'False'
[0.138s] Level 5:colcon.colcon_core.verb:set package 'turtle_controller_cpp' build argument 'cmake_clean_first' from command line to 'False'
[0.138s] Level 5:colcon.colcon_core.verb:set package 'turtle_controller_cpp' build argument 'cmake_force_configure' from command line to 'False'
[0.138s] Level 5:colcon.colcon_core.verb:set package 'turtle_controller_cpp' build argument 'ament_cmake_args' from command line to 'None'
[0.138s] Level 5:colcon.colcon_core.verb:set package 'turtle_controller_cpp' build argument 'catkin_cmake_args' from command line to 'None'
[0.138s] Level 5:colcon.colcon_core.verb:set package 'turtle_controller_cpp' build argument 'catkin_skip_building_tests' from command line to 'False'
[0.138s] DEBUG:colcon.colcon_core.verb:Building package 'turtle_controller_cpp' with the following arguments: {'ament_cmake_args': None, 'build_base': '/home/diaoko/ros2_ws/build/turtle_controller_cpp', 'catkin_cmake_args': None, 'catkin_skip_building_tests': False, 'cmake_args': None, 'cmake_clean_cache': False, 'cmake_clean_first': False, 'cmake_force_configure': False, 'cmake_target': None, 'cmake_target_skip_unavailable': False, 'install_base': '/home/diaoko/ros2_ws/install/turtle_controller_cpp', 'merge_install': False, 'path': '/home/diaoko/ros2_ws/src/turtle_controller_cpp', 'symlink_install': False, 'test_result_base': None}
[0.138s] Level 5:colcon.colcon_core.verb:set package 'my_cpp_pkg' build argument 'cmake_args' from command line to 'None'
[0.138s] Level 5:colcon.colcon_core.verb:set package 'my_cpp_pkg' build argument 'cmake_target' from command line to 'None'
[0.138s] Level 5:colcon.colcon_core.verb:set package 'my_cpp_pkg' build argument 'cmake_target_skip_unavailable' from command line to 'False'
[0.138s] Level 5:colcon.colcon_core.verb:set package 'my_cpp_pkg' build argument 'cmake_clean_cache' from command line to 'False'
[0.138s] Level 5:colcon.colcon_core.verb:set package 'my_cpp_pkg' build argument 'cmake_clean_first' from command line to 'False'
[0.138s] Level 5:colcon.colcon_core.verb:set package 'my_cpp_pkg' build argument 'cmake_force_configure' from command line to 'False'
[0.138s] Level 5:colcon.colcon_core.verb:set package 'my_cpp_pkg' build argument 'ament_cmake_args' from command line to 'None'
[0.138s] Level 5:colcon.colcon_core.verb:set package 'my_cpp_pkg' build argument 'catkin_cmake_args' from command line to 'None'
[0.138s] Level 5:colcon.colcon_core.verb:set package 'my_cpp_pkg' build argument 'catkin_skip_building_tests' from command line to 'False'
[0.139s] DEBUG:colcon.colcon_core.verb:Building package 'my_cpp_pkg' with the following arguments: {'ament_cmake_args': None, 'build_base': '/home/diaoko/ros2_ws/build/my_cpp_pkg', 'catkin_cmake_args': None, 'catkin_skip_building_tests': False, 'cmake_args': None, 'cmake_clean_cache': False, 'cmake_clean_first': False, 'cmake_force_configure': False, 'cmake_target': None, 'cmake_target_skip_unavailable': False, 'install_base': '/home/diaoko/ros2_ws/install/my_cpp_pkg', 'merge_install': False, 'path': '/home/diaoko/ros2_ws/src/my_cpp_pkg', 'symlink_install': False, 'test_result_base': None}
[0.139s] INFO:colcon.colcon_core.executor:Executing jobs using 'parallel' executor
[0.139s] DEBUG:colcon.colcon_parallel_executor.executor.parallel:run_until_complete
[0.140s] INFO:colcon.colcon_ros.task.ament_cmake.build:Building ROS package in '/home/diaoko/ros2_ws/src/my_robot_interfaces' with build type 'ament_cmake'
[0.140s] INFO:colcon.colcon_cmake.task.cmake.build:Building CMake package in '/home/diaoko/ros2_ws/src/my_robot_interfaces'
[0.141s] INFO:colcon.colcon_core.plugin_system:Skipping extension 'colcon_core.shell.bat': Not used on non-Windows systems
[0.141s] INFO:colcon.colcon_core.shell:Skip shell extension 'powershell' for command environment: Not usable outside of PowerShell
[0.141s] DEBUG:colcon.colcon_core.shell:Skip shell extension 'dsv' for command environment
[0.144s] INFO:colcon.colcon_ros.task.ament_python.build:Building ROS package in '/home/diaoko/ros2_ws/src/my_py_pkg' with build type 'ament_python'
[0.144s] Level 1:colcon.colcon_core.shell:create_environment_hook('my_py_pkg', 'ament_prefix_path')
[0.145s] INFO:colcon.colcon_core.shell:Creating environment hook '/home/diaoko/ros2_ws/install/my_py_pkg/share/my_py_pkg/hook/ament_prefix_path.ps1'
[0.145s] INFO:colcon.colcon_core.shell:Creating environment descriptor '/home/diaoko/ros2_ws/install/my_py_pkg/share/my_py_pkg/hook/ament_prefix_path.dsv'
[0.146s] INFO:colcon.colcon_core.shell:Creating environment hook '/home/diaoko/ros2_ws/install/my_py_pkg/share/my_py_pkg/hook/ament_prefix_path.sh'
[0.146s] INFO:colcon.colcon_core.shell:Skip shell extension 'powershell' for command environment: Not usable outside of PowerShell
[0.146s] DEBUG:colcon.colcon_core.shell:Skip shell extension 'dsv' for command environment
[0.148s] INFO:colcon.colcon_ros.task.ament_python.build:Building ROS package in '/home/diaoko/ros2_ws/src/turtle_controller' with build type 'ament_python'
[0.148s] Level 1:colcon.colcon_core.shell:create_environment_hook('turtle_controller', 'ament_prefix_path')
[0.148s] INFO:colcon.colcon_core.shell:Creating environment hook '/home/diaoko/ros2_ws/install/turtle_controller/share/turtle_controller/hook/ament_prefix_path.ps1'
[0.149s] INFO:colcon.colcon_core.shell:Creating environment descriptor '/home/diaoko/ros2_ws/install/turtle_controller/share/turtle_controller/hook/ament_prefix_path.dsv'
[0.149s] INFO:colcon.colcon_core.shell:Creating environment hook '/home/diaoko/ros2_ws/install/turtle_controller/share/turtle_controller/hook/ament_prefix_path.sh'
[0.149s] INFO:colcon.colcon_core.shell:Skip shell extension 'powershell' for command environment: Not usable outside of PowerShell
[0.149s] DEBUG:colcon.colcon_core.shell:Skip shell extension 'dsv' for command environment
[0.152s] INFO:colcon.colcon_ros.task.ament_cmake.build:Building ROS package in '/home/diaoko/ros2_ws/src/turtle_controller_cpp' with build type 'ament_cmake'
[0.152s] INFO:colcon.colcon_cmake.task.cmake.build:Building CMake package in '/home/diaoko/ros2_ws/src/turtle_controller_cpp'
[0.152s] INFO:colcon.colcon_core.shell:Skip shell extension 'powershell' for command environment: Not usable outside of PowerShell
[0.152s] DEBUG:colcon.colcon_core.shell:Skip shell extension 'dsv' for command environment
[0.158s] DEBUG:colcon.colcon_core.event_handler.log_command:Invoking command in '/home/diaoko/ros2_ws/build/my_robot_interfaces': CMAKE_PREFIX_PATH=${CMAKE_PREFIX_PATH}:/opt/ros/jazzy DEBUGINFOD_URLS=https://debuginfod.ubuntu.com /usr/bin/cmake --build /home/diaoko/ros2_ws/build/my_robot_interfaces -- -j12 -l12
[0.354s] INFO:colcon.colcon_core.task.python.build:Building Python package in '/home/diaoko/ros2_ws/src/my_py_pkg'
[0.355s] INFO:colcon.colcon_core.shell:Skip shell extension 'powershell' for command environment: Not usable outside of PowerShell
[0.355s] DEBUG:colcon.colcon_core.shell:Skip shell extension 'dsv' for command environment
[0.492s] INFO:colcon.colcon_core.task.python.build:Building Python package in '/home/diaoko/ros2_ws/src/turtle_controller'
[0.492s] INFO:colcon.colcon_core.shell:Skip shell extension 'powershell' for command environment: Not usable outside of PowerShell
[0.492s] DEBUG:colcon.colcon_core.shell:Skip shell extension 'dsv' for command environment
[0.503s] DEBUG:colcon.colcon_core.event_handler.log_command:Invoking command in '/home/diaoko/ros2_ws/build/turtle_controller_cpp': CMAKE_PREFIX_PATH=${CMAKE_PREFIX_PATH}:/opt/ros/jazzy DEBUGINFOD_URLS=https://debuginfod.ubuntu.com /usr/bin/cmake --build /home/diaoko/ros2_ws/build/turtle_controller_cpp -- -j12 -l12
[0.503s] DEBUG:colcon.colcon_core.event_handler.log_command:Invoked command in '/home/diaoko/ros2_ws/build/my_robot_interfaces' returned '0': CMAKE_PREFIX_PATH=${CMAKE_PREFIX_PATH}:/opt/ros/jazzy DEBUGINFOD_URLS=https://debuginfod.ubuntu.com /usr/bin/cmake --build /home/diaoko/ros2_ws/build/my_robot_interfaces -- -j12 -l12
[0.509s] DEBUG:colcon.colcon_core.event_handler.log_command:Invoking command in '/home/diaoko/ros2_ws/build/my_robot_interfaces': CMAKE_PREFIX_PATH=${CMAKE_PREFIX_PATH}:/opt/ros/jazzy DEBUGINFOD_URLS=https://debuginfod.ubuntu.com /usr/bin/cmake --install /home/diaoko/ros2_ws/build/my_robot_interfaces
[0.564s] DEBUG:colcon.colcon_core.event_handler.log_command:Invoked command in '/home/diaoko/ros2_ws/build/turtle_controller_cpp' returned '0': CMAKE_PREFIX_PATH=${CMAKE_PREFIX_PATH}:/opt/ros/jazzy DEBUGINFOD_URLS=https://debuginfod.ubuntu.com /usr/bin/cmake --build /home/diaoko/ros2_ws/build/turtle_controller_cpp -- -j12 -l12
[0.565s] DEBUG:colcon.colcon_core.event_handler.log_command:Invoking command in '/home/diaoko/ros2_ws/build/turtle_controller_cpp': CMAKE_PREFIX_PATH=${CMAKE_PREFIX_PATH}:/opt/ros/jazzy DEBUGINFOD_URLS=https://debuginfod.ubuntu.com /usr/bin/cmake --install /home/diaoko/ros2_ws/build/turtle_controller_cpp
[0.566s] Level 1:colcon.colcon_core.environment:create_environment_scripts_only(my_robot_interfaces)
[0.566s] DEBUG:colcon.colcon_core.event_handler.log_command:Invoked command in '/home/diaoko/ros2_ws/build/my_robot_interfaces' returned '0': CMAKE_PREFIX_PATH=${CMAKE_PREFIX_PATH}:/opt/ros/jazzy DEBUGINFOD_URLS=https://debuginfod.ubuntu.com /usr/bin/cmake --install /home/diaoko/ros2_ws/build/my_robot_interfaces
[0.568s] Level 1:colcon.colcon_core.environment:checking '/home/diaoko/ros2_ws/install/my_robot_interfaces' for CMake module files
[0.569s] Level 1:colcon.colcon_core.environment:checking '/home/diaoko/ros2_ws/install/my_robot_interfaces' for CMake config files
[0.570s] Level 1:colcon.colcon_core.shell:create_environment_hook('my_robot_interfaces', 'cmake_prefix_path')
[0.570s] INFO:colcon.colcon_core.shell:Creating environment hook '/home/diaoko/ros2_ws/install/my_robot_interfaces/share/my_robot_interfaces/hook/cmake_prefix_path.ps1'
[0.570s] INFO:colcon.colcon_core.shell:Creating environment descriptor '/home/diaoko/ros2_ws/install/my_robot_interfaces/share/my_robot_interfaces/hook/cmake_prefix_path.dsv'
[0.571s] INFO:colcon.colcon_core.shell:Creating environment hook '/home/diaoko/ros2_ws/install/my_robot_interfaces/share/my_robot_interfaces/hook/cmake_prefix_path.sh'
[0.571s] Level 1:colcon.colcon_core.environment:checking '/home/diaoko/ros2_ws/install/my_robot_interfaces/lib'
[0.571s] Level 1:colcon.colcon_core.shell:create_environment_hook('my_robot_interfaces', 'ld_library_path_lib')
[0.572s] INFO:colcon.colcon_core.shell:Creating environment hook '/home/diaoko/ros2_ws/install/my_robot_interfaces/share/my_robot_interfaces/hook/ld_library_path_lib.ps1'
[0.572s] INFO:colcon.colcon_core.shell:Creating environment descriptor '/home/diaoko/ros2_ws/install/my_robot_interfaces/share/my_robot_interfaces/hook/ld_library_path_lib.dsv'
[0.572s] INFO:colcon.colcon_core.shell:Creating environment hook '/home/diaoko/ros2_ws/install/my_robot_interfaces/share/my_robot_interfaces/hook/ld_library_path_lib.sh'
[0.573s] Level 1:colcon.colcon_core.environment:checking '/home/diaoko/ros2_ws/install/my_robot_interfaces/bin'
[0.573s] Level 1:colcon.colcon_core.environment:checking '/home/diaoko/ros2_ws/install/my_robot_interfaces/lib/pkgconfig/my_robot_interfaces.pc'
[0.573s] Level 1:colcon.colcon_core.environment:checking '/home/diaoko/ros2_ws/install/my_robot_interfaces/lib/python3.12/site-packages'
[0.573s] Level 1:colcon.colcon_core.shell:create_environment_hook('my_robot_interfaces', 'pythonpath')
[0.574s] INFO:colcon.colcon_core.shell:Creating environment hook '/home/diaoko/ros2_ws/install/my_robot_interfaces/share/my_robot_interfaces/hook/pythonpath.ps1'
[0.575s] INFO:colcon.colcon_core.shell:Creating environment descriptor '/home/diaoko/ros2_ws/install/my_robot_interfaces/share/my_robot_interfaces/hook/pythonpath.dsv'
[0.575s] INFO:colcon.colcon_core.shell:Creating environment hook '/home/diaoko/ros2_ws/install/my_robot_interfaces/share/my_robot_interfaces/hook/pythonpath.sh'
[0.576s] Level 1:colcon.colcon_core.environment:checking '/home/diaoko/ros2_ws/install/my_robot_interfaces/bin'
[0.576s] INFO:colcon.colcon_core.shell:Creating package script '/home/diaoko/ros2_ws/install/my_robot_interfaces/share/my_robot_interfaces/package.ps1'
[0.577s] INFO:colcon.colcon_core.shell:Creating package descriptor '/home/diaoko/ros2_ws/install/my_robot_interfaces/share/my_robot_interfaces/package.dsv'
[0.578s] INFO:colcon.colcon_core.shell:Creating package script '/home/diaoko/ros2_ws/install/my_robot_interfaces/share/my_robot_interfaces/package.sh'
[0.578s] INFO:colcon.colcon_core.shell:Creating package script '/home/diaoko/ros2_ws/install/my_robot_interfaces/share/my_robot_interfaces/package.bash'
[0.579s] INFO:colcon.colcon_core.shell:Creating package script '/home/diaoko/ros2_ws/install/my_robot_interfaces/share/my_robot_interfaces/package.zsh'
[0.579s] Level 1:colcon.colcon_core.environment:create_file_with_runtime_dependencies(/home/diaoko/ros2_ws/install/my_robot_interfaces/share/colcon-core/packages/my_robot_interfaces)
[0.580s] Level 1:colcon.colcon_core.environment:create_environment_scripts_only(my_robot_interfaces)
[0.580s] Level 1:colcon.colcon_core.environment:checking '/home/diaoko/ros2_ws/install/my_robot_interfaces' for CMake module files
[0.581s] Level 1:colcon.colcon_core.environment:checking '/home/diaoko/ros2_ws/install/my_robot_interfaces' for CMake config files
[0.581s] Level 1:colcon.colcon_core.shell:create_environment_hook('my_robot_interfaces', 'cmake_prefix_path')
[0.581s] INFO:colcon.colcon_core.shell:Creating environment hook '/home/diaoko/ros2_ws/install/my_robot_interfaces/share/my_robot_interfaces/hook/cmake_prefix_path.ps1'
[0.582s] INFO:colcon.colcon_core.shell:Creating environment descriptor '/home/diaoko/ros2_ws/install/my_robot_interfaces/share/my_robot_interfaces/hook/cmake_prefix_path.dsv'
[0.582s] INFO:colcon.colcon_core.shell:Creating environment hook '/home/diaoko/ros2_ws/install/my_robot_interfaces/share/my_robot_interfaces/hook/cmake_prefix_path.sh'
[0.583s] Level 1:colcon.colcon_core.environment:checking '/home/diaoko/ros2_ws/install/my_robot_interfaces/lib'
[0.583s] Level 1:colcon.colcon_core.shell:create_environment_hook('my_robot_interfaces', 'ld_library_path_lib')
[0.583s] INFO:colcon.colcon_core.shell:Creating environment hook '/home/diaoko/ros2_ws/install/my_robot_interfaces/share/my_robot_interfaces/hook/ld_library_path_lib.ps1'
[0.583s] INFO:colcon.colcon_core.shell:Creating environment descriptor '/home/diaoko/ros2_ws/install/my_robot_interfaces/share/my_robot_interfaces/hook/ld_library_path_lib.dsv'
[0.584s] INFO:colcon.colcon_core.shell:Creating environment hook '/home/diaoko/ros2_ws/install/my_robot_interfaces/share/my_robot_interfaces/hook/ld_library_path_lib.sh'
[0.584s] Level 1:colcon.colcon_core.environment:checking '/home/diaoko/ros2_ws/install/my_robot_interfaces/bin'
[0.584s] Level 1:colcon.colcon_core.environment:checking '/home/diaoko/ros2_ws/install/my_robot_interfaces/lib/pkgconfig/my_robot_interfaces.pc'
[0.584s] Level 1:colcon.colcon_core.environment:checking '/home/diaoko/ros2_ws/install/my_robot_interfaces/lib/python3.12/site-packages'
[0.584s] Level 1:colcon.colcon_core.shell:create_environment_hook('my_robot_interfaces', 'pythonpath')
[0.584s] INFO:colcon.colcon_core.shell:Creating environment hook '/home/diaoko/ros2_ws/install/my_robot_interfaces/share/my_robot_interfaces/hook/pythonpath.ps1'
[0.585s] INFO:colcon.colcon_core.shell:Creating environment descriptor '/home/diaoko/ros2_ws/install/my_robot_interfaces/share/my_robot_interfaces/hook/pythonpath.dsv'
[0.585s] INFO:colcon.colcon_core.shell:Creating environment hook '/home/diaoko/ros2_ws/install/my_robot_interfaces/share/my_robot_interfaces/hook/pythonpath.sh'
[0.586s] Level 1:colcon.colcon_core.environment:checking '/home/diaoko/ros2_ws/install/my_robot_interfaces/bin'
[0.586s] INFO:colcon.colcon_core.shell:Creating package script '/home/diaoko/ros2_ws/install/my_robot_interfaces/share/my_robot_interfaces/package.ps1'
[0.586s] INFO:colcon.colcon_core.shell:Creating package descriptor '/home/diaoko/ros2_ws/install/my_robot_interfaces/share/my_robot_interfaces/package.dsv'
[0.587s] INFO:colcon.colcon_core.shell:Creating package script '/home/diaoko/ros2_ws/install/my_robot_interfaces/share/my_robot_interfaces/package.sh'
[0.587s] INFO:colcon.colcon_core.shell:Creating package script '/home/diaoko/ros2_ws/install/my_robot_interfaces/share/my_robot_interfaces/package.bash'
[0.588s] INFO:colcon.colcon_core.shell:Creating package script '/home/diaoko/ros2_ws/install/my_robot_interfaces/share/my_robot_interfaces/package.zsh'
[0.588s] Level 1:colcon.colcon_core.environment:create_file_with_runtime_dependencies(/home/diaoko/ros2_ws/install/my_robot_interfaces/share/colcon-core/packages/my_robot_interfaces)
[0.589s] INFO:colcon.colcon_ros.task.ament_cmake.build:Building ROS package in '/home/diaoko/ros2_ws/src/my_cpp_pkg' with build type 'ament_cmake'
[0.589s] INFO:colcon.colcon_cmake.task.cmake.build:Building CMake package in '/home/diaoko/ros2_ws/src/my_cpp_pkg'
[0.589s] INFO:colcon.colcon_core.shell:Skip shell extension 'powershell' for command environment: Not usable outside of PowerShell
[0.589s] DEBUG:colcon.colcon_core.shell:Skip shell extension 'dsv' for command environment
[0.592s] Level 1:colcon.colcon_core.environment:create_environment_scripts_only(turtle_controller_cpp)
[0.592s] Level 1:colcon.colcon_core.environment:checking '/home/diaoko/ros2_ws/install/turtle_controller_cpp' for CMake module files
[0.593s] DEBUG:colcon.colcon_core.event_handler.log_command:Invoked command in '/home/diaoko/ros2_ws/build/turtle_controller_cpp' returned '0': CMAKE_PREFIX_PATH=${CMAKE_PREFIX_PATH}:/opt/ros/jazzy DEBUGINFOD_URLS=https://debuginfod.ubuntu.com /usr/bin/cmake --install /home/diaoko/ros2_ws/build/turtle_controller_cpp
[0.593s] Level 1:colcon.colcon_core.environment:checking '/home/diaoko/ros2_ws/install/turtle_controller_cpp' for CMake config files
[0.593s] Level 1:colcon.colcon_core.shell:create_environment_hook('turtle_controller_cpp', 'cmake_prefix_path')
[0.594s] INFO:colcon.colcon_core.shell:Creating environment hook '/home/diaoko/ros2_ws/install/turtle_controller_cpp/share/turtle_controller_cpp/hook/cmake_prefix_path.ps1'
[0.594s] INFO:colcon.colcon_core.shell:Creating environment descriptor '/home/diaoko/ros2_ws/install/turtle_controller_cpp/share/turtle_controller_cpp/hook/cmake_prefix_path.dsv'
[0.594s] INFO:colcon.colcon_core.shell:Creating environment hook '/home/diaoko/ros2_ws/install/turtle_controller_cpp/share/turtle_controller_cpp/hook/cmake_prefix_path.sh'
[0.595s] Level 1:colcon.colcon_core.environment:checking '/home/diaoko/ros2_ws/install/turtle_controller_cpp/lib'
[0.595s] Level 1:colcon.colcon_core.environment:checking '/home/diaoko/ros2_ws/install/turtle_controller_cpp/bin'
[0.595s] Level 1:colcon.colcon_core.environment:checking '/home/diaoko/ros2_ws/install/turtle_controller_cpp/lib/pkgconfig/turtle_controller_cpp.pc'
[0.595s] Level 1:colcon.colcon_core.environment:checking '/home/diaoko/ros2_ws/install/turtle_controller_cpp/lib/python3.12/site-packages'
[0.595s] Level 1:colcon.colcon_core.environment:checking '/home/diaoko/ros2_ws/install/turtle_controller_cpp/bin'
[0.596s] INFO:colcon.colcon_core.shell:Creating package script '/home/diaoko/ros2_ws/install/turtle_controller_cpp/share/turtle_controller_cpp/package.ps1'
[0.596s] INFO:colcon.colcon_core.shell:Creating package descriptor '/home/diaoko/ros2_ws/install/turtle_controller_cpp/share/turtle_controller_cpp/package.dsv'
[0.596s] INFO:colcon.colcon_core.shell:Creating package script '/home/diaoko/ros2_ws/install/turtle_controller_cpp/share/turtle_controller_cpp/package.sh'
[0.597s] INFO:colcon.colcon_core.shell:Creating package script '/home/diaoko/ros2_ws/install/turtle_controller_cpp/share/turtle_controller_cpp/package.bash'
[0.597s] INFO:colcon.colcon_core.shell:Creating package script '/home/diaoko/ros2_ws/install/turtle_controller_cpp/share/turtle_controller_cpp/package.zsh'
[0.597s] Level 1:colcon.colcon_core.environment:create_file_with_runtime_dependencies(/home/diaoko/ros2_ws/install/turtle_controller_cpp/share/colcon-core/packages/turtle_controller_cpp)
[0.598s] Level 1:colcon.colcon_core.environment:create_environment_scripts_only(turtle_controller_cpp)
[0.598s] Level 1:colcon.colcon_core.environment:checking '/home/diaoko/ros2_ws/install/turtle_controller_cpp' for CMake module files
[0.598s] Level 1:colcon.colcon_core.environment:checking '/home/diaoko/ros2_ws/install/turtle_controller_cpp' for CMake config files
[0.599s] Level 1:colcon.colcon_core.shell:create_environment_hook('turtle_controller_cpp', 'cmake_prefix_path')
[0.599s] INFO:colcon.colcon_core.shell:Creating environment hook '/home/diaoko/ros2_ws/install/turtle_controller_cpp/share/turtle_controller_cpp/hook/cmake_prefix_path.ps1'
[0.599s] INFO:colcon.colcon_core.shell:Creating environment descriptor '/home/diaoko/ros2_ws/install/turtle_controller_cpp/share/turtle_controller_cpp/hook/cmake_prefix_path.dsv'
[0.599s] INFO:colcon.colcon_core.shell:Creating environment hook '/home/diaoko/ros2_ws/install/turtle_controller_cpp/share/turtle_controller_cpp/hook/cmake_prefix_path.sh'
[0.600s] Level 1:colcon.colcon_core.environment:checking '/home/diaoko/ros2_ws/install/turtle_controller_cpp/lib'
[0.600s] Level 1:colcon.colcon_core.environment:checking '/home/diaoko/ros2_ws/install/turtle_controller_cpp/bin'
[0.600s] Level 1:colcon.colcon_core.environment:checking '/home/diaoko/ros2_ws/install/turtle_controller_cpp/lib/pkgconfig/turtle_controller_cpp.pc'
[0.600s] Level 1:colcon.colcon_core.environment:checking '/home/diaoko/ros2_ws/install/turtle_controller_cpp/lib/python3.12/site-packages'
[0.600s] Level 1:colcon.colcon_core.environment:checking '/home/diaoko/ros2_ws/install/turtle_controller_cpp/bin'
[0.601s] INFO:colcon.colcon_core.shell:Creating package script '/home/diaoko/ros2_ws/install/turtle_controller_cpp/share/turtle_controller_cpp/package.ps1'
[0.601s] INFO:colcon.colcon_core.shell:Creating package descriptor '/home/diaoko/ros2_ws/install/turtle_controller_cpp/share/turtle_controller_cpp/package.dsv'
[0.601s] INFO:colcon.colcon_core.shell:Creating package script '/home/diaoko/ros2_ws/install/turtle_controller_cpp/share/turtle_controller_cpp/package.sh'
[0.602s] INFO:colcon.colcon_core.shell:Creating package script '/home/diaoko/ros2_ws/install/turtle_controller_cpp/share/turtle_controller_cpp/package.bash'
[0.602s] INFO:colcon.colcon_core.shell:Creating package script '/home/diaoko/ros2_ws/install/turtle_controller_cpp/share/turtle_controller_cpp/package.zsh'
[0.603s] Level 1:colcon.colcon_core.environment:create_file_with_runtime_dependencies(/home/diaoko/ros2_ws/install/turtle_controller_cpp/share/colcon-core/packages/turtle_controller_cpp)
[0.606s] DEBUG:colcon.colcon_core.event_handler.log_command:Invoking command in '/home/diaoko/ros2_ws/build/my_cpp_pkg': AMENT_PREFIX_PATH=/home/diaoko/ros2_ws/install/my_robot_interfaces:${AMENT_PREFIX_PATH} CMAKE_PREFIX_PATH=/home/diaoko/ros2_ws/install/my_robot_interfaces:/opt/ros/jazzy/opt/gz_math_vendor:/opt/ros/jazzy/opt/gz_utils_vendor:/opt/ros/jazzy/opt/gz_cmake_vendor:/opt/ros/jazzy DEBUGINFOD_URLS=https://debuginfod.ubuntu.com LD_LIBRARY_PATH=/home/diaoko/ros2_ws/install/my_robot_interfaces/lib:${LD_LIBRARY_PATH} PYTHONPATH=/home/diaoko/ros2_ws/install/my_robot_interfaces/lib/python3.12/site-packages:${PYTHONPATH} /usr/bin/cmake --build /home/diaoko/ros2_ws/build/my_cpp_pkg -- -j12 -l12
[0.881s] DEBUG:colcon.colcon_core.event_handler.log_command:Invoking command in '/home/diaoko/ros2_ws/src/turtle_controller': DEBUGINFOD_URLS=https://debuginfod.ubuntu.com PYTHONPATH=/home/diaoko/ros2_ws/build/turtle_controller/prefix_override:/usr/lib/python3/dist-packages/colcon_core/task/python/colcon_distutils_commands:/home/diaoko/ros2_ws/install/turtle_controller/lib/python3.12/site-packages:${PYTHONPATH} /usr/bin/python3 -W ignore:setup.py install is deprecated -W ignore:easy_install command is deprecated setup.py egg_info --egg-base ../../build/turtle_controller build --build-base /home/diaoko/ros2_ws/build/turtle_controller/build install --record /home/diaoko/ros2_ws/build/turtle_controller/install.log --single-version-externally-managed install_data
[0.885s] DEBUG:colcon.colcon_core.event_handler.log_command:Invoking command in '/home/diaoko/ros2_ws/src/my_py_pkg': DEBUGINFOD_URLS=https://debuginfod.ubuntu.com PYTHONPATH=/home/diaoko/ros2_ws/build/my_py_pkg/prefix_override:/usr/lib/python3/dist-packages/colcon_core/task/python/colcon_distutils_commands:/home/diaoko/ros2_ws/install/my_py_pkg/lib/python3.12/site-packages:${PYTHONPATH} /usr/bin/python3 -W ignore:setup.py install is deprecated -W ignore:easy_install command is deprecated setup.py egg_info --egg-base ../../build/my_py_pkg build --build-base /home/diaoko/ros2_ws/build/my_py_pkg/build install --record /home/diaoko/ros2_ws/build/my_py_pkg/install.log --single-version-externally-managed install_data
[1.213s] Level 1:colcon.colcon_core.environment:checking '/home/diaoko/ros2_ws/install/my_py_pkg' for CMake module files
[1.213s] DEBUG:colcon.colcon_core.event_handler.log_command:Invoked command in '/home/diaoko/ros2_ws/src/my_py_pkg' returned '0': DEBUGINFOD_URLS=https://debuginfod.ubuntu.com PYTHONPATH=/home/diaoko/ros2_ws/build/my_py_pkg/prefix_override:/usr/lib/python3/dist-packages/colcon_core/task/python/colcon_distutils_commands:/home/diaoko/ros2_ws/install/my_py_pkg/lib/python3.12/site-packages:${PYTHONPATH} /usr/bin/python3 -W ignore:setup.py install is deprecated -W ignore:easy_install command is deprecated setup.py egg_info --egg-base ../../build/my_py_pkg build --build-base /home/diaoko/ros2_ws/build/my_py_pkg/build install --record /home/diaoko/ros2_ws/build/my_py_pkg/install.log --single-version-externally-managed install_data
[1.214s] Level 1:colcon.colcon_core.environment:checking '/home/diaoko/ros2_ws/install/my_py_pkg' for CMake config files
[1.215s] Level 1:colcon.colcon_core.environment:checking '/home/diaoko/ros2_ws/install/my_py_pkg/lib'
[1.215s] Level 1:colcon.colcon_core.environment:checking '/home/diaoko/ros2_ws/install/my_py_pkg/bin'
[1.215s] Level 1:colcon.colcon_core.environment:checking '/home/diaoko/ros2_ws/install/my_py_pkg/lib/pkgconfig/my_py_pkg.pc'
[1.215s] Level 1:colcon.colcon_core.environment:checking '/home/diaoko/ros2_ws/install/my_py_pkg/lib/python3.12/site-packages'
[1.215s] Level 1:colcon.colcon_core.shell:create_environment_hook('my_py_pkg', 'pythonpath')
[1.215s] INFO:colcon.colcon_core.shell:Creating environment hook '/home/diaoko/ros2_ws/install/my_py_pkg/share/my_py_pkg/hook/pythonpath.ps1'
[1.216s] INFO:colcon.colcon_core.shell:Creating environment descriptor '/home/diaoko/ros2_ws/install/my_py_pkg/share/my_py_pkg/hook/pythonpath.dsv'
[1.216s] INFO:colcon.colcon_core.shell:Creating environment hook '/home/diaoko/ros2_ws/install/my_py_pkg/share/my_py_pkg/hook/pythonpath.sh'
[1.217s] Level 1:colcon.colcon_core.environment:checking '/home/diaoko/ros2_ws/install/my_py_pkg/bin'
[1.217s] Level 1:colcon.colcon_core.environment:create_environment_scripts_only(my_py_pkg)
[1.217s] INFO:colcon.colcon_core.shell:Creating package script '/home/diaoko/ros2_ws/install/my_py_pkg/share/my_py_pkg/package.ps1'
[1.217s] INFO:colcon.colcon_core.shell:Creating package descriptor '/home/diaoko/ros2_ws/install/my_py_pkg/share/my_py_pkg/package.dsv'
[1.218s] INFO:colcon.colcon_core.shell:Creating package script '/home/diaoko/ros2_ws/install/my_py_pkg/share/my_py_pkg/package.sh'
[1.218s] INFO:colcon.colcon_core.shell:Creating package script '/home/diaoko/ros2_ws/install/my_py_pkg/share/my_py_pkg/package.bash'
[1.219s] INFO:colcon.colcon_core.shell:Creating package script '/home/diaoko/ros2_ws/install/my_py_pkg/share/my_py_pkg/package.zsh'
[1.219s] Level 1:colcon.colcon_core.environment:create_file_with_runtime_dependencies(/home/diaoko/ros2_ws/install/my_py_pkg/share/colcon-core/packages/my_py_pkg)
[1.272s] Level 1:colcon.colcon_core.environment:checking '/home/diaoko/ros2_ws/install/turtle_controller' for CMake module files
[1.273s] DEBUG:colcon.colcon_core.event_handler.log_command:Invoked command in '/home/diaoko/ros2_ws/src/turtle_controller' returned '0': DEBUGINFOD_URLS=https://debuginfod.ubuntu.com PYTHONPATH=/home/diaoko/ros2_ws/build/turtle_controller/prefix_override:/usr/lib/python3/dist-packages/colcon_core/task/python/colcon_distutils_commands:/home/diaoko/ros2_ws/install/turtle_controller/lib/python3.12/site-packages:${PYTHONPATH} /usr/bin/python3 -W ignore:setup.py install is deprecated -W ignore:easy_install command is deprecated setup.py egg_info --egg-base ../../build/turtle_controller build --build-base /home/diaoko/ros2_ws/build/turtle_controller/build install --record /home/diaoko/ros2_ws/build/turtle_controller/install.log --single-version-externally-managed install_data
[1.273s] Level 1:colcon.colcon_core.environment:checking '/home/diaoko/ros2_ws/install/turtle_controller' for CMake config files
[1.274s] Level 1:colcon.colcon_core.environment:checking '/home/diaoko/ros2_ws/install/turtle_controller/lib'
[1.274s] Level 1:colcon.colcon_core.environment:checking '/home/diaoko/ros2_ws/install/turtle_controller/bin'
[1.274s] Level 1:colcon.colcon_core.environment:checking '/home/diaoko/ros2_ws/install/turtle_controller/lib/pkgconfig/turtle_controller.pc'
[1.274s] Level 1:colcon.colcon_core.environment:checking '/home/diaoko/ros2_ws/install/turtle_controller/lib/python3.12/site-packages'
[1.274s] Level 1:colcon.colcon_core.shell:create_environment_hook('turtle_controller', 'pythonpath')
[1.274s] INFO:colcon.colcon_core.shell:Creating environment hook '/home/diaoko/ros2_ws/install/turtle_controller/share/turtle_controller/hook/pythonpath.ps1'
[1.275s] INFO:colcon.colcon_core.shell:Creating environment descriptor '/home/diaoko/ros2_ws/install/turtle_controller/share/turtle_controller/hook/pythonpath.dsv'
[1.275s] INFO:colcon.colcon_core.shell:Creating environment hook '/home/diaoko/ros2_ws/install/turtle_controller/share/turtle_controller/hook/pythonpath.sh'
[1.276s] Level 1:colcon.colcon_core.environment:checking '/home/diaoko/ros2_ws/install/turtle_controller/bin'
[1.276s] Level 1:colcon.colcon_core.environment:create_environment_scripts_only(turtle_controller)
[1.276s] INFO:colcon.colcon_core.shell:Creating package script '/home/diaoko/ros2_ws/install/turtle_controller/share/turtle_controller/package.ps1'
[1.277s] INFO:colcon.colcon_core.shell:Creating package descriptor '/home/diaoko/ros2_ws/install/turtle_controller/share/turtle_controller/package.dsv'
[1.277s] INFO:colcon.colcon_core.shell:Creating package script '/home/diaoko/ros2_ws/install/turtle_controller/share/turtle_controller/package.sh'
[1.277s] INFO:colcon.colcon_core.shell:Creating package script '/home/diaoko/ros2_ws/install/turtle_controller/share/turtle_controller/package.bash'
[1.278s] INFO:colcon.colcon_core.shell:Creating package script '/home/diaoko/ros2_ws/install/turtle_controller/share/turtle_controller/package.zsh'
[1.278s] Level 1:colcon.colcon_core.environment:create_file_with_runtime_dependencies(/home/diaoko/ros2_ws/install/turtle_controller/share/colcon-core/packages/turtle_controller)
[1.292s] DEBUG:colcon.colcon_core.event_handler.log_command:Invoked command in '/home/diaoko/ros2_ws/build/my_cpp_pkg' returned '2': AMENT_PREFIX_PATH=/home/diaoko/ros2_ws/install/my_robot_interfaces:${AMENT_PREFIX_PATH} CMAKE_PREFIX_PATH=/home/diaoko/ros2_ws/install/my_robot_interfaces:/opt/ros/jazzy/opt/gz_math_vendor:/opt/ros/jazzy/opt/gz_utils_vendor:/opt/ros/jazzy/opt/gz_cmake_vendor:/opt/ros/jazzy DEBUGINFOD_URLS=https://debuginfod.ubuntu.com LD_LIBRARY_PATH=/home/diaoko/ros2_ws/install/my_robot_interfaces/lib:${LD_LIBRARY_PATH} PYTHONPATH=/home/diaoko/ros2_ws/install/my_robot_interfaces/lib/python3.12/site-packages:${PYTHONPATH} /usr/bin/cmake --build /home/diaoko/ros2_ws/build/my_cpp_pkg -- -j12 -l12
[1.292s] Level 1:colcon.colcon_core.environment:create_environment_scripts_only(my_cpp_pkg)
[1.292s] Level 1:colcon.colcon_core.environment:checking '/home/diaoko/ros2_ws/install/my_cpp_pkg' for CMake module files
[1.293s] Level 1:colcon.colcon_core.environment:checking '/home/diaoko/ros2_ws/install/my_cpp_pkg' for CMake config files
[1.293s] Level 1:colcon.colcon_core.shell:create_environment_hook('my_cpp_pkg', 'cmake_prefix_path')
[1.293s] INFO:colcon.colcon_core.shell:Creating environment hook '/home/diaoko/ros2_ws/install/my_cpp_pkg/share/my_cpp_pkg/hook/cmake_prefix_path.ps1'
[1.294s] INFO:colcon.colcon_core.shell:Creating environment descriptor '/home/diaoko/ros2_ws/install/my_cpp_pkg/share/my_cpp_pkg/hook/cmake_prefix_path.dsv'
[1.294s] INFO:colcon.colcon_core.shell:Creating environment hook '/home/diaoko/ros2_ws/install/my_cpp_pkg/share/my_cpp_pkg/hook/cmake_prefix_path.sh'
[1.295s] Level 1:colcon.colcon_core.environment:checking '/home/diaoko/ros2_ws/install/my_cpp_pkg/lib'
[1.295s] Level 1:colcon.colcon_core.environment:checking '/home/diaoko/ros2_ws/install/my_cpp_pkg/bin'
[1.295s] Level 1:colcon.colcon_core.environment:checking '/home/diaoko/ros2_ws/install/my_cpp_pkg/lib/pkgconfig/my_cpp_pkg.pc'
[1.295s] Level 1:colcon.colcon_core.environment:checking '/home/diaoko/ros2_ws/install/my_cpp_pkg/lib/python3.12/site-packages'
[1.295s] Level 1:colcon.colcon_core.environment:checking '/home/diaoko/ros2_ws/install/my_cpp_pkg/bin'
[1.295s] INFO:colcon.colcon_core.shell:Creating package script '/home/diaoko/ros2_ws/install/my_cpp_pkg/share/my_cpp_pkg/package.ps1'
[1.296s] INFO:colcon.colcon_core.shell:Creating package descriptor '/home/diaoko/ros2_ws/install/my_cpp_pkg/share/my_cpp_pkg/package.dsv'
[1.296s] INFO:colcon.colcon_core.shell:Creating package script '/home/diaoko/ros2_ws/install/my_cpp_pkg/share/my_cpp_pkg/package.sh'
[1.296s] INFO:colcon.colcon_core.shell:Creating package script '/home/diaoko/ros2_ws/install/my_cpp_pkg/share/my_cpp_pkg/package.bash'
[1.296s] INFO:colcon.colcon_core.shell:Creating package script '/home/diaoko/ros2_ws/install/my_cpp_pkg/share/my_cpp_pkg/package.zsh'
[1.297s] Level 1:colcon.colcon_core.environment:create_file_with_runtime_dependencies(/home/diaoko/ros2_ws/install/my_cpp_pkg/share/colcon-core/packages/my_cpp_pkg)
[1.307s] DEBUG:colcon.colcon_parallel_executor.executor.parallel:closing loop
[1.307s] DEBUG:colcon.colcon_parallel_executor.executor.parallel:loop closed
[1.307s] DEBUG:colcon.colcon_parallel_executor.executor.parallel:run_until_complete finished with '2'
[1.307s] DEBUG:colcon.colcon_core.event_reactor:joining thread
[1.311s] INFO:colcon.colcon_core.plugin_system:Skipping extension 'colcon_notification.desktop_notification.terminal_notifier': Not used on non-Darwin systems
[1.311s] INFO:colcon.colcon_core.plugin_system:Skipping extension 'colcon_notification.desktop_notification.win32': Not used on non-Windows systems
[1.311s] INFO:colcon.colcon_notification.desktop_notification:Sending desktop notification using 'notify2'
[1.322s] DEBUG:colcon.colcon_core.event_reactor:joined thread
[1.322s] INFO:colcon.colcon_core.shell:Creating prefix script '/home/diaoko/ros2_ws/install/local_setup.ps1'
[1.323s] INFO:colcon.colcon_core.shell:Creating prefix util module '/home/diaoko/ros2_ws/install/_local_setup_util_ps1.py'
[1.325s] INFO:colcon.colcon_core.shell:Creating prefix chain script '/home/diaoko/ros2_ws/install/setup.ps1'
[1.326s] INFO:colcon.colcon_core.shell:Creating prefix script '/home/diaoko/ros2_ws/install/local_setup.sh'
[1.326s] INFO:colcon.colcon_core.shell:Creating prefix util module '/home/diaoko/ros2_ws/install/_local_setup_util_sh.py'
[1.327s] INFO:colcon.colcon_core.shell:Creating prefix chain script '/home/diaoko/ros2_ws/install/setup.sh'
[1.327s] INFO:colcon.colcon_core.shell:Creating prefix script '/home/diaoko/ros2_ws/install/local_setup.bash'
[1.328s] INFO:colcon.colcon_core.shell:Creating prefix chain script '/home/diaoko/ros2_ws/install/setup.bash'
[1.329s] INFO:colcon.colcon_core.shell:Creating prefix script '/home/diaoko/ros2_ws/install/local_setup.zsh'
[1.329s] INFO:colcon.colcon_core.shell:Creating prefix chain script '/home/diaoko/ros2_ws/install/setup.zsh'
