[0.034s] Invoking command in '/home/diaoko/ros2_ws/build/my_cpp_pkg': CMAKE_PREFIX_PATH=${CMAKE_PREFIX_PATH}:/opt/ros/jazzy DEBUGINFOD_URLS=https://debuginfod.ubuntu.com /usr/bin/cmake --build /home/diaoko/ros2_ws/build/my_cpp_pkg -- -j12 -l12
[0.555s] -- Found ament_cmake: 2.5.3 (/opt/ros/jazzy/share/ament_cmake/cmake)
[0.555s] -- Found Python3: /usr/bin/python3 (found version "3.12.3") found components: Interpreter 
[0.555s] -- Found rclcpp: 28.1.6 (/opt/ros/jazzy/share/rclcpp/cmake)
[0.556s] -- Found rosidl_generator_c: 4.6.5 (/opt/ros/jazzy/share/rosidl_generator_c/cmake)
[0.556s] -- Found rosidl_generator_cpp: 4.6.5 (/opt/ros/jazzy/share/rosidl_generator_cpp/cmake)
[0.556s] -- Using all available rosidl_typesupport_c: rosidl_typesupport_fastrtps_c;rosidl_typesupport_introspection_c
[0.588s] -- Using all available rosidl_typesupport_cpp: rosidl_typesupport_fastrtps_cpp;rosidl_typesupport_introspection_cpp
[0.705s] -- Found rmw_implementation_cmake: 7.3.1 (/opt/ros/jazzy/share/rmw_implementation_cmake/cmake)
[0.710s] -- Found rmw_fastrtps_cpp: 8.4.1 (/opt/ros/jazzy/share/rmw_fastrtps_cpp/cmake)
[0.759s] -- Found OpenSSL: /usr/lib/x86_64-linux-gnu/libcrypto.so (found version "3.0.13")  
[0.786s] -- Found FastRTPS: /opt/ros/humble/include (Required is at least version "2.13") 
[0.822s] -- Using RMW implementation 'rmw_fastrtps_cpp' as default
[0.968s] -- Found example_interfaces: 0.12.0 (/opt/ros/jazzy/share/example_interfaces/cmake)
[1.094s] -- Found ament_lint_auto: 0.17.1 (/opt/ros/jazzy/share/ament_lint_auto/cmake)
[1.264s] -- Added test 'cppcheck' to perform static code analysis on C / C++ code
[1.265s] -- Configured cppcheck include dirs: 
[1.265s] -- Configured cppcheck exclude dirs and/or files: 
[1.266s] -- Added test 'lint_cmake' to check CMake code style
[1.267s] -- Added test 'uncrustify' to check C / C++ code style
[1.267s] -- Configured uncrustify additional arguments: 
[1.268s] -- Added test 'xmllint' to check XML markup files
[1.270s] -- Configuring done (1.2s)
[1.300s] -- Generating done (0.0s)
[1.309s] -- Build files have been written to: /home/diaoko/ros2_ws/build/my_cpp_pkg
[1.362s] [ 16%] [32mBuilding CXX object CMakeFiles/number_publisher.dir/src/number_publisher.cpp.o[0m
[1.368s] [ 50%] [32mBuilding CXX object CMakeFiles/test_node.dir/src/my_first_node.cpp.o[0m
[1.368s] [ 50%] [32mBuilding CXX object CMakeFiles/number_counter.dir/src/number_counter.cpp.o[0m
[6.253s] [ 66%] [32m[1mLinking CXX executable test_node[0m
[6.501s] [ 66%] Built target test_node
[7.469s] [ 83%] [32m[1mLinking CXX executable number_publisher[0m
[7.744s] [ 83%] Built target number_publisher
[11.605s] [100%] [32m[1mLinking CXX executable number_counter[0m
[11.927s] [100%] Built target number_counter
[11.942s] Invoked command in '/home/diaoko/ros2_ws/build/my_cpp_pkg' returned '0': CMAKE_PREFIX_PATH=${CMAKE_PREFIX_PATH}:/opt/ros/jazzy DEBUGINFOD_URLS=https://debuginfod.ubuntu.com /usr/bin/cmake --build /home/diaoko/ros2_ws/build/my_cpp_pkg -- -j12 -l12
[11.943s] Invoking command in '/home/diaoko/ros2_ws/build/my_cpp_pkg': CMAKE_PREFIX_PATH=${CMAKE_PREFIX_PATH}:/opt/ros/jazzy DEBUGINFOD_URLS=https://debuginfod.ubuntu.com /usr/bin/cmake --install /home/diaoko/ros2_ws/build/my_cpp_pkg
[11.954s] -- Install configuration: ""
[11.954s] -- Installing: /home/diaoko/ros2_ws/install/my_cpp_pkg/lib/my_cpp_pkg/test_node
[11.955s] -- Set non-toolchain portion of runtime path of "/home/diaoko/ros2_ws/install/my_cpp_pkg/lib/my_cpp_pkg/test_node" to ""
[11.955s] -- Installing: /home/diaoko/ros2_ws/install/my_cpp_pkg/lib/my_cpp_pkg/number_publisher
[11.958s] -- Set non-toolchain portion of runtime path of "/home/diaoko/ros2_ws/install/my_cpp_pkg/lib/my_cpp_pkg/number_publisher" to ""
[11.958s] -- Installing: /home/diaoko/ros2_ws/install/my_cpp_pkg/lib/my_cpp_pkg/number_counter
[11.964s] -- Set non-toolchain portion of runtime path of "/home/diaoko/ros2_ws/install/my_cpp_pkg/lib/my_cpp_pkg/number_counter" to ""
[11.964s] -- Installing: /home/diaoko/ros2_ws/install/my_cpp_pkg/share/ament_index/resource_index/package_run_dependencies/my_cpp_pkg
[11.964s] -- Installing: /home/diaoko/ros2_ws/install/my_cpp_pkg/share/ament_index/resource_index/parent_prefix_path/my_cpp_pkg
[11.964s] -- Up-to-date: /home/diaoko/ros2_ws/install/my_cpp_pkg/share/my_cpp_pkg/environment/ament_prefix_path.sh
[11.965s] -- Up-to-date: /home/diaoko/ros2_ws/install/my_cpp_pkg/share/my_cpp_pkg/environment/ament_prefix_path.dsv
[11.965s] -- Up-to-date: /home/diaoko/ros2_ws/install/my_cpp_pkg/share/my_cpp_pkg/environment/path.sh
[11.965s] -- Up-to-date: /home/diaoko/ros2_ws/install/my_cpp_pkg/share/my_cpp_pkg/environment/path.dsv
[11.965s] -- Up-to-date: /home/diaoko/ros2_ws/install/my_cpp_pkg/share/my_cpp_pkg/local_setup.bash
[11.965s] -- Up-to-date: /home/diaoko/ros2_ws/install/my_cpp_pkg/share/my_cpp_pkg/local_setup.sh
[11.965s] -- Up-to-date: /home/diaoko/ros2_ws/install/my_cpp_pkg/share/my_cpp_pkg/local_setup.zsh
[11.965s] -- Up-to-date: /home/diaoko/ros2_ws/install/my_cpp_pkg/share/my_cpp_pkg/local_setup.dsv
[11.965s] -- Installing: /home/diaoko/ros2_ws/install/my_cpp_pkg/share/my_cpp_pkg/package.dsv
[11.965s] -- Up-to-date: /home/diaoko/ros2_ws/install/my_cpp_pkg/share/ament_index/resource_index/packages/my_cpp_pkg
[11.966s] -- Installing: /home/diaoko/ros2_ws/install/my_cpp_pkg/share/my_cpp_pkg/cmake/my_cpp_pkgConfig.cmake
[11.966s] -- Up-to-date: /home/diaoko/ros2_ws/install/my_cpp_pkg/share/my_cpp_pkg/cmake/my_cpp_pkgConfig-version.cmake
[11.966s] -- Installing: /home/diaoko/ros2_ws/install/my_cpp_pkg/share/my_cpp_pkg/package.xml
[11.967s] Invoked command in '/home/diaoko/ros2_ws/build/my_cpp_pkg' returned '0': CMAKE_PREFIX_PATH=${CMAKE_PREFIX_PATH}:/opt/ros/jazzy DEBUGINFOD_URLS=https://debuginfod.ubuntu.com /usr/bin/cmake --install /home/diaoko/ros2_ws/build/my_cpp_pkg
