[0.014s] Invoking command in '/home/diaoko/ros2_ws/build/my_cpp_pkg': CMAKE_PREFIX_PATH=${CMAKE_PREFIX_PATH}:/opt/ros/jazzy DEBUGINFOD_URLS=https://debuginfod.ubuntu.com /usr/bin/cmake --build /home/diaoko/ros2_ws/build/my_cpp_pkg -- -j12 -l12
[0.109s] -- The C compiler identification is GNU 13.3.0
[0.182s] -- The CXX compiler identification is GNU 13.3.0
[0.198s] -- Detecting C compiler ABI info
[0.275s] -- Detecting C compiler ABI info - done
[0.285s] -- Check for working C compiler: /usr/bin/cc - skipped
[0.285s] -- Detecting C compile features
[0.285s] -- Detecting C compile features - done
[0.293s] -- Detecting CXX compiler ABI info
[0.376s] -- Detecting CXX compiler ABI info - done
[0.384s] -- Check for working CXX compiler: /usr/bin/c++ - skipped
[0.384s] -- Detecting CXX compile features
[0.385s] -- Detecting CXX compile features - done
[0.391s] -- Found ament_cmake: 2.5.3 (/opt/ros/jazzy/share/ament_cmake/cmake)
[0.547s] -- Found Python3: /usr/bin/python3 (found version "3.12.3") found components: Interpreter 
[0.638s] -- Found rclcpp: 28.1.6 (/opt/ros/jazzy/share/rclcpp/cmake)
[0.679s] -- Found rosidl_generator_c: 4.6.5 (/opt/ros/jazzy/share/rosidl_generator_c/cmake)
[0.689s] -- Found rosidl_generator_cpp: 4.6.5 (/opt/ros/jazzy/share/rosidl_generator_cpp/cmake)
[0.702s] -- Using all available rosidl_typesupport_c: rosidl_typesupport_fastrtps_c;rosidl_typesupport_introspection_c
[0.716s] -- Using all available rosidl_typesupport_cpp: rosidl_typesupport_fastrtps_cpp;rosidl_typesupport_introspection_cpp
[0.776s] -- Found rmw_implementation_cmake: 7.3.1 (/opt/ros/jazzy/share/rmw_implementation_cmake/cmake)
[0.779s] -- Found rmw_fastrtps_cpp: 8.4.1 (/opt/ros/jazzy/share/rmw_fastrtps_cpp/cmake)
[0.807s] -- Found OpenSSL: /usr/lib/x86_64-linux-gnu/libcrypto.so (found version "3.0.13")  
[0.826s] -- Found FastRTPS: /opt/ros/humble/include (Required is at least version "2.13") 
[0.849s] -- Using RMW implementation 'rmw_fastrtps_cpp' as default
[0.916s] -- Found ament_lint_auto: 0.17.1 (/opt/ros/jazzy/share/ament_lint_auto/cmake)
[0.990s] -- Added test 'cppcheck' to perform static code analysis on C / C++ code
[0.991s] -- Configured cppcheck include dirs: 
[0.991s] -- Configured cppcheck exclude dirs and/or files: 
[0.991s] -- Added test 'lint_cmake' to check CMake code style
[0.992s] -- Added test 'uncrustify' to check C / C++ code style
[0.992s] -- Configured uncrustify additional arguments: 
[0.992s] -- Added test 'xmllint' to check XML markup files
[0.993s] -- Configuring done (1.0s)
[0.998s] -- Generating done (0.0s)
[1.000s] -- Build files have been written to: /home/diaoko/ros2_ws/build/my_cpp_pkg
[1.032s] [ 50%] [32mBuilding CXX object CMakeFiles/test_node.dir/src/my_first_node.cpp.o[0m
[2.799s] [100%] [32m[1mLinking CXX executable test_node[0m
[2.901s] [100%] Built target test_node
[2.909s] Invoked command in '/home/diaoko/ros2_ws/build/my_cpp_pkg' returned '0': CMAKE_PREFIX_PATH=${CMAKE_PREFIX_PATH}:/opt/ros/jazzy DEBUGINFOD_URLS=https://debuginfod.ubuntu.com /usr/bin/cmake --build /home/diaoko/ros2_ws/build/my_cpp_pkg -- -j12 -l12
[2.919s] Invoking command in '/home/diaoko/ros2_ws/build/my_cpp_pkg': CMAKE_PREFIX_PATH=${CMAKE_PREFIX_PATH}:/opt/ros/jazzy DEBUGINFOD_URLS=https://debuginfod.ubuntu.com /usr/bin/cmake --install /home/diaoko/ros2_ws/build/my_cpp_pkg
[2.925s] -- Install configuration: ""
[2.925s] -- Installing: /home/diaoko/ros2_ws/install/my_cpp_pkg/lib/my_cpp_pkg/test_node
[2.925s] -- Set non-toolchain portion of runtime path of "/home/diaoko/ros2_ws/install/my_cpp_pkg/lib/my_cpp_pkg/test_node" to ""
[2.925s] -- Up-to-date: /home/diaoko/ros2_ws/install/my_cpp_pkg/share/ament_index/resource_index/package_run_dependencies/my_cpp_pkg
[2.926s] -- Installing: /home/diaoko/ros2_ws/install/my_cpp_pkg/share/ament_index/resource_index/parent_prefix_path/my_cpp_pkg
[2.926s] -- Installing: /home/diaoko/ros2_ws/install/my_cpp_pkg/share/my_cpp_pkg/environment/ament_prefix_path.sh
[2.926s] -- Up-to-date: /home/diaoko/ros2_ws/install/my_cpp_pkg/share/my_cpp_pkg/environment/ament_prefix_path.dsv
[2.926s] -- Installing: /home/diaoko/ros2_ws/install/my_cpp_pkg/share/my_cpp_pkg/environment/path.sh
[2.926s] -- Up-to-date: /home/diaoko/ros2_ws/install/my_cpp_pkg/share/my_cpp_pkg/environment/path.dsv
[2.926s] -- Up-to-date: /home/diaoko/ros2_ws/install/my_cpp_pkg/share/my_cpp_pkg/local_setup.bash
[2.926s] -- Up-to-date: /home/diaoko/ros2_ws/install/my_cpp_pkg/share/my_cpp_pkg/local_setup.sh
[2.926s] -- Up-to-date: /home/diaoko/ros2_ws/install/my_cpp_pkg/share/my_cpp_pkg/local_setup.zsh
[2.926s] -- Up-to-date: /home/diaoko/ros2_ws/install/my_cpp_pkg/share/my_cpp_pkg/local_setup.dsv
[2.926s] -- Up-to-date: /home/diaoko/ros2_ws/install/my_cpp_pkg/share/my_cpp_pkg/package.dsv
[2.926s] -- Up-to-date: /home/diaoko/ros2_ws/install/my_cpp_pkg/share/ament_index/resource_index/packages/my_cpp_pkg
[2.926s] -- Installing: /home/diaoko/ros2_ws/install/my_cpp_pkg/share/my_cpp_pkg/cmake/my_cpp_pkgConfig.cmake
[2.926s] -- Up-to-date: /home/diaoko/ros2_ws/install/my_cpp_pkg/share/my_cpp_pkg/cmake/my_cpp_pkgConfig-version.cmake
[2.926s] -- Up-to-date: /home/diaoko/ros2_ws/install/my_cpp_pkg/share/my_cpp_pkg/package.xml
[2.928s] Invoked command in '/home/diaoko/ros2_ws/build/my_cpp_pkg' returned '0': CMAKE_PREFIX_PATH=${CMAKE_PREFIX_PATH}:/opt/ros/jazzy DEBUGINFOD_URLS=https://debuginfod.ubuntu.com /usr/bin/cmake --install /home/diaoko/ros2_ws/build/my_cpp_pkg
