[0.753s] Invoking command in '/home/diaoko/ros2_ws/src/my_py_pkg': DEBUGINFOD_URLS=https://debuginfod.ubuntu.com PYTHONPATH=/home/diaoko/ros2_ws/build/my_py_pkg/prefix_override:/usr/lib/python3/dist-packages/colcon_core/task/python/colcon_distutils_commands:/home/diaoko/ros2_ws/install/my_py_pkg/lib/python3.12/site-packages:${PYTHONPATH} /usr/bin/python3 -W ignore:setup.py install is deprecated -W ignore:easy_install command is deprecated setup.py egg_info --egg-base ../../build/my_py_pkg build --build-base /home/diaoko/ros2_ws/build/my_py_pkg/build install --record /home/diaoko/ros2_ws/build/my_py_pkg/install.log --single-version-externally-managed install_data
[0.946s] running egg_info
[0.968s] writing ../../build/my_py_pkg/my_py_pkg.egg-info/PKG-INFO
[0.968s] writing dependency_links to ../../build/my_py_pkg/my_py_pkg.egg-info/dependency_links.txt
[0.969s] writing entry points to ../../build/my_py_pkg/my_py_pkg.egg-info/entry_points.txt
[0.969s] writing requirements to ../../build/my_py_pkg/my_py_pkg.egg-info/requires.txt
[0.969s] writing top-level names to ../../build/my_py_pkg/my_py_pkg.egg-info/top_level.txt
[1.014s] reading manifest file '../../build/my_py_pkg/my_py_pkg.egg-info/SOURCES.txt'
[1.015s] writing manifest file '../../build/my_py_pkg/my_py_pkg.egg-info/SOURCES.txt'
[1.016s] running build
[1.016s] running build_py
[1.018s] copying my_py_pkg/reset_counter_client.py -> /home/diaoko/ros2_ws/build/my_py_pkg/build/lib/my_py_pkg
[1.018s] copying my_py_pkg/__init__.py -> /home/diaoko/ros2_ws/build/my_py_pkg/build/lib/my_py_pkg
[1.018s] copying my_py_pkg/number_counter.py -> /home/diaoko/ros2_ws/build/my_py_pkg/build/lib/my_py_pkg
[1.019s] copying my_py_pkg/number_publisher.py -> /home/diaoko/ros2_ws/build/my_py_pkg/build/lib/my_py_pkg
[1.019s] copying my_py_pkg/my_first_node.py -> /home/diaoko/ros2_ws/build/my_py_pkg/build/lib/my_py_pkg
[1.019s] running install
[1.024s] running install_lib
[1.052s] copying /home/diaoko/ros2_ws/build/my_py_pkg/build/lib/my_py_pkg/reset_counter_client.py -> /home/diaoko/ros2_ws/install/my_py_pkg/lib/python3.12/site-packages/my_py_pkg
[1.052s] copying /home/diaoko/ros2_ws/build/my_py_pkg/build/lib/my_py_pkg/__init__.py -> /home/diaoko/ros2_ws/install/my_py_pkg/lib/python3.12/site-packages/my_py_pkg
[1.052s] copying /home/diaoko/ros2_ws/build/my_py_pkg/build/lib/my_py_pkg/number_counter.py -> /home/diaoko/ros2_ws/install/my_py_pkg/lib/python3.12/site-packages/my_py_pkg
[1.052s] copying /home/diaoko/ros2_ws/build/my_py_pkg/build/lib/my_py_pkg/number_publisher.py -> /home/diaoko/ros2_ws/install/my_py_pkg/lib/python3.12/site-packages/my_py_pkg
[1.053s] copying /home/diaoko/ros2_ws/build/my_py_pkg/build/lib/my_py_pkg/my_first_node.py -> /home/diaoko/ros2_ws/install/my_py_pkg/lib/python3.12/site-packages/my_py_pkg
[1.053s] byte-compiling /home/diaoko/ros2_ws/install/my_py_pkg/lib/python3.12/site-packages/my_py_pkg/reset_counter_client.py to reset_counter_client.cpython-312.pyc
[1.053s] byte-compiling /home/diaoko/ros2_ws/install/my_py_pkg/lib/python3.12/site-packages/my_py_pkg/__init__.py to __init__.cpython-312.pyc
[1.053s] byte-compiling /home/diaoko/ros2_ws/install/my_py_pkg/lib/python3.12/site-packages/my_py_pkg/number_counter.py to number_counter.cpython-312.pyc
[1.053s] byte-compiling /home/diaoko/ros2_ws/install/my_py_pkg/lib/python3.12/site-packages/my_py_pkg/number_publisher.py to number_publisher.cpython-312.pyc
[1.053s] byte-compiling /home/diaoko/ros2_ws/install/my_py_pkg/lib/python3.12/site-packages/my_py_pkg/my_first_node.py to my_first_node.cpython-312.pyc
[1.053s] running install_data
[1.053s] copying resource/my_py_pkg -> /home/diaoko/ros2_ws/install/my_py_pkg/share/ament_index/resource_index/packages
[1.053s] copying package.xml -> /home/diaoko/ros2_ws/install/my_py_pkg/share/my_py_pkg
[1.053s] running install_egg_info
[1.078s] removing '/home/diaoko/ros2_ws/install/my_py_pkg/lib/python3.12/site-packages/my_py_pkg-0.0.0-py3.12.egg-info' (and everything under it)
[1.079s] Copying ../../build/my_py_pkg/my_py_pkg.egg-info to /home/diaoko/ros2_ws/install/my_py_pkg/lib/python3.12/site-packages/my_py_pkg-0.0.0-py3.12.egg-info
[1.080s] running install_scripts
[1.236s] Installing number_counter script to /home/diaoko/ros2_ws/install/my_py_pkg/lib/my_py_pkg
[1.236s] Installing number_publisher script to /home/diaoko/ros2_ws/install/my_py_pkg/lib/my_py_pkg
[1.236s] Installing reset_counter_client script to /home/diaoko/ros2_ws/install/my_py_pkg/lib/my_py_pkg
[1.237s] Installing test_node script to /home/diaoko/ros2_ws/install/my_py_pkg/lib/my_py_pkg
[1.237s] writing list of installed files to '/home/diaoko/ros2_ws/build/my_py_pkg/install.log'
[1.280s] Invoked command in '/home/diaoko/ros2_ws/src/my_py_pkg' returned '0': DEBUGINFOD_URLS=https://debuginfod.ubuntu.com PYTHONPATH=/home/diaoko/ros2_ws/build/my_py_pkg/prefix_override:/usr/lib/python3/dist-packages/colcon_core/task/python/colcon_distutils_commands:/home/diaoko/ros2_ws/install/my_py_pkg/lib/python3.12/site-packages:${PYTHONPATH} /usr/bin/python3 -W ignore:setup.py install is deprecated -W ignore:easy_install command is deprecated setup.py egg_info --egg-base ../../build/my_py_pkg build --build-base /home/diaoko/ros2_ws/build/my_py_pkg/build install --record /home/diaoko/ros2_ws/build/my_py_pkg/install.log --single-version-externally-managed install_data
