running egg_info
writing ../../build/turtle_controller/turtle_controller.egg-info/PKG-INFO
writing dependency_links to ../../build/turtle_controller/turtle_controller.egg-info/dependency_links.txt
writing entry points to ../../build/turtle_controller/turtle_controller.egg-info/entry_points.txt
writing requirements to ../../build/turtle_controller/turtle_controller.egg-info/requires.txt
writing top-level names to ../../build/turtle_controller/turtle_controller.egg-info/top_level.txt
reading manifest file '../../build/turtle_controller/turtle_controller.egg-info/SOURCES.txt'
writing manifest file '../../build/turtle_controller/turtle_controller.egg-info/SOURCES.txt'
running build
running build_py
copying turtle_controller/__init__.py -> /home/diaoko/ros2_ws/build/turtle_controller/build/lib/turtle_controller
copying turtle_controller/turtle_controller.py -> /home/diaoko/ros2_ws/build/turtle_controller/build/lib/turtle_controller
running install
running install_lib
copying /home/diaoko/ros2_ws/build/turtle_controller/build/lib/turtle_controller/__init__.py -> /home/diaoko/ros2_ws/install/turtle_controller/lib/python3.12/site-packages/turtle_controller
copying /home/diaoko/ros2_ws/build/turtle_controller/build/lib/turtle_controller/turtle_controller.py -> /home/diaoko/ros2_ws/install/turtle_controller/lib/python3.12/site-packages/turtle_controller
byte-compiling /home/diaoko/ros2_ws/install/turtle_controller/lib/python3.12/site-packages/turtle_controller/__init__.py to __init__.cpython-312.pyc
byte-compiling /home/diaoko/ros2_ws/install/turtle_controller/lib/python3.12/site-packages/turtle_controller/turtle_controller.py to turtle_controller.cpython-312.pyc
running install_data
copying resource/turtle_controller -> /home/diaoko/ros2_ws/install/turtle_controller/share/ament_index/resource_index/packages
copying package.xml -> /home/diaoko/ros2_ws/install/turtle_controller/share/turtle_controller
running install_egg_info
removing '/home/diaoko/ros2_ws/install/turtle_controller/lib/python3.12/site-packages/turtle_controller-0.0.0-py3.12.egg-info' (and everything under it)
Copying ../../build/turtle_controller/turtle_controller.egg-info to /home/diaoko/ros2_ws/install/turtle_controller/lib/python3.12/site-packages/turtle_controller-0.0.0-py3.12.egg-info
running install_scripts
Installing turtle_controller script to /home/diaoko/ros2_ws/install/turtle_controller/lib/turtle_controller
writing list of installed files to '/home/diaoko/ros2_ws/build/turtle_controller/install.log'
