[0.915s] Invoking command in '/home/diaoko/ros2_ws/src/turtle_controller': DEBUGINFOD_URLS=https://debuginfod.ubuntu.com PYTHONPATH=/home/diaoko/ros2_ws/build/turtle_controller/prefix_override:/usr/lib/python3/dist-packages/colcon_core/task/python/colcon_distutils_commands:/home/diaoko/ros2_ws/install/turtle_controller/lib/python3.12/site-packages:${PYTHONPATH} /usr/bin/python3 -W ignore:setup.py install is deprecated -W ignore:easy_install command is deprecated setup.py egg_info --egg-base ../../build/turtle_controller build --build-base /home/diaoko/ros2_ws/build/turtle_controller/build install --record /home/diaoko/ros2_ws/build/turtle_controller/install.log --single-version-externally-managed install_data
[1.229s] running egg_info
[1.254s] writing ../../build/turtle_controller/turtle_controller.egg-info/PKG-INFO
[1.254s] writing dependency_links to ../../build/turtle_controller/turtle_controller.egg-info/dependency_links.txt
[1.254s] writing entry points to ../../build/turtle_controller/turtle_controller.egg-info/entry_points.txt
[1.254s] writing requirements to ../../build/turtle_controller/turtle_controller.egg-info/requires.txt
[1.255s] writing top-level names to ../../build/turtle_controller/turtle_controller.egg-info/top_level.txt
[1.305s] reading manifest file '../../build/turtle_controller/turtle_controller.egg-info/SOURCES.txt'
[1.305s] writing manifest file '../../build/turtle_controller/turtle_controller.egg-info/SOURCES.txt'
[1.305s] running build
[1.305s] running build_py
[1.305s] copying turtle_controller/__init__.py -> /home/diaoko/ros2_ws/build/turtle_controller/build/lib/turtle_controller
[1.305s] copying turtle_controller/turtle_controller.py -> /home/diaoko/ros2_ws/build/turtle_controller/build/lib/turtle_controller
[1.305s] running install
[1.311s] running install_lib
[1.334s] copying /home/diaoko/ros2_ws/build/turtle_controller/build/lib/turtle_controller/__init__.py -> /home/diaoko/ros2_ws/install/turtle_controller/lib/python3.12/site-packages/turtle_controller
[1.334s] copying /home/diaoko/ros2_ws/build/turtle_controller/build/lib/turtle_controller/turtle_controller.py -> /home/diaoko/ros2_ws/install/turtle_controller/lib/python3.12/site-packages/turtle_controller
[1.334s] byte-compiling /home/diaoko/ros2_ws/install/turtle_controller/lib/python3.12/site-packages/turtle_controller/__init__.py to __init__.cpython-312.pyc
[1.335s] byte-compiling /home/diaoko/ros2_ws/install/turtle_controller/lib/python3.12/site-packages/turtle_controller/turtle_controller.py to turtle_controller.cpython-312.pyc
[1.335s] running install_data
[1.335s] copying resource/turtle_controller -> /home/diaoko/ros2_ws/install/turtle_controller/share/ament_index/resource_index/packages
[1.335s] copying package.xml -> /home/diaoko/ros2_ws/install/turtle_controller/share/turtle_controller
[1.336s] running install_egg_info
[1.359s] removing '/home/diaoko/ros2_ws/install/turtle_controller/lib/python3.12/site-packages/turtle_controller-0.0.0-py3.12.egg-info' (and everything under it)
[1.359s] Copying ../../build/turtle_controller/turtle_controller.egg-info to /home/diaoko/ros2_ws/install/turtle_controller/lib/python3.12/site-packages/turtle_controller-0.0.0-py3.12.egg-info
[1.361s] running install_scripts
[1.510s] Installing turtle_controller script to /home/diaoko/ros2_ws/install/turtle_controller/lib/turtle_controller
[1.510s] writing list of installed files to '/home/diaoko/ros2_ws/build/turtle_controller/install.log'
[1.542s] Invoked command in '/home/diaoko/ros2_ws/src/turtle_controller' returned '0': DEBUGINFOD_URLS=https://debuginfod.ubuntu.com PYTHONPATH=/home/diaoko/ros2_ws/build/turtle_controller/prefix_override:/usr/lib/python3/dist-packages/colcon_core/task/python/colcon_distutils_commands:/home/diaoko/ros2_ws/install/turtle_controller/lib/python3.12/site-packages:${PYTHONPATH} /usr/bin/python3 -W ignore:setup.py install is deprecated -W ignore:easy_install command is deprecated setup.py egg_info --egg-base ../../build/turtle_controller build --build-base /home/diaoko/ros2_ws/build/turtle_controller/build install --record /home/diaoko/ros2_ws/build/turtle_controller/install.log --single-version-externally-managed install_data
