[0.332s] Invoking command in '/home/diaoko/ros2_ws/build/turtle_controller_cpp': AMENT_PREFIX_PATH=/home/diaoko/ros2_ws/install/my_robot_interfaces:${AMENT_PREFIX_PATH} CMAKE_PREFIX_PATH=/home/diaoko/ros2_ws/install/my_robot_interfaces:/opt/ros/jazzy/opt/gz_math_vendor:/opt/ros/jazzy/opt/gz_utils_vendor:/opt/ros/jazzy/opt/gz_cmake_vendor:/opt/ros/jazzy DEBUGINFOD_URLS=https://debuginfod.ubuntu.com LD_LIBRARY_PATH=/home/diaoko/ros2_ws/install/my_robot_interfaces/lib:${LD_LIBRARY_PATH} PYTHONPATH=/home/diaoko/ros2_ws/install/my_robot_interfaces/lib/python3.12/site-packages:${PYTHONPATH} /usr/bin/cmake --build /home/diaoko/ros2_ws/build/turtle_controller_cpp -- -j12 -l12
[0.384s] [100%] Built target turtle_controller
[0.393s] Invoked command in '/home/diaoko/ros2_ws/build/turtle_controller_cpp' returned '0': AMENT_PREFIX_PATH=/home/diaoko/ros2_ws/install/my_robot_interfaces:${AMENT_PREFIX_PATH} CMAKE_PREFIX_PATH=/home/diaoko/ros2_ws/install/my_robot_interfaces:/opt/ros/jazzy/opt/gz_math_vendor:/opt/ros/jazzy/opt/gz_utils_vendor:/opt/ros/jazzy/opt/gz_cmake_vendor:/opt/ros/jazzy DEBUGINFOD_URLS=https://debuginfod.ubuntu.com LD_LIBRARY_PATH=/home/diaoko/ros2_ws/install/my_robot_interfaces/lib:${LD_LIBRARY_PATH} PYTHONPATH=/home/diaoko/ros2_ws/install/my_robot_interfaces/lib/python3.12/site-packages:${PYTHONPATH} /usr/bin/cmake --build /home/diaoko/ros2_ws/build/turtle_controller_cpp -- -j12 -l12
[0.394s] Invoking command in '/home/diaoko/ros2_ws/build/turtle_controller_cpp': AMENT_PREFIX_PATH=/home/diaoko/ros2_ws/install/my_robot_interfaces:${AMENT_PREFIX_PATH} CMAKE_PREFIX_PATH=/home/diaoko/ros2_ws/install/my_robot_interfaces:/opt/ros/jazzy/opt/gz_math_vendor:/opt/ros/jazzy/opt/gz_utils_vendor:/opt/ros/jazzy/opt/gz_cmake_vendor:/opt/ros/jazzy DEBUGINFOD_URLS=https://debuginfod.ubuntu.com LD_LIBRARY_PATH=/home/diaoko/ros2_ws/install/my_robot_interfaces/lib:${LD_LIBRARY_PATH} PYTHONPATH=/home/diaoko/ros2_ws/install/my_robot_interfaces/lib/python3.12/site-packages:${PYTHONPATH} /usr/bin/cmake --install /home/diaoko/ros2_ws/build/turtle_controller_cpp
[0.403s] -- Install configuration: ""
[0.403s] -- Up-to-date: /home/diaoko/ros2_ws/install/turtle_controller_cpp/lib/turtle_controller_cpp/turtle_controller
[0.403s] -- Up-to-date: /home/diaoko/ros2_ws/install/turtle_controller_cpp/share/ament_index/resource_index/package_run_dependencies/turtle_controller_cpp
[0.404s] -- Up-to-date: /home/diaoko/ros2_ws/install/turtle_controller_cpp/share/ament_index/resource_index/parent_prefix_path/turtle_controller_cpp
[0.404s] -- Up-to-date: /home/diaoko/ros2_ws/install/turtle_controller_cpp/share/turtle_controller_cpp/environment/ament_prefix_path.sh
[0.404s] -- Up-to-date: /home/diaoko/ros2_ws/install/turtle_controller_cpp/share/turtle_controller_cpp/environment/ament_prefix_path.dsv
[0.404s] -- Up-to-date: /home/diaoko/ros2_ws/install/turtle_controller_cpp/share/turtle_controller_cpp/environment/path.sh
[0.404s] -- Up-to-date: /home/diaoko/ros2_ws/install/turtle_controller_cpp/share/turtle_controller_cpp/environment/path.dsv
[0.404s] -- Up-to-date: /home/diaoko/ros2_ws/install/turtle_controller_cpp/share/turtle_controller_cpp/local_setup.bash
[0.404s] -- Up-to-date: /home/diaoko/ros2_ws/install/turtle_controller_cpp/share/turtle_controller_cpp/local_setup.sh
[0.404s] -- Up-to-date: /home/diaoko/ros2_ws/install/turtle_controller_cpp/share/turtle_controller_cpp/local_setup.zsh
[0.404s] -- Up-to-date: /home/diaoko/ros2_ws/install/turtle_controller_cpp/share/turtle_controller_cpp/local_setup.dsv
[0.404s] -- Installing: /home/diaoko/ros2_ws/install/turtle_controller_cpp/share/turtle_controller_cpp/package.dsv
[0.404s] -- Up-to-date: /home/diaoko/ros2_ws/install/turtle_controller_cpp/share/ament_index/resource_index/packages/turtle_controller_cpp
[0.405s] -- Up-to-date: /home/diaoko/ros2_ws/install/turtle_controller_cpp/share/turtle_controller_cpp/cmake/turtle_controller_cppConfig.cmake
[0.405s] -- Up-to-date: /home/diaoko/ros2_ws/install/turtle_controller_cpp/share/turtle_controller_cpp/cmake/turtle_controller_cppConfig-version.cmake
[0.405s] -- Installing: /home/diaoko/ros2_ws/install/turtle_controller_cpp/share/turtle_controller_cpp/package.xml
[0.406s] Invoked command in '/home/diaoko/ros2_ws/build/turtle_controller_cpp' returned '0': AMENT_PREFIX_PATH=/home/diaoko/ros2_ws/install/my_robot_interfaces:${AMENT_PREFIX_PATH} CMAKE_PREFIX_PATH=/home/diaoko/ros2_ws/install/my_robot_interfaces:/opt/ros/jazzy/opt/gz_math_vendor:/opt/ros/jazzy/opt/gz_utils_vendor:/opt/ros/jazzy/opt/gz_cmake_vendor:/opt/ros/jazzy DEBUGINFOD_URLS=https://debuginfod.ubuntu.com LD_LIBRARY_PATH=/home/diaoko/ros2_ws/install/my_robot_interfaces/lib:${LD_LIBRARY_PATH} PYTHONPATH=/home/diaoko/ros2_ws/install/my_robot_interfaces/lib/python3.12/site-packages:${PYTHONPATH} /usr/bin/cmake --install /home/diaoko/ros2_ws/build/turtle_controller_cpp
