[0.116s] DEBUG:colcon:Command line arguments: ['/usr/bin/colcon', 'build']
[0.117s] DEBUG:colcon:Parsed command line arguments: Namespace(log_base=None, log_level=None, verb_name='build', build_base='build', install_base='install', merge_install=False, symlink_install=False, test_result_base=None, continue_on_error=False, executor='parallel', parallel_workers=12, event_handlers=None, ignore_user_meta=False, metas=['./colcon.meta'], base_paths=['.'], packages_ignore=None, packages_ignore_regex=None, paths=None, packages_up_to=None, packages_up_to_regex=None, packages_above=None, packages_above_and_dependencies=None, packages_above_depth=None, packages_select_by_dep=None, packages_skip_by_dep=None, packages_skip_up_to=None, packages_select_build_failed=False, packages_skip_build_finished=False, packages_select_test_failures=False, packages_skip_test_passed=False, packages_select=None, packages_skip=None, packages_select_regex=None, packages_skip_regex=None, packages_start=None, packages_end=None, allow_overriding=[], cmake_args=None, cmake_target=None, cmake_target_skip_unavailable=False, cmake_clean_cache=False, cmake_clean_first=False, cmake_force_configure=False, ament_cmake_args=None, catkin_cmake_args=None, catkin_skip_building_tests=False, mixin_files=None, mixin=None, verb_parser=<colcon_mixin.mixin.mixin_argument.MixinArgumentDecorator object at 0x7f2d55c77f50>, verb_extension=<colcon_core.verb.build.BuildVerb object at 0x7f2d55c77cb0>, main=<bound method BuildVerb.main of <colcon_core.verb.build.BuildVerb object at 0x7f2d55c77cb0>>, mixin_verb=('build',))
[0.162s] Level 1:colcon.colcon_core.package_discovery:discover_packages(colcon_meta) check parameters
[0.162s] Level 1:colcon.colcon_core.package_discovery:discover_packages(recursive) check parameters
[0.162s] Level 1:colcon.colcon_core.package_discovery:discover_packages(ignore) check parameters
[0.162s] Level 1:colcon.colcon_core.package_discovery:discover_packages(path) check parameters
[0.162s] Level 1:colcon.colcon_core.package_discovery:discover_packages(colcon_meta) discover
[0.162s] Level 1:colcon.colcon_core.package_discovery:discover_packages(recursive) discover
[0.162s] INFO:colcon.colcon_core.package_discovery:Crawling recursively for packages in '/home/diaoko/ros2_ws'
[0.163s] Level 1:colcon.colcon_core.package_identification:_identify(.) by extensions ['ignore', 'ignore_ament_install']
[0.163s] Level 1:colcon.colcon_core.package_identification:_identify(.) by extension 'ignore'
[0.163s] Level 1:colcon.colcon_core.package_identification:_identify(.) by extension 'ignore_ament_install'
[0.163s] Level 1:colcon.colcon_core.package_identification:_identify(.) by extensions ['colcon_pkg']
[0.163s] Level 1:colcon.colcon_core.package_identification:_identify(.) by extension 'colcon_pkg'
[0.163s] Level 1:colcon.colcon_core.package_identification:_identify(.) by extensions ['colcon_meta']
[0.163s] Level 1:colcon.colcon_core.package_identification:_identify(.) by extension 'colcon_meta'
[0.163s] Level 1:colcon.colcon_core.package_identification:_identify(.) by extensions ['ros']
[0.163s] Level 1:colcon.colcon_core.package_identification:_identify(.) by extension 'ros'
[0.226s] Level 1:colcon.colcon_core.package_identification:_identify(.) by extensions ['cmake', 'python']
[0.226s] Level 1:colcon.colcon_core.package_identification:_identify(.) by extension 'cmake'
[0.226s] Level 1:colcon.colcon_core.package_identification:_identify(.) by extension 'python'
[0.226s] Level 1:colcon.colcon_core.package_identification:_identify(.) by extensions ['python_setup_py']
[0.226s] Level 1:colcon.colcon_core.package_identification:_identify(.) by extension 'python_setup_py'
[0.228s] Level 1:colcon.colcon_core.package_identification:_identify(build) by extensions ['ignore', 'ignore_ament_install']
[0.229s] Level 1:colcon.colcon_core.package_identification:_identify(build) by extension 'ignore'
[0.229s] Level 1:colcon.colcon_core.package_identification:_identify(build) ignored
[0.229s] Level 1:colcon.colcon_core.package_identification:_identify(install) by extensions ['ignore', 'ignore_ament_install']
[0.230s] Level 1:colcon.colcon_core.package_identification:_identify(install) by extension 'ignore'
[0.230s] Level 1:colcon.colcon_core.package_identification:_identify(install) ignored
[0.230s] Level 1:colcon.colcon_core.package_identification:_identify(log) by extensions ['ignore', 'ignore_ament_install']
[0.230s] Level 1:colcon.colcon_core.package_identification:_identify(log) by extension 'ignore'
[0.230s] Level 1:colcon.colcon_core.package_identification:_identify(log) ignored
[0.230s] Level 1:colcon.colcon_core.package_identification:_identify(src) by extensions ['ignore', 'ignore_ament_install']
[0.231s] Level 1:colcon.colcon_core.package_identification:_identify(src) by extension 'ignore'
[0.231s] Level 1:colcon.colcon_core.package_identification:_identify(src) by extension 'ignore_ament_install'
[0.231s] Level 1:colcon.colcon_core.package_identification:_identify(src) by extensions ['colcon_pkg']
[0.231s] Level 1:colcon.colcon_core.package_identification:_identify(src) by extension 'colcon_pkg'
[0.231s] Level 1:colcon.colcon_core.package_identification:_identify(src) by extensions ['colcon_meta']
[0.231s] Level 1:colcon.colcon_core.package_identification:_identify(src) by extension 'colcon_meta'
[0.231s] Level 1:colcon.colcon_core.package_identification:_identify(src) by extensions ['ros']
[0.231s] Level 1:colcon.colcon_core.package_identification:_identify(src) by extension 'ros'
[0.231s] Level 1:colcon.colcon_core.package_identification:_identify(src) by extensions ['cmake', 'python']
[0.231s] Level 1:colcon.colcon_core.package_identification:_identify(src) by extension 'cmake'
[0.232s] Level 1:colcon.colcon_core.package_identification:_identify(src) by extension 'python'
[0.232s] Level 1:colcon.colcon_core.package_identification:_identify(src) by extensions ['python_setup_py']
[0.232s] Level 1:colcon.colcon_core.package_identification:_identify(src) by extension 'python_setup_py'
[0.232s] Level 1:colcon.colcon_core.package_identification:_identify(src/my_cpp_pkg) by extensions ['ignore', 'ignore_ament_install']
[0.232s] Level 1:colcon.colcon_core.package_identification:_identify(src/my_cpp_pkg) by extension 'ignore'
[0.232s] Level 1:colcon.colcon_core.package_identification:_identify(src/my_cpp_pkg) by extension 'ignore_ament_install'
[0.234s] Level 1:colcon.colcon_core.package_identification:_identify(src/my_cpp_pkg) by extensions ['colcon_pkg']
[0.234s] Level 1:colcon.colcon_core.package_identification:_identify(src/my_cpp_pkg) by extension 'colcon_pkg'
[0.234s] Level 1:colcon.colcon_core.package_identification:_identify(src/my_cpp_pkg) by extensions ['colcon_meta']
[0.234s] Level 1:colcon.colcon_core.package_identification:_identify(src/my_cpp_pkg) by extension 'colcon_meta'
[0.234s] Level 1:colcon.colcon_core.package_identification:_identify(src/my_cpp_pkg) by extensions ['ros']
[0.234s] Level 1:colcon.colcon_core.package_identification:_identify(src/my_cpp_pkg) by extension 'ros'
[0.241s] DEBUG:colcon.colcon_core.package_identification:Package 'src/my_cpp_pkg' with type 'ros.ament_cmake' and name 'my_cpp_pkg'
[0.241s] Level 1:colcon.colcon_core.package_identification:_identify(src/my_py_pkg) by extensions ['ignore', 'ignore_ament_install']
[0.241s] Level 1:colcon.colcon_core.package_identification:_identify(src/my_py_pkg) by extension 'ignore'
[0.241s] Level 1:colcon.colcon_core.package_identification:_identify(src/my_py_pkg) by extension 'ignore_ament_install'
[0.242s] Level 1:colcon.colcon_core.package_identification:_identify(src/my_py_pkg) by extensions ['colcon_pkg']
[0.242s] Level 1:colcon.colcon_core.package_identification:_identify(src/my_py_pkg) by extension 'colcon_pkg'
[0.242s] Level 1:colcon.colcon_core.package_identification:_identify(src/my_py_pkg) by extensions ['colcon_meta']
[0.242s] Level 1:colcon.colcon_core.package_identification:_identify(src/my_py_pkg) by extension 'colcon_meta'
[0.242s] Level 1:colcon.colcon_core.package_identification:_identify(src/my_py_pkg) by extensions ['ros']
[0.242s] Level 1:colcon.colcon_core.package_identification:_identify(src/my_py_pkg) by extension 'ros'
[0.243s] DEBUG:colcon.colcon_core.package_identification:Package 'src/my_py_pkg' with type 'ros.ament_python' and name 'my_py_pkg'
[0.243s] Level 1:colcon.colcon_core.package_identification:_identify(src/my_robot_interfaces) by extensions ['ignore', 'ignore_ament_install']
[0.243s] Level 1:colcon.colcon_core.package_identification:_identify(src/my_robot_interfaces) by extension 'ignore'
[0.244s] Level 1:colcon.colcon_core.package_identification:_identify(src/my_robot_interfaces) by extension 'ignore_ament_install'
[0.244s] Level 1:colcon.colcon_core.package_identification:_identify(src/my_robot_interfaces) by extensions ['colcon_pkg']
[0.244s] Level 1:colcon.colcon_core.package_identification:_identify(src/my_robot_interfaces) by extension 'colcon_pkg'
[0.244s] Level 1:colcon.colcon_core.package_identification:_identify(src/my_robot_interfaces) by extensions ['colcon_meta']
[0.244s] Level 1:colcon.colcon_core.package_identification:_identify(src/my_robot_interfaces) by extension 'colcon_meta'
[0.244s] Level 1:colcon.colcon_core.package_identification:_identify(src/my_robot_interfaces) by extensions ['ros']
[0.244s] Level 1:colcon.colcon_core.package_identification:_identify(src/my_robot_interfaces) by extension 'ros'
[0.245s] DEBUG:colcon.colcon_core.package_identification:Package 'src/my_robot_interfaces' with type 'ros.ament_cmake' and name 'my_robot_interfaces'
[0.245s] Level 1:colcon.colcon_core.package_identification:_identify(src/turtle_controller) by extensions ['ignore', 'ignore_ament_install']
[0.245s] Level 1:colcon.colcon_core.package_identification:_identify(src/turtle_controller) by extension 'ignore'
[0.246s] Level 1:colcon.colcon_core.package_identification:_identify(src/turtle_controller) by extension 'ignore_ament_install'
[0.246s] Level 1:colcon.colcon_core.package_identification:_identify(src/turtle_controller) by extensions ['colcon_pkg']
[0.246s] Level 1:colcon.colcon_core.package_identification:_identify(src/turtle_controller) by extension 'colcon_pkg'
[0.246s] Level 1:colcon.colcon_core.package_identification:_identify(src/turtle_controller) by extensions ['colcon_meta']
[0.246s] Level 1:colcon.colcon_core.package_identification:_identify(src/turtle_controller) by extension 'colcon_meta'
[0.246s] Level 1:colcon.colcon_core.package_identification:_identify(src/turtle_controller) by extensions ['ros']
[0.246s] Level 1:colcon.colcon_core.package_identification:_identify(src/turtle_controller) by extension 'ros'
[0.248s] DEBUG:colcon.colcon_core.package_identification:Package 'src/turtle_controller' with type 'ros.ament_python' and name 'turtle_controller'
[0.248s] Level 1:colcon.colcon_core.package_identification:_identify(src/turtle_controller_cpp) by extensions ['ignore', 'ignore_ament_install']
[0.248s] Level 1:colcon.colcon_core.package_identification:_identify(src/turtle_controller_cpp) by extension 'ignore'
[0.249s] Level 1:colcon.colcon_core.package_identification:_identify(src/turtle_controller_cpp) by extension 'ignore_ament_install'
[0.249s] Level 1:colcon.colcon_core.package_identification:_identify(src/turtle_controller_cpp) by extensions ['colcon_pkg']
[0.249s] Level 1:colcon.colcon_core.package_identification:_identify(src/turtle_controller_cpp) by extension 'colcon_pkg'
[0.249s] Level 1:colcon.colcon_core.package_identification:_identify(src/turtle_controller_cpp) by extensions ['colcon_meta']
[0.249s] Level 1:colcon.colcon_core.package_identification:_identify(src/turtle_controller_cpp) by extension 'colcon_meta'
[0.249s] Level 1:colcon.colcon_core.package_identification:_identify(src/turtle_controller_cpp) by extensions ['ros']
[0.249s] Level 1:colcon.colcon_core.package_identification:_identify(src/turtle_controller_cpp) by extension 'ros'
[0.251s] DEBUG:colcon.colcon_core.package_identification:Package 'src/turtle_controller_cpp' with type 'ros.ament_cmake' and name 'turtle_controller_cpp'
[0.251s] Level 1:colcon.colcon_core.package_discovery:discover_packages(recursive) using defaults
[0.251s] Level 1:colcon.colcon_core.package_discovery:discover_packages(ignore) discover
[0.251s] Level 1:colcon.colcon_core.package_discovery:discover_packages(ignore) using defaults
[0.251s] Level 1:colcon.colcon_core.package_discovery:discover_packages(path) discover
[0.251s] Level 1:colcon.colcon_core.package_discovery:discover_packages(path) using defaults
[0.280s] Level 1:colcon.colcon_core.package_discovery:discover_packages(prefix_path) check parameters
[0.280s] Level 1:colcon.colcon_core.package_discovery:discover_packages(prefix_path) discover
[0.282s] DEBUG:colcon.colcon_installed_package_information.package_discovery:Found 5 installed packages in /home/diaoko/ros2_ws/install
[0.283s] DEBUG:colcon.colcon_installed_package_information.package_discovery:Found 285 installed packages in /opt/ros/jazzy
[0.284s] Level 1:colcon.colcon_core.package_discovery:discover_packages(prefix_path) using defaults
[0.325s] Level 5:colcon.colcon_core.verb:set package 'my_py_pkg' build argument 'cmake_args' from command line to 'None'
[0.325s] Level 5:colcon.colcon_core.verb:set package 'my_py_pkg' build argument 'cmake_target' from command line to 'None'
[0.326s] Level 5:colcon.colcon_core.verb:set package 'my_py_pkg' build argument 'cmake_target_skip_unavailable' from command line to 'False'
[0.326s] Level 5:colcon.colcon_core.verb:set package 'my_py_pkg' build argument 'cmake_clean_cache' from command line to 'False'
[0.326s] Level 5:colcon.colcon_core.verb:set package 'my_py_pkg' build argument 'cmake_clean_first' from command line to 'False'
[0.326s] Level 5:colcon.colcon_core.verb:set package 'my_py_pkg' build argument 'cmake_force_configure' from command line to 'False'
[0.326s] Level 5:colcon.colcon_core.verb:set package 'my_py_pkg' build argument 'ament_cmake_args' from command line to 'None'
[0.326s] Level 5:colcon.colcon_core.verb:set package 'my_py_pkg' build argument 'catkin_cmake_args' from command line to 'None'
[0.326s] Level 5:colcon.colcon_core.verb:set package 'my_py_pkg' build argument 'catkin_skip_building_tests' from command line to 'False'
[0.326s] DEBUG:colcon.colcon_core.verb:Building package 'my_py_pkg' with the following arguments: {'ament_cmake_args': None, 'build_base': '/home/diaoko/ros2_ws/build/my_py_pkg', 'catkin_cmake_args': None, 'catkin_skip_building_tests': False, 'cmake_args': None, 'cmake_clean_cache': False, 'cmake_clean_first': False, 'cmake_force_configure': False, 'cmake_target': None, 'cmake_target_skip_unavailable': False, 'install_base': '/home/diaoko/ros2_ws/install/my_py_pkg', 'merge_install': False, 'path': '/home/diaoko/ros2_ws/src/my_py_pkg', 'symlink_install': False, 'test_result_base': None}
[0.326s] Level 5:colcon.colcon_core.verb:set package 'my_robot_interfaces' build argument 'cmake_args' from command line to 'None'
[0.326s] Level 5:colcon.colcon_core.verb:set package 'my_robot_interfaces' build argument 'cmake_target' from command line to 'None'
[0.326s] Level 5:colcon.colcon_core.verb:set package 'my_robot_interfaces' build argument 'cmake_target_skip_unavailable' from command line to 'False'
[0.326s] Level 5:colcon.colcon_core.verb:set package 'my_robot_interfaces' build argument 'cmake_clean_cache' from command line to 'False'
[0.326s] Level 5:colcon.colcon_core.verb:set package 'my_robot_interfaces' build argument 'cmake_clean_first' from command line to 'False'
[0.326s] Level 5:colcon.colcon_core.verb:set package 'my_robot_interfaces' build argument 'cmake_force_configure' from command line to 'False'
[0.326s] Level 5:colcon.colcon_core.verb:set package 'my_robot_interfaces' build argument 'ament_cmake_args' from command line to 'None'
[0.326s] Level 5:colcon.colcon_core.verb:set package 'my_robot_interfaces' build argument 'catkin_cmake_args' from command line to 'None'
[0.326s] Level 5:colcon.colcon_core.verb:set package 'my_robot_interfaces' build argument 'catkin_skip_building_tests' from command line to 'False'
[0.326s] DEBUG:colcon.colcon_core.verb:Building package 'my_robot_interfaces' with the following arguments: {'ament_cmake_args': None, 'build_base': '/home/diaoko/ros2_ws/build/my_robot_interfaces', 'catkin_cmake_args': None, 'catkin_skip_building_tests': False, 'cmake_args': None, 'cmake_clean_cache': False, 'cmake_clean_first': False, 'cmake_force_configure': False, 'cmake_target': None, 'cmake_target_skip_unavailable': False, 'install_base': '/home/diaoko/ros2_ws/install/my_robot_interfaces', 'merge_install': False, 'path': '/home/diaoko/ros2_ws/src/my_robot_interfaces', 'symlink_install': False, 'test_result_base': None}
[0.326s] Level 5:colcon.colcon_core.verb:set package 'turtle_controller' build argument 'cmake_args' from command line to 'None'
[0.327s] Level 5:colcon.colcon_core.verb:set package 'turtle_controller' build argument 'cmake_target' from command line to 'None'
[0.327s] Level 5:colcon.colcon_core.verb:set package 'turtle_controller' build argument 'cmake_target_skip_unavailable' from command line to 'False'
[0.327s] Level 5:colcon.colcon_core.verb:set package 'turtle_controller' build argument 'cmake_clean_cache' from command line to 'False'
[0.327s] Level 5:colcon.colcon_core.verb:set package 'turtle_controller' build argument 'cmake_clean_first' from command line to 'False'
[0.327s] Level 5:colcon.colcon_core.verb:set package 'turtle_controller' build argument 'cmake_force_configure' from command line to 'False'
[0.327s] Level 5:colcon.colcon_core.verb:set package 'turtle_controller' build argument 'ament_cmake_args' from command line to 'None'
[0.327s] Level 5:colcon.colcon_core.verb:set package 'turtle_controller' build argument 'catkin_cmake_args' from command line to 'None'
[0.327s] Level 5:colcon.colcon_core.verb:set package 'turtle_controller' build argument 'catkin_skip_building_tests' from command line to 'False'
[0.327s] DEBUG:colcon.colcon_core.verb:Building package 'turtle_controller' with the following arguments: {'ament_cmake_args': None, 'build_base': '/home/diaoko/ros2_ws/build/turtle_controller', 'catkin_cmake_args': None, 'catkin_skip_building_tests': False, 'cmake_args': None, 'cmake_clean_cache': False, 'cmake_clean_first': False, 'cmake_force_configure': False, 'cmake_target': None, 'cmake_target_skip_unavailable': False, 'install_base': '/home/diaoko/ros2_ws/install/turtle_controller', 'merge_install': False, 'path': '/home/diaoko/ros2_ws/src/turtle_controller', 'symlink_install': False, 'test_result_base': None}
[0.327s] Level 5:colcon.colcon_core.verb:set package 'turtle_controller_cpp' build argument 'cmake_args' from command line to 'None'
[0.327s] Level 5:colcon.colcon_core.verb:set package 'turtle_controller_cpp' build argument 'cmake_target' from command line to 'None'
[0.327s] Level 5:colcon.colcon_core.verb:set package 'turtle_controller_cpp' build argument 'cmake_target_skip_unavailable' from command line to 'False'
[0.327s] Level 5:colcon.colcon_core.verb:set package 'turtle_controller_cpp' build argument 'cmake_clean_cache' from command line to 'False'
[0.327s] Level 5:colcon.colcon_core.verb:set package 'turtle_controller_cpp' build argument 'cmake_clean_first' from command line to 'False'
[0.327s] Level 5:colcon.colcon_core.verb:set package 'turtle_controller_cpp' build argument 'cmake_force_configure' from command line to 'False'
[0.327s] Level 5:colcon.colcon_core.verb:set package 'turtle_controller_cpp' build argument 'ament_cmake_args' from command line to 'None'
[0.327s] Level 5:colcon.colcon_core.verb:set package 'turtle_controller_cpp' build argument 'catkin_cmake_args' from command line to 'None'
[0.327s] Level 5:colcon.colcon_core.verb:set package 'turtle_controller_cpp' build argument 'catkin_skip_building_tests' from command line to 'False'
[0.327s] DEBUG:colcon.colcon_core.verb:Building package 'turtle_controller_cpp' with the following arguments: {'ament_cmake_args': None, 'build_base': '/home/diaoko/ros2_ws/build/turtle_controller_cpp', 'catkin_cmake_args': None, 'catkin_skip_building_tests': False, 'cmake_args': None, 'cmake_clean_cache': False, 'cmake_clean_first': False, 'cmake_force_configure': False, 'cmake_target': None, 'cmake_target_skip_unavailable': False, 'install_base': '/home/diaoko/ros2_ws/install/turtle_controller_cpp', 'merge_install': False, 'path': '/home/diaoko/ros2_ws/src/turtle_controller_cpp', 'symlink_install': False, 'test_result_base': None}
[0.327s] Level 5:colcon.colcon_core.verb:set package 'my_cpp_pkg' build argument 'cmake_args' from command line to 'None'
[0.327s] Level 5:colcon.colcon_core.verb:set package 'my_cpp_pkg' build argument 'cmake_target' from command line to 'None'
[0.327s] Level 5:colcon.colcon_core.verb:set package 'my_cpp_pkg' build argument 'cmake_target_skip_unavailable' from command line to 'False'
[0.327s] Level 5:colcon.colcon_core.verb:set package 'my_cpp_pkg' build argument 'cmake_clean_cache' from command line to 'False'
[0.327s] Level 5:colcon.colcon_core.verb:set package 'my_cpp_pkg' build argument 'cmake_clean_first' from command line to 'False'
[0.327s] Level 5:colcon.colcon_core.verb:set package 'my_cpp_pkg' build argument 'cmake_force_configure' from command line to 'False'
[0.327s] Level 5:colcon.colcon_core.verb:set package 'my_cpp_pkg' build argument 'ament_cmake_args' from command line to 'None'
[0.328s] Level 5:colcon.colcon_core.verb:set package 'my_cpp_pkg' build argument 'catkin_cmake_args' from command line to 'None'
[0.328s] Level 5:colcon.colcon_core.verb:set package 'my_cpp_pkg' build argument 'catkin_skip_building_tests' from command line to 'False'
[0.328s] DEBUG:colcon.colcon_core.verb:Building package 'my_cpp_pkg' with the following arguments: {'ament_cmake_args': None, 'build_base': '/home/diaoko/ros2_ws/build/my_cpp_pkg', 'catkin_cmake_args': None, 'catkin_skip_building_tests': False, 'cmake_args': None, 'cmake_clean_cache': False, 'cmake_clean_first': False, 'cmake_force_configure': False, 'cmake_target': None, 'cmake_target_skip_unavailable': False, 'install_base': '/home/diaoko/ros2_ws/install/my_cpp_pkg', 'merge_install': False, 'path': '/home/diaoko/ros2_ws/src/my_cpp_pkg', 'symlink_install': False, 'test_result_base': None}
[0.328s] INFO:colcon.colcon_core.executor:Executing jobs using 'parallel' executor
[0.329s] DEBUG:colcon.colcon_parallel_executor.executor.parallel:run_until_complete
[0.329s] INFO:colcon.colcon_ros.task.ament_cmake.build:Building ROS package in '/home/diaoko/ros2_ws/src/my_robot_interfaces' with build type 'ament_cmake'
[0.329s] INFO:colcon.colcon_cmake.task.cmake.build:Building CMake package in '/home/diaoko/ros2_ws/src/my_robot_interfaces'
[0.332s] INFO:colcon.colcon_core.plugin_system:Skipping extension 'colcon_core.shell.bat': Not used on non-Windows systems
[0.332s] INFO:colcon.colcon_core.shell:Skip shell extension 'powershell' for command environment: Not usable outside of PowerShell
[0.332s] DEBUG:colcon.colcon_core.shell:Skip shell extension 'dsv' for command environment
[0.338s] INFO:colcon.colcon_ros.task.ament_python.build:Building ROS package in '/home/diaoko/ros2_ws/src/my_py_pkg' with build type 'ament_python'
[0.338s] Level 1:colcon.colcon_core.shell:create_environment_hook('my_py_pkg', 'ament_prefix_path')
[0.338s] INFO:colcon.colcon_core.shell:Creating environment hook '/home/diaoko/ros2_ws/install/my_py_pkg/share/my_py_pkg/hook/ament_prefix_path.ps1'
[0.339s] INFO:colcon.colcon_core.shell:Creating environment descriptor '/home/diaoko/ros2_ws/install/my_py_pkg/share/my_py_pkg/hook/ament_prefix_path.dsv'
[0.340s] INFO:colcon.colcon_core.shell:Creating environment hook '/home/diaoko/ros2_ws/install/my_py_pkg/share/my_py_pkg/hook/ament_prefix_path.sh'
[0.340s] INFO:colcon.colcon_core.shell:Skip shell extension 'powershell' for command environment: Not usable outside of PowerShell
[0.340s] DEBUG:colcon.colcon_core.shell:Skip shell extension 'dsv' for command environment
[0.345s] INFO:colcon.colcon_ros.task.ament_python.build:Building ROS package in '/home/diaoko/ros2_ws/src/turtle_controller' with build type 'ament_python'
[0.345s] Level 1:colcon.colcon_core.shell:create_environment_hook('turtle_controller', 'ament_prefix_path')
[0.346s] INFO:colcon.colcon_core.shell:Creating environment hook '/home/diaoko/ros2_ws/install/turtle_controller/share/turtle_controller/hook/ament_prefix_path.ps1'
[0.346s] INFO:colcon.colcon_core.shell:Creating environment descriptor '/home/diaoko/ros2_ws/install/turtle_controller/share/turtle_controller/hook/ament_prefix_path.dsv'
[0.347s] INFO:colcon.colcon_core.shell:Creating environment hook '/home/diaoko/ros2_ws/install/turtle_controller/share/turtle_controller/hook/ament_prefix_path.sh'
[0.348s] INFO:colcon.colcon_core.shell:Skip shell extension 'powershell' for command environment: Not usable outside of PowerShell
[0.348s] DEBUG:colcon.colcon_core.shell:Skip shell extension 'dsv' for command environment
[0.357s] INFO:colcon.colcon_ros.task.ament_cmake.build:Building ROS package in '/home/diaoko/ros2_ws/src/turtle_controller_cpp' with build type 'ament_cmake'
[0.358s] INFO:colcon.colcon_cmake.task.cmake.build:Building CMake package in '/home/diaoko/ros2_ws/src/turtle_controller_cpp'
[0.358s] INFO:colcon.colcon_core.shell:Skip shell extension 'powershell' for command environment: Not usable outside of PowerShell
[0.359s] DEBUG:colcon.colcon_core.shell:Skip shell extension 'dsv' for command environment
[0.372s] DEBUG:colcon.colcon_core.event_handler.log_command:Invoking command in '/home/diaoko/ros2_ws/build/my_robot_interfaces': CMAKE_PREFIX_PATH=${CMAKE_PREFIX_PATH}:/home/diaoko/ros2_ws/install/turtle_controller:/home/diaoko/ros2_ws/install/my_py_pkg:/opt/ros/jazzy DEBUGINFOD_URLS=https://debuginfod.ubuntu.com /usr/bin/cmake --build /home/diaoko/ros2_ws/build/my_robot_interfaces -- -j12 -l12
[0.642s] INFO:colcon.colcon_core.task.python.build:Building Python package in '/home/diaoko/ros2_ws/src/my_py_pkg'
[0.642s] INFO:colcon.colcon_core.shell:Skip shell extension 'powershell' for command environment: Not usable outside of PowerShell
[0.642s] DEBUG:colcon.colcon_core.shell:Skip shell extension 'dsv' for command environment
[0.936s] INFO:colcon.colcon_core.task.python.build:Building Python package in '/home/diaoko/ros2_ws/src/turtle_controller'
[0.936s] INFO:colcon.colcon_core.shell:Skip shell extension 'powershell' for command environment: Not usable outside of PowerShell
[0.936s] DEBUG:colcon.colcon_core.shell:Skip shell extension 'dsv' for command environment
[0.958s] DEBUG:colcon.colcon_core.event_handler.log_command:Invoking command in '/home/diaoko/ros2_ws/build/turtle_controller_cpp': CMAKE_PREFIX_PATH=${CMAKE_PREFIX_PATH}:/home/diaoko/ros2_ws/install/turtle_controller:/home/diaoko/ros2_ws/install/my_py_pkg:/opt/ros/jazzy DEBUGINFOD_URLS=https://debuginfod.ubuntu.com /usr/bin/cmake --build /home/diaoko/ros2_ws/build/turtle_controller_cpp -- -j12 -l12
[0.960s] DEBUG:colcon.colcon_core.event_handler.log_command:Invoked command in '/home/diaoko/ros2_ws/build/my_robot_interfaces' returned '0': CMAKE_PREFIX_PATH=${CMAKE_PREFIX_PATH}:/home/diaoko/ros2_ws/install/turtle_controller:/home/diaoko/ros2_ws/install/my_py_pkg:/opt/ros/jazzy DEBUGINFOD_URLS=https://debuginfod.ubuntu.com /usr/bin/cmake --build /home/diaoko/ros2_ws/build/my_robot_interfaces -- -j12 -l12
[0.981s] DEBUG:colcon.colcon_core.event_handler.log_command:Invoking command in '/home/diaoko/ros2_ws/build/my_robot_interfaces': CMAKE_PREFIX_PATH=${CMAKE_PREFIX_PATH}:/home/diaoko/ros2_ws/install/turtle_controller:/home/diaoko/ros2_ws/install/my_py_pkg:/opt/ros/jazzy DEBUGINFOD_URLS=https://debuginfod.ubuntu.com /usr/bin/cmake --install /home/diaoko/ros2_ws/build/my_robot_interfaces
[1.089s] DEBUG:colcon.colcon_core.event_handler.log_command:Invoked command in '/home/diaoko/ros2_ws/build/turtle_controller_cpp' returned '0': CMAKE_PREFIX_PATH=${CMAKE_PREFIX_PATH}:/home/diaoko/ros2_ws/install/turtle_controller:/home/diaoko/ros2_ws/install/my_py_pkg:/opt/ros/jazzy DEBUGINFOD_URLS=https://debuginfod.ubuntu.com /usr/bin/cmake --build /home/diaoko/ros2_ws/build/turtle_controller_cpp -- -j12 -l12
[1.090s] DEBUG:colcon.colcon_core.event_handler.log_command:Invoking command in '/home/diaoko/ros2_ws/build/turtle_controller_cpp': CMAKE_PREFIX_PATH=${CMAKE_PREFIX_PATH}:/home/diaoko/ros2_ws/install/turtle_controller:/home/diaoko/ros2_ws/install/my_py_pkg:/opt/ros/jazzy DEBUGINFOD_URLS=https://debuginfod.ubuntu.com /usr/bin/cmake --install /home/diaoko/ros2_ws/build/turtle_controller_cpp
[1.090s] Level 1:colcon.colcon_core.environment:create_environment_scripts_only(my_robot_interfaces)
[1.091s] DEBUG:colcon.colcon_core.event_handler.log_command:Invoked command in '/home/diaoko/ros2_ws/build/my_robot_interfaces' returned '0': CMAKE_PREFIX_PATH=${CMAKE_PREFIX_PATH}:/home/diaoko/ros2_ws/install/turtle_controller:/home/diaoko/ros2_ws/install/my_py_pkg:/opt/ros/jazzy DEBUGINFOD_URLS=https://debuginfod.ubuntu.com /usr/bin/cmake --install /home/diaoko/ros2_ws/build/my_robot_interfaces
[1.094s] Level 1:colcon.colcon_core.environment:checking '/home/diaoko/ros2_ws/install/my_robot_interfaces' for CMake module files
[1.095s] Level 1:colcon.colcon_core.environment:checking '/home/diaoko/ros2_ws/install/my_robot_interfaces' for CMake config files
[1.096s] Level 1:colcon.colcon_core.shell:create_environment_hook('my_robot_interfaces', 'cmake_prefix_path')
[1.096s] INFO:colcon.colcon_core.shell:Creating environment hook '/home/diaoko/ros2_ws/install/my_robot_interfaces/share/my_robot_interfaces/hook/cmake_prefix_path.ps1'
[1.097s] INFO:colcon.colcon_core.shell:Creating environment descriptor '/home/diaoko/ros2_ws/install/my_robot_interfaces/share/my_robot_interfaces/hook/cmake_prefix_path.dsv'
[1.098s] INFO:colcon.colcon_core.shell:Creating environment hook '/home/diaoko/ros2_ws/install/my_robot_interfaces/share/my_robot_interfaces/hook/cmake_prefix_path.sh'
[1.099s] Level 1:colcon.colcon_core.environment:checking '/home/diaoko/ros2_ws/install/my_robot_interfaces/lib'
[1.099s] Level 1:colcon.colcon_core.shell:create_environment_hook('my_robot_interfaces', 'ld_library_path_lib')
[1.099s] INFO:colcon.colcon_core.shell:Creating environment hook '/home/diaoko/ros2_ws/install/my_robot_interfaces/share/my_robot_interfaces/hook/ld_library_path_lib.ps1'
[1.101s] INFO:colcon.colcon_core.shell:Creating environment descriptor '/home/diaoko/ros2_ws/install/my_robot_interfaces/share/my_robot_interfaces/hook/ld_library_path_lib.dsv'
[1.103s] INFO:colcon.colcon_core.shell:Creating environment hook '/home/diaoko/ros2_ws/install/my_robot_interfaces/share/my_robot_interfaces/hook/ld_library_path_lib.sh'
[1.103s] Level 1:colcon.colcon_core.environment:checking '/home/diaoko/ros2_ws/install/my_robot_interfaces/bin'
[1.104s] Level 1:colcon.colcon_core.environment:checking '/home/diaoko/ros2_ws/install/my_robot_interfaces/lib/pkgconfig/my_robot_interfaces.pc'
[1.104s] Level 1:colcon.colcon_core.environment:checking '/home/diaoko/ros2_ws/install/my_robot_interfaces/lib/python3.12/site-packages'
[1.104s] Level 1:colcon.colcon_core.shell:create_environment_hook('my_robot_interfaces', 'pythonpath')
[1.104s] INFO:colcon.colcon_core.shell:Creating environment hook '/home/diaoko/ros2_ws/install/my_robot_interfaces/share/my_robot_interfaces/hook/pythonpath.ps1'
[1.105s] INFO:colcon.colcon_core.shell:Creating environment descriptor '/home/diaoko/ros2_ws/install/my_robot_interfaces/share/my_robot_interfaces/hook/pythonpath.dsv'
[1.106s] INFO:colcon.colcon_core.shell:Creating environment hook '/home/diaoko/ros2_ws/install/my_robot_interfaces/share/my_robot_interfaces/hook/pythonpath.sh'
[1.106s] Level 1:colcon.colcon_core.environment:checking '/home/diaoko/ros2_ws/install/my_robot_interfaces/bin'
[1.107s] INFO:colcon.colcon_core.shell:Creating package script '/home/diaoko/ros2_ws/install/my_robot_interfaces/share/my_robot_interfaces/package.ps1'
[1.108s] INFO:colcon.colcon_core.shell:Creating package descriptor '/home/diaoko/ros2_ws/install/my_robot_interfaces/share/my_robot_interfaces/package.dsv'
[1.109s] INFO:colcon.colcon_core.shell:Creating package script '/home/diaoko/ros2_ws/install/my_robot_interfaces/share/my_robot_interfaces/package.sh'
[1.110s] INFO:colcon.colcon_core.shell:Creating package script '/home/diaoko/ros2_ws/install/my_robot_interfaces/share/my_robot_interfaces/package.bash'
[1.111s] INFO:colcon.colcon_core.shell:Creating package script '/home/diaoko/ros2_ws/install/my_robot_interfaces/share/my_robot_interfaces/package.zsh'
[1.112s] Level 1:colcon.colcon_core.environment:create_file_with_runtime_dependencies(/home/diaoko/ros2_ws/install/my_robot_interfaces/share/colcon-core/packages/my_robot_interfaces)
[1.113s] Level 1:colcon.colcon_core.environment:create_environment_scripts_only(my_robot_interfaces)
[1.113s] Level 1:colcon.colcon_core.environment:checking '/home/diaoko/ros2_ws/install/my_robot_interfaces' for CMake module files
[1.114s] Level 1:colcon.colcon_core.environment:checking '/home/diaoko/ros2_ws/install/my_robot_interfaces' for CMake config files
[1.115s] Level 1:colcon.colcon_core.shell:create_environment_hook('my_robot_interfaces', 'cmake_prefix_path')
[1.115s] INFO:colcon.colcon_core.shell:Creating environment hook '/home/diaoko/ros2_ws/install/my_robot_interfaces/share/my_robot_interfaces/hook/cmake_prefix_path.ps1'
[1.116s] INFO:colcon.colcon_core.shell:Creating environment descriptor '/home/diaoko/ros2_ws/install/my_robot_interfaces/share/my_robot_interfaces/hook/cmake_prefix_path.dsv'
[1.116s] INFO:colcon.colcon_core.shell:Creating environment hook '/home/diaoko/ros2_ws/install/my_robot_interfaces/share/my_robot_interfaces/hook/cmake_prefix_path.sh'
[1.117s] Level 1:colcon.colcon_core.environment:checking '/home/diaoko/ros2_ws/install/my_robot_interfaces/lib'
[1.117s] Level 1:colcon.colcon_core.shell:create_environment_hook('my_robot_interfaces', 'ld_library_path_lib')
[1.117s] INFO:colcon.colcon_core.shell:Creating environment hook '/home/diaoko/ros2_ws/install/my_robot_interfaces/share/my_robot_interfaces/hook/ld_library_path_lib.ps1'
[1.118s] INFO:colcon.colcon_core.shell:Creating environment descriptor '/home/diaoko/ros2_ws/install/my_robot_interfaces/share/my_robot_interfaces/hook/ld_library_path_lib.dsv'
[1.118s] INFO:colcon.colcon_core.shell:Creating environment hook '/home/diaoko/ros2_ws/install/my_robot_interfaces/share/my_robot_interfaces/hook/ld_library_path_lib.sh'
[1.119s] Level 1:colcon.colcon_core.environment:checking '/home/diaoko/ros2_ws/install/my_robot_interfaces/bin'
[1.119s] Level 1:colcon.colcon_core.environment:checking '/home/diaoko/ros2_ws/install/my_robot_interfaces/lib/pkgconfig/my_robot_interfaces.pc'
[1.119s] Level 1:colcon.colcon_core.environment:checking '/home/diaoko/ros2_ws/install/my_robot_interfaces/lib/python3.12/site-packages'
[1.119s] Level 1:colcon.colcon_core.shell:create_environment_hook('my_robot_interfaces', 'pythonpath')
[1.119s] INFO:colcon.colcon_core.shell:Creating environment hook '/home/diaoko/ros2_ws/install/my_robot_interfaces/share/my_robot_interfaces/hook/pythonpath.ps1'
[1.120s] INFO:colcon.colcon_core.shell:Creating environment descriptor '/home/diaoko/ros2_ws/install/my_robot_interfaces/share/my_robot_interfaces/hook/pythonpath.dsv'
[1.120s] INFO:colcon.colcon_core.shell:Creating environment hook '/home/diaoko/ros2_ws/install/my_robot_interfaces/share/my_robot_interfaces/hook/pythonpath.sh'
[1.121s] Level 1:colcon.colcon_core.environment:checking '/home/diaoko/ros2_ws/install/my_robot_interfaces/bin'
[1.122s] INFO:colcon.colcon_core.shell:Creating package script '/home/diaoko/ros2_ws/install/my_robot_interfaces/share/my_robot_interfaces/package.ps1'
[1.122s] INFO:colcon.colcon_core.shell:Creating package descriptor '/home/diaoko/ros2_ws/install/my_robot_interfaces/share/my_robot_interfaces/package.dsv'
[1.123s] INFO:colcon.colcon_core.shell:Creating package script '/home/diaoko/ros2_ws/install/my_robot_interfaces/share/my_robot_interfaces/package.sh'
[1.124s] INFO:colcon.colcon_core.shell:Creating package script '/home/diaoko/ros2_ws/install/my_robot_interfaces/share/my_robot_interfaces/package.bash'
[1.124s] INFO:colcon.colcon_core.shell:Creating package script '/home/diaoko/ros2_ws/install/my_robot_interfaces/share/my_robot_interfaces/package.zsh'
[1.125s] Level 1:colcon.colcon_core.environment:create_file_with_runtime_dependencies(/home/diaoko/ros2_ws/install/my_robot_interfaces/share/colcon-core/packages/my_robot_interfaces)
[1.125s] INFO:colcon.colcon_ros.task.ament_cmake.build:Building ROS package in '/home/diaoko/ros2_ws/src/my_cpp_pkg' with build type 'ament_cmake'
[1.126s] INFO:colcon.colcon_cmake.task.cmake.build:Building CMake package in '/home/diaoko/ros2_ws/src/my_cpp_pkg'
[1.126s] INFO:colcon.colcon_core.shell:Skip shell extension 'powershell' for command environment: Not usable outside of PowerShell
[1.126s] DEBUG:colcon.colcon_core.shell:Skip shell extension 'dsv' for command environment
[1.133s] Level 1:colcon.colcon_core.environment:create_environment_scripts_only(turtle_controller_cpp)
[1.133s] Level 1:colcon.colcon_core.environment:checking '/home/diaoko/ros2_ws/install/turtle_controller_cpp' for CMake module files
[1.134s] DEBUG:colcon.colcon_core.event_handler.log_command:Invoked command in '/home/diaoko/ros2_ws/build/turtle_controller_cpp' returned '0': CMAKE_PREFIX_PATH=${CMAKE_PREFIX_PATH}:/home/diaoko/ros2_ws/install/turtle_controller:/home/diaoko/ros2_ws/install/my_py_pkg:/opt/ros/jazzy DEBUGINFOD_URLS=https://debuginfod.ubuntu.com /usr/bin/cmake --install /home/diaoko/ros2_ws/build/turtle_controller_cpp
[1.135s] Level 1:colcon.colcon_core.environment:checking '/home/diaoko/ros2_ws/install/turtle_controller_cpp' for CMake config files
[1.135s] Level 1:colcon.colcon_core.shell:create_environment_hook('turtle_controller_cpp', 'cmake_prefix_path')
[1.135s] INFO:colcon.colcon_core.shell:Creating environment hook '/home/diaoko/ros2_ws/install/turtle_controller_cpp/share/turtle_controller_cpp/hook/cmake_prefix_path.ps1'
[1.136s] INFO:colcon.colcon_core.shell:Creating environment descriptor '/home/diaoko/ros2_ws/install/turtle_controller_cpp/share/turtle_controller_cpp/hook/cmake_prefix_path.dsv'
[1.136s] INFO:colcon.colcon_core.shell:Creating environment hook '/home/diaoko/ros2_ws/install/turtle_controller_cpp/share/turtle_controller_cpp/hook/cmake_prefix_path.sh'
[1.137s] Level 1:colcon.colcon_core.environment:checking '/home/diaoko/ros2_ws/install/turtle_controller_cpp/lib'
[1.137s] Level 1:colcon.colcon_core.environment:checking '/home/diaoko/ros2_ws/install/turtle_controller_cpp/bin'
[1.138s] Level 1:colcon.colcon_core.environment:checking '/home/diaoko/ros2_ws/install/turtle_controller_cpp/lib/pkgconfig/turtle_controller_cpp.pc'
[1.138s] Level 1:colcon.colcon_core.environment:checking '/home/diaoko/ros2_ws/install/turtle_controller_cpp/lib/python3.12/site-packages'
[1.138s] Level 1:colcon.colcon_core.environment:checking '/home/diaoko/ros2_ws/install/turtle_controller_cpp/bin'
[1.139s] INFO:colcon.colcon_core.shell:Creating package script '/home/diaoko/ros2_ws/install/turtle_controller_cpp/share/turtle_controller_cpp/package.ps1'
[1.139s] INFO:colcon.colcon_core.shell:Creating package descriptor '/home/diaoko/ros2_ws/install/turtle_controller_cpp/share/turtle_controller_cpp/package.dsv'
[1.140s] INFO:colcon.colcon_core.shell:Creating package script '/home/diaoko/ros2_ws/install/turtle_controller_cpp/share/turtle_controller_cpp/package.sh'
[1.140s] INFO:colcon.colcon_core.shell:Creating package script '/home/diaoko/ros2_ws/install/turtle_controller_cpp/share/turtle_controller_cpp/package.bash'
[1.141s] INFO:colcon.colcon_core.shell:Creating package script '/home/diaoko/ros2_ws/install/turtle_controller_cpp/share/turtle_controller_cpp/package.zsh'
[1.141s] Level 1:colcon.colcon_core.environment:create_file_with_runtime_dependencies(/home/diaoko/ros2_ws/install/turtle_controller_cpp/share/colcon-core/packages/turtle_controller_cpp)
[1.142s] Level 1:colcon.colcon_core.environment:create_environment_scripts_only(turtle_controller_cpp)
[1.142s] Level 1:colcon.colcon_core.environment:checking '/home/diaoko/ros2_ws/install/turtle_controller_cpp' for CMake module files
[1.143s] Level 1:colcon.colcon_core.environment:checking '/home/diaoko/ros2_ws/install/turtle_controller_cpp' for CMake config files
[1.143s] Level 1:colcon.colcon_core.shell:create_environment_hook('turtle_controller_cpp', 'cmake_prefix_path')
[1.143s] INFO:colcon.colcon_core.shell:Creating environment hook '/home/diaoko/ros2_ws/install/turtle_controller_cpp/share/turtle_controller_cpp/hook/cmake_prefix_path.ps1'
[1.144s] INFO:colcon.colcon_core.shell:Creating environment descriptor '/home/diaoko/ros2_ws/install/turtle_controller_cpp/share/turtle_controller_cpp/hook/cmake_prefix_path.dsv'
[1.144s] INFO:colcon.colcon_core.shell:Creating environment hook '/home/diaoko/ros2_ws/install/turtle_controller_cpp/share/turtle_controller_cpp/hook/cmake_prefix_path.sh'
[1.145s] Level 1:colcon.colcon_core.environment:checking '/home/diaoko/ros2_ws/install/turtle_controller_cpp/lib'
[1.146s] Level 1:colcon.colcon_core.environment:checking '/home/diaoko/ros2_ws/install/turtle_controller_cpp/bin'
[1.146s] Level 1:colcon.colcon_core.environment:checking '/home/diaoko/ros2_ws/install/turtle_controller_cpp/lib/pkgconfig/turtle_controller_cpp.pc'
[1.146s] Level 1:colcon.colcon_core.environment:checking '/home/diaoko/ros2_ws/install/turtle_controller_cpp/lib/python3.12/site-packages'
[1.146s] Level 1:colcon.colcon_core.environment:checking '/home/diaoko/ros2_ws/install/turtle_controller_cpp/bin'
[1.146s] INFO:colcon.colcon_core.shell:Creating package script '/home/diaoko/ros2_ws/install/turtle_controller_cpp/share/turtle_controller_cpp/package.ps1'
[1.147s] INFO:colcon.colcon_core.shell:Creating package descriptor '/home/diaoko/ros2_ws/install/turtle_controller_cpp/share/turtle_controller_cpp/package.dsv'
[1.147s] INFO:colcon.colcon_core.shell:Creating package script '/home/diaoko/ros2_ws/install/turtle_controller_cpp/share/turtle_controller_cpp/package.sh'
[1.148s] INFO:colcon.colcon_core.shell:Creating package script '/home/diaoko/ros2_ws/install/turtle_controller_cpp/share/turtle_controller_cpp/package.bash'
[1.148s] INFO:colcon.colcon_core.shell:Creating package script '/home/diaoko/ros2_ws/install/turtle_controller_cpp/share/turtle_controller_cpp/package.zsh'
[1.148s] Level 1:colcon.colcon_core.environment:create_file_with_runtime_dependencies(/home/diaoko/ros2_ws/install/turtle_controller_cpp/share/colcon-core/packages/turtle_controller_cpp)
[1.153s] DEBUG:colcon.colcon_core.event_handler.log_command:Invoking command in '/home/diaoko/ros2_ws/build/my_cpp_pkg': CMAKE_PREFIX_PATH=/home/diaoko/ros2_ws/install/my_robot_interfaces:/home/diaoko/ros2_ws/install/turtle_controller_cpp:/home/diaoko/ros2_ws/install/my_cpp_pkg:/opt/ros/jazzy/opt/gz_math_vendor:/opt/ros/jazzy/opt/gz_utils_vendor:/opt/ros/jazzy/opt/gz_cmake_vendor:/home/diaoko/ros2_ws/install/turtle_controller:/home/diaoko/ros2_ws/install/my_py_pkg:/opt/ros/jazzy DEBUGINFOD_URLS=https://debuginfod.ubuntu.com PYTHONPATH=/home/diaoko/ros2_ws/install/my_robot_interfaces/lib/python3.12/site-packages:/home/diaoko/ros2_ws/install/turtle_controller/lib/python3.12/site-packages:/home/diaoko/ros2_ws/install/my_py_pkg/lib/python3.12/site-packages:/opt/ros/jazzy/lib/python3.12/site-packages /usr/bin/cmake --build /home/diaoko/ros2_ws/build/my_cpp_pkg -- -j12 -l12
[1.748s] DEBUG:colcon.colcon_core.event_handler.log_command:Invoking command in '/home/diaoko/ros2_ws/src/turtle_controller': DEBUGINFOD_URLS=https://debuginfod.ubuntu.com PYTHONPATH=/home/diaoko/ros2_ws/build/turtle_controller/prefix_override:/usr/lib/python3/dist-packages/colcon_core/task/python/colcon_distutils_commands:/home/diaoko/ros2_ws/install/turtle_controller/lib/python3.12/site-packages:${PYTHONPATH} /usr/bin/python3 -W ignore:setup.py install is deprecated -W ignore:easy_install command is deprecated setup.py egg_info --egg-base ../../build/turtle_controller build --build-base /home/diaoko/ros2_ws/build/turtle_controller/build install --record /home/diaoko/ros2_ws/build/turtle_controller/install.log --single-version-externally-managed install_data
[1.762s] DEBUG:colcon.colcon_core.event_handler.log_command:Invoking command in '/home/diaoko/ros2_ws/src/my_py_pkg': DEBUGINFOD_URLS=https://debuginfod.ubuntu.com PYTHONPATH=/home/diaoko/ros2_ws/build/my_py_pkg/prefix_override:/usr/lib/python3/dist-packages/colcon_core/task/python/colcon_distutils_commands:/home/diaoko/ros2_ws/install/my_py_pkg/lib/python3.12/site-packages:${PYTHONPATH} /usr/bin/python3 -W ignore:setup.py install is deprecated -W ignore:easy_install command is deprecated setup.py egg_info --egg-base ../../build/my_py_pkg build --build-base /home/diaoko/ros2_ws/build/my_py_pkg/build install --record /home/diaoko/ros2_ws/build/my_py_pkg/install.log --single-version-externally-managed install_data
[2.448s] Level 1:colcon.colcon_core.environment:checking '/home/diaoko/ros2_ws/install/my_py_pkg' for CMake module files
[2.449s] DEBUG:colcon.colcon_core.event_handler.log_command:Invoked command in '/home/diaoko/ros2_ws/src/my_py_pkg' returned '0': DEBUGINFOD_URLS=https://debuginfod.ubuntu.com PYTHONPATH=/home/diaoko/ros2_ws/build/my_py_pkg/prefix_override:/usr/lib/python3/dist-packages/colcon_core/task/python/colcon_distutils_commands:/home/diaoko/ros2_ws/install/my_py_pkg/lib/python3.12/site-packages:${PYTHONPATH} /usr/bin/python3 -W ignore:setup.py install is deprecated -W ignore:easy_install command is deprecated setup.py egg_info --egg-base ../../build/my_py_pkg build --build-base /home/diaoko/ros2_ws/build/my_py_pkg/build install --record /home/diaoko/ros2_ws/build/my_py_pkg/install.log --single-version-externally-managed install_data
[2.449s] Level 1:colcon.colcon_core.environment:checking '/home/diaoko/ros2_ws/install/my_py_pkg' for CMake config files
[2.451s] Level 1:colcon.colcon_core.environment:checking '/home/diaoko/ros2_ws/install/my_py_pkg/lib'
[2.452s] Level 1:colcon.colcon_core.environment:checking '/home/diaoko/ros2_ws/install/my_py_pkg/bin'
[2.452s] Level 1:colcon.colcon_core.environment:checking '/home/diaoko/ros2_ws/install/my_py_pkg/lib/pkgconfig/my_py_pkg.pc'
[2.453s] Level 1:colcon.colcon_core.environment:checking '/home/diaoko/ros2_ws/install/my_py_pkg/lib/python3.12/site-packages'
[2.453s] Level 1:colcon.colcon_core.shell:create_environment_hook('my_py_pkg', 'pythonpath')
[2.453s] INFO:colcon.colcon_core.shell:Creating environment hook '/home/diaoko/ros2_ws/install/my_py_pkg/share/my_py_pkg/hook/pythonpath.ps1'
[2.454s] INFO:colcon.colcon_core.shell:Creating environment descriptor '/home/diaoko/ros2_ws/install/my_py_pkg/share/my_py_pkg/hook/pythonpath.dsv'
[2.455s] INFO:colcon.colcon_core.shell:Creating environment hook '/home/diaoko/ros2_ws/install/my_py_pkg/share/my_py_pkg/hook/pythonpath.sh'
[2.456s] Level 1:colcon.colcon_core.environment:checking '/home/diaoko/ros2_ws/install/my_py_pkg/bin'
[2.456s] Level 1:colcon.colcon_core.environment:create_environment_scripts_only(my_py_pkg)
[2.456s] INFO:colcon.colcon_core.shell:Creating package script '/home/diaoko/ros2_ws/install/my_py_pkg/share/my_py_pkg/package.ps1'
[2.457s] INFO:colcon.colcon_core.shell:Creating package descriptor '/home/diaoko/ros2_ws/install/my_py_pkg/share/my_py_pkg/package.dsv'
[2.458s] INFO:colcon.colcon_core.shell:Creating package script '/home/diaoko/ros2_ws/install/my_py_pkg/share/my_py_pkg/package.sh'
[2.458s] INFO:colcon.colcon_core.shell:Creating package script '/home/diaoko/ros2_ws/install/my_py_pkg/share/my_py_pkg/package.bash'
[2.459s] INFO:colcon.colcon_core.shell:Creating package script '/home/diaoko/ros2_ws/install/my_py_pkg/share/my_py_pkg/package.zsh'
[2.459s] Level 1:colcon.colcon_core.environment:create_file_with_runtime_dependencies(/home/diaoko/ros2_ws/install/my_py_pkg/share/colcon-core/packages/my_py_pkg)
[2.461s] Level 1:colcon.colcon_core.environment:create_environment_scripts_only(my_cpp_pkg)
[2.461s] Level 1:colcon.colcon_core.environment:checking '/home/diaoko/ros2_ws/install/my_cpp_pkg' for CMake module files
[2.462s] DEBUG:colcon.colcon_core.event_handler.log_command:Invoked command in '/home/diaoko/ros2_ws/build/my_cpp_pkg' returned '2': CMAKE_PREFIX_PATH=/home/diaoko/ros2_ws/install/my_robot_interfaces:/home/diaoko/ros2_ws/install/turtle_controller_cpp:/home/diaoko/ros2_ws/install/my_cpp_pkg:/opt/ros/jazzy/opt/gz_math_vendor:/opt/ros/jazzy/opt/gz_utils_vendor:/opt/ros/jazzy/opt/gz_cmake_vendor:/home/diaoko/ros2_ws/install/turtle_controller:/home/diaoko/ros2_ws/install/my_py_pkg:/opt/ros/jazzy DEBUGINFOD_URLS=https://debuginfod.ubuntu.com PYTHONPATH=/home/diaoko/ros2_ws/install/my_robot_interfaces/lib/python3.12/site-packages:/home/diaoko/ros2_ws/install/turtle_controller/lib/python3.12/site-packages:/home/diaoko/ros2_ws/install/my_py_pkg/lib/python3.12/site-packages:/opt/ros/jazzy/lib/python3.12/site-packages /usr/bin/cmake --build /home/diaoko/ros2_ws/build/my_cpp_pkg -- -j12 -l12
[2.463s] Level 1:colcon.colcon_core.environment:checking '/home/diaoko/ros2_ws/install/my_cpp_pkg' for CMake config files
[2.463s] Level 1:colcon.colcon_core.shell:create_environment_hook('my_cpp_pkg', 'cmake_prefix_path')
[2.463s] INFO:colcon.colcon_core.shell:Creating environment hook '/home/diaoko/ros2_ws/install/my_cpp_pkg/share/my_cpp_pkg/hook/cmake_prefix_path.ps1'
[2.464s] INFO:colcon.colcon_core.shell:Creating environment descriptor '/home/diaoko/ros2_ws/install/my_cpp_pkg/share/my_cpp_pkg/hook/cmake_prefix_path.dsv'
[2.464s] INFO:colcon.colcon_core.shell:Creating environment hook '/home/diaoko/ros2_ws/install/my_cpp_pkg/share/my_cpp_pkg/hook/cmake_prefix_path.sh'
[2.465s] Level 1:colcon.colcon_core.environment:checking '/home/diaoko/ros2_ws/install/my_cpp_pkg/lib'
[2.465s] Level 1:colcon.colcon_core.environment:checking '/home/diaoko/ros2_ws/install/my_cpp_pkg/bin'
[2.465s] Level 1:colcon.colcon_core.environment:checking '/home/diaoko/ros2_ws/install/my_cpp_pkg/lib/pkgconfig/my_cpp_pkg.pc'
[2.465s] Level 1:colcon.colcon_core.environment:checking '/home/diaoko/ros2_ws/install/my_cpp_pkg/lib/python3.12/site-packages'
[2.465s] Level 1:colcon.colcon_core.environment:checking '/home/diaoko/ros2_ws/install/my_cpp_pkg/bin'
[2.465s] INFO:colcon.colcon_core.shell:Creating package script '/home/diaoko/ros2_ws/install/my_cpp_pkg/share/my_cpp_pkg/package.ps1'
[2.466s] INFO:colcon.colcon_core.shell:Creating package descriptor '/home/diaoko/ros2_ws/install/my_cpp_pkg/share/my_cpp_pkg/package.dsv'
[2.466s] INFO:colcon.colcon_core.shell:Creating package script '/home/diaoko/ros2_ws/install/my_cpp_pkg/share/my_cpp_pkg/package.sh'
[2.467s] INFO:colcon.colcon_core.shell:Creating package script '/home/diaoko/ros2_ws/install/my_cpp_pkg/share/my_cpp_pkg/package.bash'
[2.468s] INFO:colcon.colcon_core.shell:Creating package script '/home/diaoko/ros2_ws/install/my_cpp_pkg/share/my_cpp_pkg/package.zsh'
[2.468s] Level 1:colcon.colcon_core.environment:create_file_with_runtime_dependencies(/home/diaoko/ros2_ws/install/my_cpp_pkg/share/colcon-core/packages/my_cpp_pkg)
[2.481s] DEBUG:colcon.colcon_parallel_executor.executor.parallel:closing loop
[2.482s] DEBUG:colcon.colcon_parallel_executor.executor.parallel:loop closed
[2.482s] DEBUG:colcon.colcon_parallel_executor.executor.parallel:run_until_complete finished with '2'
[2.482s] DEBUG:colcon.colcon_core.event_reactor:joining thread
[2.490s] INFO:colcon.colcon_core.plugin_system:Skipping extension 'colcon_notification.desktop_notification.terminal_notifier': Not used on non-Darwin systems
[2.491s] INFO:colcon.colcon_core.plugin_system:Skipping extension 'colcon_notification.desktop_notification.win32': Not used on non-Windows systems
[2.491s] INFO:colcon.colcon_notification.desktop_notification:Sending desktop notification using 'notify2'
[2.514s] DEBUG:colcon.colcon_core.event_reactor:joined thread
[2.514s] INFO:colcon.colcon_core.shell:Creating prefix script '/home/diaoko/ros2_ws/install/local_setup.ps1'
[2.516s] INFO:colcon.colcon_core.shell:Creating prefix util module '/home/diaoko/ros2_ws/install/_local_setup_util_ps1.py'
[2.517s] INFO:colcon.colcon_core.shell:Creating prefix chain script '/home/diaoko/ros2_ws/install/setup.ps1'
[2.519s] INFO:colcon.colcon_core.shell:Creating prefix script '/home/diaoko/ros2_ws/install/local_setup.sh'
[2.519s] INFO:colcon.colcon_core.shell:Creating prefix util module '/home/diaoko/ros2_ws/install/_local_setup_util_sh.py'
[2.520s] INFO:colcon.colcon_core.shell:Creating prefix chain script '/home/diaoko/ros2_ws/install/setup.sh'
[2.522s] INFO:colcon.colcon_core.shell:Creating prefix script '/home/diaoko/ros2_ws/install/local_setup.bash'
[2.522s] INFO:colcon.colcon_core.shell:Creating prefix chain script '/home/diaoko/ros2_ws/install/setup.bash'
[2.524s] INFO:colcon.colcon_core.shell:Creating prefix script '/home/diaoko/ros2_ws/install/local_setup.zsh'
[2.524s] INFO:colcon.colcon_core.shell:Creating prefix chain script '/home/diaoko/ros2_ws/install/setup.zsh'
