[0.010s] Invoking command in '/home/diaoko/ros2_ws/build/my_cpp_pkg': CMAKE_PREFIX_PATH=${CMAKE_PREFIX_PATH}:/home/diaoko/ros2_ws/install/my_py_pkg:/opt/ros/humble /usr/bin/cmake --build /home/diaoko/ros2_ws/build/my_cpp_pkg -- -j12 -l12
[0.040s] -- Found ament_cmake: 1.3.11 (/opt/ros/humble/share/ament_cmake/cmake)
[0.080s] -- Found Python3: /usr/bin/python3 (found version "3.10.12") found components: Interpreter 
[0.143s] -- Found rclcpp: 16.0.11 (/opt/ros/humble/share/rclcpp/cmake)
[0.178s] -- Found rosidl_generator_c: 3.1.6 (/opt/ros/humble/share/rosidl_generator_c/cmake)
[0.181s] -- Found rosidl_adapter: 3.1.6 (/opt/ros/humble/share/rosidl_adapter/cmake)
[0.188s] -- Found rosidl_generator_cpp: 3.1.6 (/opt/ros/humble/share/rosidl_generator_cpp/cmake)
[0.199s] -- Using all available rosidl_typesupport_c: rosidl_typesupport_fastrtps_c;rosidl_typesupport_introspection_c
[0.211s] -- Using all available rosidl_typesupport_cpp: rosidl_typesupport_fastrtps_cpp;rosidl_typesupport_introspection_cpp
[0.246s] -- Found rmw_implementation_cmake: 6.1.2 (/opt/ros/humble/share/rmw_implementation_cmake/cmake)
[0.248s] -- Found rmw_fastrtps_cpp: 6.2.7 (/opt/ros/humble/share/rmw_fastrtps_cpp/cmake)
[0.280s] -- Found OpenSSL: /usr/lib/x86_64-linux-gnu/libcrypto.so (found version "3.0.2")  
[0.296s] -- Found FastRTPS: /opt/ros/humble/include  
[0.319s] -- Using RMW implementation 'rmw_fastrtps_cpp' as default
[0.365s] -- Found example_interfaces: 0.9.3 (/opt/ros/humble/share/example_interfaces/cmake)
[0.399s] -- Found ament_lint_auto: 0.12.11 (/opt/ros/humble/share/ament_lint_auto/cmake)
[0.455s] -- Added test 'cppcheck' to perform static code analysis on C / C++ code
[0.455s] -- Configured cppcheck include dirs: 
[0.455s] -- Configured cppcheck exclude dirs and/or files: 
[0.455s] -- Added test 'lint_cmake' to check CMake code style
[0.456s] -- Added test 'uncrustify' to check C / C++ code style
[0.456s] -- Configured uncrustify additional arguments: 
[0.457s] -- Added test 'xmllint' to check XML markup files
[0.458s] -- Configuring done
[0.468s] -- Generating done
[0.471s] -- Build files have been written to: /home/diaoko/ros2_ws/build/my_cpp_pkg
[0.487s] [35m[1mConsolidate compiler generated dependencies of target number_publisher[0m
[0.487s] [35m[1mConsolidate compiler generated dependencies of target test_node[0m
[0.496s] [ 50%] [32mBuilding CXX object CMakeFiles/number_publisher.dir/src/number_publisher.cpp.o[0m
[0.497s] [ 50%] [32mBuilding CXX object CMakeFiles/test_node.dir/src/my_first_node.cpp.o[0m
[2.209s] [ 75%] [32m[1mLinking CXX executable test_node[0m
[2.315s] [ 75%] Built target test_node
[2.923s] [100%] [32m[1mLinking CXX executable number_publisher[0m
[3.039s] [100%] Built target number_publisher
[3.046s] Invoked command in '/home/diaoko/ros2_ws/build/my_cpp_pkg' returned '0': CMAKE_PREFIX_PATH=${CMAKE_PREFIX_PATH}:/home/diaoko/ros2_ws/install/my_py_pkg:/opt/ros/humble /usr/bin/cmake --build /home/diaoko/ros2_ws/build/my_cpp_pkg -- -j12 -l12
[3.051s] Invoking command in '/home/diaoko/ros2_ws/build/my_cpp_pkg': CMAKE_PREFIX_PATH=${CMAKE_PREFIX_PATH}:/home/diaoko/ros2_ws/install/my_py_pkg:/opt/ros/humble /usr/bin/cmake --install /home/diaoko/ros2_ws/build/my_cpp_pkg
[3.055s] -- Install configuration: ""
[3.055s] -- Installing: /home/diaoko/ros2_ws/install/my_cpp_pkg/lib/my_cpp_pkg/test_node
[3.055s] -- Set runtime path of "/home/diaoko/ros2_ws/install/my_cpp_pkg/lib/my_cpp_pkg/test_node" to ""
[3.055s] -- Installing: /home/diaoko/ros2_ws/install/my_cpp_pkg/lib/my_cpp_pkg/number_publisher
[3.056s] -- Set runtime path of "/home/diaoko/ros2_ws/install/my_cpp_pkg/lib/my_cpp_pkg/number_publisher" to ""
[3.056s] -- Installing: /home/diaoko/ros2_ws/install/my_cpp_pkg/share/ament_index/resource_index/package_run_dependencies/my_cpp_pkg
[3.056s] -- Installing: /home/diaoko/ros2_ws/install/my_cpp_pkg/share/ament_index/resource_index/parent_prefix_path/my_cpp_pkg
[3.056s] -- Up-to-date: /home/diaoko/ros2_ws/install/my_cpp_pkg/share/my_cpp_pkg/environment/ament_prefix_path.sh
[3.056s] -- Installing: /home/diaoko/ros2_ws/install/my_cpp_pkg/share/my_cpp_pkg/environment/ament_prefix_path.dsv
[3.056s] -- Up-to-date: /home/diaoko/ros2_ws/install/my_cpp_pkg/share/my_cpp_pkg/environment/path.sh
[3.056s] -- Installing: /home/diaoko/ros2_ws/install/my_cpp_pkg/share/my_cpp_pkg/environment/path.dsv
[3.056s] -- Up-to-date: /home/diaoko/ros2_ws/install/my_cpp_pkg/share/my_cpp_pkg/local_setup.bash
[3.056s] -- Up-to-date: /home/diaoko/ros2_ws/install/my_cpp_pkg/share/my_cpp_pkg/local_setup.sh
[3.057s] -- Up-to-date: /home/diaoko/ros2_ws/install/my_cpp_pkg/share/my_cpp_pkg/local_setup.zsh
[3.057s] -- Installing: /home/diaoko/ros2_ws/install/my_cpp_pkg/share/my_cpp_pkg/local_setup.dsv
[3.057s] -- Installing: /home/diaoko/ros2_ws/install/my_cpp_pkg/share/my_cpp_pkg/package.dsv
[3.057s] -- Up-to-date: /home/diaoko/ros2_ws/install/my_cpp_pkg/share/ament_index/resource_index/packages/my_cpp_pkg
[3.057s] -- Installing: /home/diaoko/ros2_ws/install/my_cpp_pkg/share/my_cpp_pkg/cmake/my_cpp_pkgConfig.cmake
[3.057s] -- Up-to-date: /home/diaoko/ros2_ws/install/my_cpp_pkg/share/my_cpp_pkg/cmake/my_cpp_pkgConfig-version.cmake
[3.057s] -- Installing: /home/diaoko/ros2_ws/install/my_cpp_pkg/share/my_cpp_pkg/package.xml
[3.059s] Invoked command in '/home/diaoko/ros2_ws/build/my_cpp_pkg' returned '0': CMAKE_PREFIX_PATH=${CMAKE_PREFIX_PATH}:/home/diaoko/ros2_ws/install/my_py_pkg:/opt/ros/humble /usr/bin/cmake --install /home/diaoko/ros2_ws/build/my_cpp_pkg
