[0.751s] Invoking command in '/home/diaoko/ros2_ws/src/turtle_controller': DEBUGINFOD_URLS=https://debuginfod.ubuntu.com PYTHONPATH=/home/diaoko/ros2_ws/build/turtle_controller/prefix_override:/usr/lib/python3/dist-packages/colcon_core/task/python/colcon_distutils_commands:/home/diaoko/ros2_ws/install/turtle_controller/lib/python3.12/site-packages:${PYTHONPATH} /usr/bin/python3 -W ignore:setup.py install is deprecated -W ignore:easy_install command is deprecated setup.py egg_info --egg-base ../../build/turtle_controller build --build-base /home/diaoko/ros2_ws/build/turtle_controller/build install --record /home/diaoko/ros2_ws/build/turtle_controller/install.log --single-version-externally-managed install_data
[0.971s] running egg_info
[0.981s] writing ../../build/turtle_controller/turtle_controller.egg-info/PKG-INFO
[0.982s] writing dependency_links to ../../build/turtle_controller/turtle_controller.egg-info/dependency_links.txt
[0.982s] writing entry points to ../../build/turtle_controller/turtle_controller.egg-info/entry_points.txt
[0.982s] writing requirements to ../../build/turtle_controller/turtle_controller.egg-info/requires.txt
[0.982s] writing top-level names to ../../build/turtle_controller/turtle_controller.egg-info/top_level.txt
[1.004s] reading manifest file '../../build/turtle_controller/turtle_controller.egg-info/SOURCES.txt'
[1.005s] writing manifest file '../../build/turtle_controller/turtle_controller.egg-info/SOURCES.txt'
[1.005s] running build
[1.005s] running build_py
[1.005s] running install
[1.009s] running install_lib
[1.020s] running install_data
[1.020s] running install_egg_info
[1.032s] removing '/home/diaoko/ros2_ws/install/turtle_controller/lib/python3.12/site-packages/turtle_controller-0.0.0-py3.12.egg-info' (and everything under it)
[1.032s] Copying ../../build/turtle_controller/turtle_controller.egg-info to /home/diaoko/ros2_ws/install/turtle_controller/lib/python3.12/site-packages/turtle_controller-0.0.0-py3.12.egg-info
[1.033s] running install_scripts
[1.109s] Installing turtle_controller script to /home/diaoko/ros2_ws/install/turtle_controller/lib/turtle_controller
[1.109s] writing list of installed files to '/home/diaoko/ros2_ws/build/turtle_controller/install.log'
[1.132s] Invoked command in '/home/diaoko/ros2_ws/src/turtle_controller' returned '0': DEBUGINFOD_URLS=https://debuginfod.ubuntu.com PYTHONPATH=/home/diaoko/ros2_ws/build/turtle_controller/prefix_override:/usr/lib/python3/dist-packages/colcon_core/task/python/colcon_distutils_commands:/home/diaoko/ros2_ws/install/turtle_controller/lib/python3.12/site-packages:${PYTHONPATH} /usr/bin/python3 -W ignore:setup.py install is deprecated -W ignore:easy_install command is deprecated setup.py egg_info --egg-base ../../build/turtle_controller build --build-base /home/diaoko/ros2_ws/build/turtle_controller/build install --record /home/diaoko/ros2_ws/build/turtle_controller/install.log --single-version-externally-managed install_data
