[0.288s] Invoking command in '/home/diaoko/ros2_ws/build/my_robot_interfaces': CMAKE_PREFIX_PATH=${CMAKE_PREFIX_PATH}:/opt/ros/jazzy DEBUGINFOD_URLS=https://debuginfod.ubuntu.com /usr/bin/cmake /home/diaoko/ros2_ws/src/my_robot_interfaces -DCMAKE_INSTALL_PREFIX=/home/diaoko/ros2_ws/install/my_robot_interfaces
[0.543s] -- The C compiler identification is GNU 13.3.0
[0.543s] -- The CXX compiler identification is GNU 13.3.0
[0.544s] -- Detecting C compiler ABI info
[0.645s] -- Detecting C compiler ABI info - done
[0.661s] -- Check for working C compiler: /usr/bin/cc - skipped
[0.662s] -- Detecting C compile features
[0.663s] -- Detecting C compile features - done
[0.675s] -- Detecting CXX compiler ABI info
[0.798s] -- Detecting CXX compiler ABI info - done
[0.812s] -- Check for working CXX compiler: /usr/bin/c++ - skipped
[0.812s] -- Detecting CXX compile features
[0.813s] -- Detecting CXX compile features - done
[0.816s] -- Found ament_cmake: 2.5.3 (/opt/ros/jazzy/share/ament_cmake/cmake)
[1.004s] -- Found Python3: /usr/bin/python3 (found version "3.12.3") found components: Interpreter 
[1.138s] -- Found rosidl_default_generators: 1.6.0 (/opt/ros/jazzy/share/rosidl_default_generators/cmake)
[1.146s] -- Using all available rosidl_typesupport_c: rosidl_typesupport_fastrtps_c;rosidl_typesupport_introspection_c
[1.214s] -- Using all available rosidl_typesupport_cpp: rosidl_typesupport_fastrtps_cpp;rosidl_typesupport_introspection_cpp
[1.264s] -- Found rosidl_adapter: 4.6.5 (/opt/ros/jazzy/share/rosidl_adapter/cmake)
[2.228s] -- Found ament_cmake_ros: 0.12.0 (/opt/ros/jazzy/share/ament_cmake_ros/cmake)
[2.900s] -- Using all available rosidl_typesupport_c: rosidl_typesupport_fastrtps_c;rosidl_typesupport_introspection_c
[3.764s] -- Using all available rosidl_typesupport_cpp: rosidl_typesupport_fastrtps_cpp;rosidl_typesupport_introspection_cpp
[3.777s] -- Found python_cmake_module: 0.11.1 (/opt/ros/jazzy/share/python_cmake_module/cmake)
[3.982s] -- Found PythonExtra: /usr/bin/python3  
[4.684s] -- Found Python3: /usr/bin/python3 (found version "3.12.3") found components: Interpreter Development NumPy Development.Module Development.Embed 
[4.753s] -- Configuring done (4.5s)
[4.806s] -- Generating done (0.0s)
[4.824s] -- Build files have been written to: /home/diaoko/ros2_ws/build/my_robot_interfaces
[4.832s] Invoked command in '/home/diaoko/ros2_ws/build/my_robot_interfaces' returned '0': CMAKE_PREFIX_PATH=${CMAKE_PREFIX_PATH}:/opt/ros/jazzy DEBUGINFOD_URLS=https://debuginfod.ubuntu.com /usr/bin/cmake /home/diaoko/ros2_ws/src/my_robot_interfaces -DCMAKE_INSTALL_PREFIX=/home/diaoko/ros2_ws/install/my_robot_interfaces
[4.834s] Invoking command in '/home/diaoko/ros2_ws/build/my_robot_interfaces': CMAKE_PREFIX_PATH=${CMAKE_PREFIX_PATH}:/opt/ros/jazzy DEBUGINFOD_URLS=https://debuginfod.ubuntu.com /usr/bin/cmake --build /home/diaoko/ros2_ws/build/my_robot_interfaces -- -j12 -l12
[4.903s] [  2%] [34m[1mGenerating type hashes for ROS interfaces[0m
[4.916s] [  2%] Built target ament_cmake_python_copy_my_robot_interfaces
[5.201s] [  2%] Built target my_robot_interfaces__rosidl_generator_type_description
[5.217s] [  4%] [34m[1mGenerating C code for ROS interfaces[0m
[5.232s] [  6%] [34m[1mGenerating C++ code for ROS interfaces[0m
[5.276s] running egg_info
[5.277s] creating my_robot_interfaces.egg-info
[5.311s] writing my_robot_interfaces.egg-info/PKG-INFO
[5.311s] writing dependency_links to my_robot_interfaces.egg-info/dependency_links.txt
[5.311s] writing top-level names to my_robot_interfaces.egg-info/top_level.txt
[5.311s] writing manifest file 'my_robot_interfaces.egg-info/SOURCES.txt'
[5.382s] reading manifest file 'my_robot_interfaces.egg-info/SOURCES.txt'
[5.383s] writing manifest file 'my_robot_interfaces.egg-info/SOURCES.txt'
[5.431s] [  6%] Built target ament_cmake_python_build_my_robot_interfaces_egg
[5.684s] [  6%] Built target my_robot_interfaces__cpp
[5.779s] [ 11%] [32mBuilding C object CMakeFiles/my_robot_interfaces__rosidl_generator_c.dir/rosidl_generator_c/my_robot_interfaces/msg/detail/hardware_status__type_support.c.o[0m
[5.779s] [ 11%] [32mBuilding C object CMakeFiles/my_robot_interfaces__rosidl_generator_c.dir/rosidl_generator_c/my_robot_interfaces/srv/detail/reset_counter__type_support.c.o[0m
[5.780s] [ 15%] [32mBuilding C object CMakeFiles/my_robot_interfaces__rosidl_generator_c.dir/rosidl_generator_c/my_robot_interfaces/msg/detail/hardware_status__functions.c.o[0m
[5.780s] [ 15%] [32mBuilding C object CMakeFiles/my_robot_interfaces__rosidl_generator_c.dir/rosidl_generator_c/my_robot_interfaces/msg/detail/hardware_status__description.c.o[0m
[5.781s] [ 20%] [32mBuilding C object CMakeFiles/my_robot_interfaces__rosidl_generator_c.dir/rosidl_generator_c/my_robot_interfaces/srv/detail/reset_counter__functions.c.o[0m
[5.781s] [ 20%] [32mBuilding C object CMakeFiles/my_robot_interfaces__rosidl_generator_c.dir/rosidl_generator_c/my_robot_interfaces/srv/detail/reset_counter__description.c.o[0m
[5.889s] [ 22%] [32m[1mLinking C shared library libmy_robot_interfaces__rosidl_generator_c.so[0m
[5.941s] [ 22%] Built target my_robot_interfaces__rosidl_generator_c
[5.955s] [ 25%] [34m[1mGenerating C introspection for ROS interfaces[0m
[5.956s] [ 29%] [34m[1mGenerating C type support for eProsima Fast-RTPS[0m
[5.957s] [ 31%] [34m[1mGenerating C type support dispatch for ROS interfaces[0m
[5.958s] [ 34%] [34m[1mGenerating C++ type support dispatch for ROS interfaces[0m
[5.958s] [ 34%] [34m[1mGenerating C++ type support for eProsima Fast-RTPS[0m
[5.958s] [ 36%] [34m[1mGenerating C++ introspection for ROS interfaces[0m
[6.390s] [ 38%] [32mBuilding CXX object CMakeFiles/my_robot_interfaces__rosidl_typesupport_cpp.dir/rosidl_typesupport_cpp/my_robot_interfaces/srv/reset_counter__type_support.cpp.o[0m
[6.393s] [ 40%] [32mBuilding CXX object CMakeFiles/my_robot_interfaces__rosidl_typesupport_cpp.dir/rosidl_typesupport_cpp/my_robot_interfaces/msg/hardware_status__type_support.cpp.o[0m
[6.406s] [ 43%] [32mBuilding CXX object CMakeFiles/my_robot_interfaces__rosidl_typesupport_c.dir/rosidl_typesupport_c/my_robot_interfaces/msg/hardware_status__type_support.cpp.o[0m
[6.408s] [ 45%] [32mBuilding CXX object CMakeFiles/my_robot_interfaces__rosidl_typesupport_c.dir/rosidl_typesupport_c/my_robot_interfaces/srv/reset_counter__type_support.cpp.o[0m
[6.437s] [ 47%] [32mBuilding CXX object CMakeFiles/my_robot_interfaces__rosidl_typesupport_introspection_cpp.dir/rosidl_typesupport_introspection_cpp/my_robot_interfaces/msg/detail/hardware_status__type_support.cpp.o[0m
[6.450s] [ 50%] [32mBuilding CXX object CMakeFiles/my_robot_interfaces__rosidl_typesupport_introspection_cpp.dir/rosidl_typesupport_introspection_cpp/my_robot_interfaces/srv/detail/reset_counter__type_support.cpp.o[0m
[6.502s] [ 52%] [32mBuilding C object CMakeFiles/my_robot_interfaces__rosidl_typesupport_introspection_c.dir/rosidl_typesupport_introspection_c/my_robot_interfaces/msg/detail/hardware_status__type_support.c.o[0m
[6.502s] [ 56%] [32m[1mLinking CXX shared library libmy_robot_interfaces__rosidl_typesupport_c.so[0m
[6.502s] [ 56%] [32mBuilding C object CMakeFiles/my_robot_interfaces__rosidl_typesupport_introspection_c.dir/rosidl_typesupport_introspection_c/my_robot_interfaces/srv/detail/reset_counter__type_support.c.o[0m
[6.558s] [ 59%] [32mBuilding CXX object CMakeFiles/my_robot_interfaces__rosidl_typesupport_fastrtps_cpp.dir/rosidl_typesupport_fastrtps_cpp/my_robot_interfaces/srv/detail/dds_fastrtps/reset_counter__type_support.cpp.o[0m
[6.561s] [ 61%] [32mBuilding CXX object CMakeFiles/my_robot_interfaces__rosidl_typesupport_fastrtps_cpp.dir/rosidl_typesupport_fastrtps_cpp/my_robot_interfaces/msg/detail/dds_fastrtps/hardware_status__type_support.cpp.o[0m
[6.578s] [ 61%] Built target my_robot_interfaces__rosidl_typesupport_c
[6.600s] [ 68%] [32mBuilding CXX object CMakeFiles/my_robot_interfaces__rosidl_typesupport_fastrtps_c.dir/rosidl_typesupport_fastrtps_c/my_robot_interfaces/srv/detail/reset_counter__type_support_c.cpp.o[0m
[6.601s] [ 68%] [32m[1mLinking C shared library libmy_robot_interfaces__rosidl_typesupport_introspection_c.so[0m
[6.602s] [ 68%] [32mBuilding CXX object CMakeFiles/my_robot_interfaces__rosidl_typesupport_fastrtps_c.dir/rosidl_typesupport_fastrtps_c/my_robot_interfaces/msg/detail/hardware_status__type_support_c.cpp.o[0m
[6.656s] [ 68%] Built target my_robot_interfaces__rosidl_typesupport_introspection_c
[7.146s] [ 70%] [32m[1mLinking CXX shared library libmy_robot_interfaces__rosidl_typesupport_cpp.so[0m
[7.289s] [ 72%] [32m[1mLinking CXX shared library libmy_robot_interfaces__rosidl_typesupport_introspection_cpp.so[0m
[7.293s] [ 72%] Built target my_robot_interfaces__rosidl_typesupport_cpp
[7.416s] [ 72%] Built target my_robot_interfaces__rosidl_typesupport_introspection_cpp
[7.575s] [ 75%] [32m[1mLinking CXX shared library libmy_robot_interfaces__rosidl_typesupport_fastrtps_c.so[0m
[7.659s] [ 77%] [32m[1mLinking CXX shared library libmy_robot_interfaces__rosidl_typesupport_fastrtps_cpp.so[0m
[7.699s] [ 77%] Built target my_robot_interfaces__rosidl_typesupport_fastrtps_c
[7.769s] [ 77%] Built target my_robot_interfaces__rosidl_typesupport_fastrtps_cpp
[7.796s] [ 77%] Built target my_robot_interfaces
[7.823s] [ 79%] [34m[1mGenerating Python code for ROS interfaces[0m
[8.374s] [ 79%] Built target my_robot_interfaces__py
[8.402s] [ 84%] [32mBuilding C object CMakeFiles/my_robot_interfaces__rosidl_generator_py.dir/rosidl_generator_py/my_robot_interfaces/srv/_reset_counter_s.c.o[0m
[8.402s] [ 84%] [32mBuilding C object CMakeFiles/my_robot_interfaces__rosidl_generator_py.dir/rosidl_generator_py/my_robot_interfaces/msg/_hardware_status_s.c.o[0m
[8.625s] [ 86%] [32m[1mLinking C shared library libmy_robot_interfaces__rosidl_generator_py.so[0m
[8.683s] [ 86%] Built target my_robot_interfaces__rosidl_generator_py
[8.712s] [ 93%] [32mBuilding C object CMakeFiles/my_robot_interfaces_s__rosidl_typesupport_c.dir/rosidl_generator_py/my_robot_interfaces/_my_robot_interfaces_s.ep.rosidl_typesupport_c.c.o[0m
[8.712s] [ 93%] [32mBuilding C object CMakeFiles/my_robot_interfaces_s__rosidl_typesupport_introspection_c.dir/rosidl_generator_py/my_robot_interfaces/_my_robot_interfaces_s.ep.rosidl_typesupport_introspection_c.c.o[0m
[8.712s] [ 93%] [32mBuilding C object CMakeFiles/my_robot_interfaces_s__rosidl_typesupport_fastrtps_c.dir/rosidl_generator_py/my_robot_interfaces/_my_robot_interfaces_s.ep.rosidl_typesupport_fastrtps_c.c.o[0m
[8.876s] [ 97%] [32m[1mLinking C shared module rosidl_generator_py/my_robot_interfaces/my_robot_interfaces_s__rosidl_typesupport_c.so[0m
[8.876s] [ 97%] [32m[1mLinking C shared module rosidl_generator_py/my_robot_interfaces/my_robot_interfaces_s__rosidl_typesupport_introspection_c.so[0m
[8.878s] [100%] [32m[1mLinking C shared module rosidl_generator_py/my_robot_interfaces/my_robot_interfaces_s__rosidl_typesupport_fastrtps_c.so[0m
[8.921s] [100%] Built target my_robot_interfaces_s__rosidl_typesupport_fastrtps_c
[8.921s] [100%] Built target my_robot_interfaces_s__rosidl_typesupport_introspection_c
[8.921s] [100%] Built target my_robot_interfaces_s__rosidl_typesupport_c
[8.938s] Invoked command in '/home/diaoko/ros2_ws/build/my_robot_interfaces' returned '0': CMAKE_PREFIX_PATH=${CMAKE_PREFIX_PATH}:/opt/ros/jazzy DEBUGINFOD_URLS=https://debuginfod.ubuntu.com /usr/bin/cmake --build /home/diaoko/ros2_ws/build/my_robot_interfaces -- -j12 -l12
[8.950s] Invoking command in '/home/diaoko/ros2_ws/build/my_robot_interfaces': CMAKE_PREFIX_PATH=${CMAKE_PREFIX_PATH}:/opt/ros/jazzy DEBUGINFOD_URLS=https://debuginfod.ubuntu.com /usr/bin/cmake --install /home/diaoko/ros2_ws/build/my_robot_interfaces
[8.962s] -- Install configuration: ""
[8.962s] -- Installing: /home/diaoko/ros2_ws/install/my_robot_interfaces/share/ament_index/resource_index/rosidl_interfaces/my_robot_interfaces
[8.962s] -- Installing: /home/diaoko/ros2_ws/install/my_robot_interfaces/share/my_robot_interfaces/msg/HardwareStatus.json
[8.963s] -- Installing: /home/diaoko/ros2_ws/install/my_robot_interfaces/share/my_robot_interfaces/srv/ResetCounter.json
[8.963s] -- Installing: /home/diaoko/ros2_ws/install/my_robot_interfaces/include/my_robot_interfaces/my_robot_interfaces
[8.963s] -- Installing: /home/diaoko/ros2_ws/install/my_robot_interfaces/include/my_robot_interfaces/my_robot_interfaces/msg
[8.963s] -- Installing: /home/diaoko/ros2_ws/install/my_robot_interfaces/include/my_robot_interfaces/my_robot_interfaces/msg/hardware_status.h
[8.963s] -- Installing: /home/diaoko/ros2_ws/install/my_robot_interfaces/include/my_robot_interfaces/my_robot_interfaces/msg/rosidl_generator_c__visibility_control.h
[8.963s] -- Installing: /home/diaoko/ros2_ws/install/my_robot_interfaces/include/my_robot_interfaces/my_robot_interfaces/msg/detail
[8.963s] -- Installing: /home/diaoko/ros2_ws/install/my_robot_interfaces/include/my_robot_interfaces/my_robot_interfaces/msg/detail/hardware_status__type_support.c
[8.964s] -- Installing: /home/diaoko/ros2_ws/install/my_robot_interfaces/include/my_robot_interfaces/my_robot_interfaces/msg/detail/hardware_status__struct.h
[8.964s] -- Installing: /home/diaoko/ros2_ws/install/my_robot_interfaces/include/my_robot_interfaces/my_robot_interfaces/msg/detail/hardware_status__functions.c
[8.964s] -- Installing: /home/diaoko/ros2_ws/install/my_robot_interfaces/include/my_robot_interfaces/my_robot_interfaces/msg/detail/hardware_status__type_support.h
[8.964s] -- Installing: /home/diaoko/ros2_ws/install/my_robot_interfaces/include/my_robot_interfaces/my_robot_interfaces/msg/detail/hardware_status__description.c
[8.964s] -- Installing: /home/diaoko/ros2_ws/install/my_robot_interfaces/include/my_robot_interfaces/my_robot_interfaces/msg/detail/hardware_status__functions.h
[8.964s] -- Installing: /home/diaoko/ros2_ws/install/my_robot_interfaces/include/my_robot_interfaces/my_robot_interfaces/srv
[8.964s] -- Installing: /home/diaoko/ros2_ws/install/my_robot_interfaces/include/my_robot_interfaces/my_robot_interfaces/srv/detail
[8.965s] -- Installing: /home/diaoko/ros2_ws/install/my_robot_interfaces/include/my_robot_interfaces/my_robot_interfaces/srv/detail/reset_counter__functions.c
[8.965s] -- Installing: /home/diaoko/ros2_ws/install/my_robot_interfaces/include/my_robot_interfaces/my_robot_interfaces/srv/detail/reset_counter__description.c
[8.965s] -- Installing: /home/diaoko/ros2_ws/install/my_robot_interfaces/include/my_robot_interfaces/my_robot_interfaces/srv/detail/reset_counter__functions.h
[8.965s] -- Installing: /home/diaoko/ros2_ws/install/my_robot_interfaces/include/my_robot_interfaces/my_robot_interfaces/srv/detail/reset_counter__type_support.c
[8.965s] -- Installing: /home/diaoko/ros2_ws/install/my_robot_interfaces/include/my_robot_interfaces/my_robot_interfaces/srv/detail/reset_counter__struct.h
[8.965s] -- Installing: /home/diaoko/ros2_ws/install/my_robot_interfaces/include/my_robot_interfaces/my_robot_interfaces/srv/detail/reset_counter__type_support.h
[8.965s] -- Installing: /home/diaoko/ros2_ws/install/my_robot_interfaces/include/my_robot_interfaces/my_robot_interfaces/srv/reset_counter.h
[8.965s] -- Installing: /home/diaoko/ros2_ws/install/my_robot_interfaces/share/my_robot_interfaces/environment/library_path.sh
[8.966s] -- Installing: /home/diaoko/ros2_ws/install/my_robot_interfaces/share/my_robot_interfaces/environment/library_path.dsv
[8.966s] -- Installing: /home/diaoko/ros2_ws/install/my_robot_interfaces/lib/libmy_robot_interfaces__rosidl_generator_c.so
[8.966s] -- Set non-toolchain portion of runtime path of "/home/diaoko/ros2_ws/install/my_robot_interfaces/lib/libmy_robot_interfaces__rosidl_generator_c.so" to ""
[8.966s] -- Up-to-date: /home/diaoko/ros2_ws/install/my_robot_interfaces/include/my_robot_interfaces/my_robot_interfaces
[8.966s] -- Up-to-date: /home/diaoko/ros2_ws/install/my_robot_interfaces/include/my_robot_interfaces/my_robot_interfaces/msg
[8.966s] -- Up-to-date: /home/diaoko/ros2_ws/install/my_robot_interfaces/include/my_robot_interfaces/my_robot_interfaces/msg/detail
[8.966s] -- Installing: /home/diaoko/ros2_ws/install/my_robot_interfaces/include/my_robot_interfaces/my_robot_interfaces/msg/detail/hardware_status__rosidl_typesupport_fastrtps_c.h
[8.967s] -- Installing: /home/diaoko/ros2_ws/install/my_robot_interfaces/include/my_robot_interfaces/my_robot_interfaces/msg/rosidl_typesupport_fastrtps_c__visibility_control.h
[8.967s] -- Up-to-date: /home/diaoko/ros2_ws/install/my_robot_interfaces/include/my_robot_interfaces/my_robot_interfaces/srv
[8.967s] -- Up-to-date: /home/diaoko/ros2_ws/install/my_robot_interfaces/include/my_robot_interfaces/my_robot_interfaces/srv/detail
[8.967s] -- Installing: /home/diaoko/ros2_ws/install/my_robot_interfaces/include/my_robot_interfaces/my_robot_interfaces/srv/detail/reset_counter__rosidl_typesupport_fastrtps_c.h
[8.967s] -- Installing: /home/diaoko/ros2_ws/install/my_robot_interfaces/lib/libmy_robot_interfaces__rosidl_typesupport_fastrtps_c.so
[8.967s] -- Set non-toolchain portion of runtime path of "/home/diaoko/ros2_ws/install/my_robot_interfaces/lib/libmy_robot_interfaces__rosidl_typesupport_fastrtps_c.so" to ""
[8.967s] -- Up-to-date: /home/diaoko/ros2_ws/install/my_robot_interfaces/include/my_robot_interfaces/my_robot_interfaces
[8.967s] -- Up-to-date: /home/diaoko/ros2_ws/install/my_robot_interfaces/include/my_robot_interfaces/my_robot_interfaces/msg
[8.968s] -- Up-to-date: /home/diaoko/ros2_ws/install/my_robot_interfaces/include/my_robot_interfaces/my_robot_interfaces/msg/detail
[8.968s] -- Installing: /home/diaoko/ros2_ws/install/my_robot_interfaces/include/my_robot_interfaces/my_robot_interfaces/msg/detail/hardware_status__type_support.c
[8.968s] -- Installing: /home/diaoko/ros2_ws/install/my_robot_interfaces/include/my_robot_interfaces/my_robot_interfaces/msg/detail/hardware_status__rosidl_typesupport_introspection_c.h
[8.968s] -- Installing: /home/diaoko/ros2_ws/install/my_robot_interfaces/include/my_robot_interfaces/my_robot_interfaces/msg/rosidl_typesupport_introspection_c__visibility_control.h
[8.968s] -- Up-to-date: /home/diaoko/ros2_ws/install/my_robot_interfaces/include/my_robot_interfaces/my_robot_interfaces/srv
[8.968s] -- Up-to-date: /home/diaoko/ros2_ws/install/my_robot_interfaces/include/my_robot_interfaces/my_robot_interfaces/srv/detail
[8.968s] -- Up-to-date: /home/diaoko/ros2_ws/install/my_robot_interfaces/include/my_robot_interfaces/my_robot_interfaces/srv/detail/reset_counter__type_support.c
[8.968s] -- Installing: /home/diaoko/ros2_ws/install/my_robot_interfaces/include/my_robot_interfaces/my_robot_interfaces/srv/detail/reset_counter__rosidl_typesupport_introspection_c.h
[8.969s] -- Installing: /home/diaoko/ros2_ws/install/my_robot_interfaces/lib/libmy_robot_interfaces__rosidl_typesupport_introspection_c.so
[8.969s] -- Set non-toolchain portion of runtime path of "/home/diaoko/ros2_ws/install/my_robot_interfaces/lib/libmy_robot_interfaces__rosidl_typesupport_introspection_c.so" to ""
[8.969s] -- Installing: /home/diaoko/ros2_ws/install/my_robot_interfaces/lib/libmy_robot_interfaces__rosidl_typesupport_c.so
[8.969s] -- Set non-toolchain portion of runtime path of "/home/diaoko/ros2_ws/install/my_robot_interfaces/lib/libmy_robot_interfaces__rosidl_typesupport_c.so" to ""
[8.969s] -- Up-to-date: /home/diaoko/ros2_ws/install/my_robot_interfaces/include/my_robot_interfaces/my_robot_interfaces
[8.969s] -- Up-to-date: /home/diaoko/ros2_ws/install/my_robot_interfaces/include/my_robot_interfaces/my_robot_interfaces/msg
[8.969s] -- Installing: /home/diaoko/ros2_ws/install/my_robot_interfaces/include/my_robot_interfaces/my_robot_interfaces/msg/rosidl_generator_cpp__visibility_control.hpp
[8.970s] -- Up-to-date: /home/diaoko/ros2_ws/install/my_robot_interfaces/include/my_robot_interfaces/my_robot_interfaces/msg/detail
[8.970s] -- Installing: /home/diaoko/ros2_ws/install/my_robot_interfaces/include/my_robot_interfaces/my_robot_interfaces/msg/detail/hardware_status__type_support.hpp
[8.970s] -- Installing: /home/diaoko/ros2_ws/install/my_robot_interfaces/include/my_robot_interfaces/my_robot_interfaces/msg/detail/hardware_status__builder.hpp
[8.970s] -- Installing: /home/diaoko/ros2_ws/install/my_robot_interfaces/include/my_robot_interfaces/my_robot_interfaces/msg/detail/hardware_status__traits.hpp
[8.970s] -- Installing: /home/diaoko/ros2_ws/install/my_robot_interfaces/include/my_robot_interfaces/my_robot_interfaces/msg/detail/hardware_status__struct.hpp
[8.970s] -- Installing: /home/diaoko/ros2_ws/install/my_robot_interfaces/include/my_robot_interfaces/my_robot_interfaces/msg/hardware_status.hpp
[8.970s] -- Up-to-date: /home/diaoko/ros2_ws/install/my_robot_interfaces/include/my_robot_interfaces/my_robot_interfaces/srv
[8.970s] -- Up-to-date: /home/diaoko/ros2_ws/install/my_robot_interfaces/include/my_robot_interfaces/my_robot_interfaces/srv/detail
[8.971s] -- Installing: /home/diaoko/ros2_ws/install/my_robot_interfaces/include/my_robot_interfaces/my_robot_interfaces/srv/detail/reset_counter__traits.hpp
[8.971s] -- Installing: /home/diaoko/ros2_ws/install/my_robot_interfaces/include/my_robot_interfaces/my_robot_interfaces/srv/detail/reset_counter__type_support.hpp
[8.971s] -- Installing: /home/diaoko/ros2_ws/install/my_robot_interfaces/include/my_robot_interfaces/my_robot_interfaces/srv/detail/reset_counter__builder.hpp
[8.971s] -- Installing: /home/diaoko/ros2_ws/install/my_robot_interfaces/include/my_robot_interfaces/my_robot_interfaces/srv/detail/reset_counter__struct.hpp
[8.971s] -- Installing: /home/diaoko/ros2_ws/install/my_robot_interfaces/include/my_robot_interfaces/my_robot_interfaces/srv/reset_counter.hpp
[8.971s] -- Up-to-date: /home/diaoko/ros2_ws/install/my_robot_interfaces/include/my_robot_interfaces/my_robot_interfaces
[8.971s] -- Up-to-date: /home/diaoko/ros2_ws/install/my_robot_interfaces/include/my_robot_interfaces/my_robot_interfaces/msg
[8.971s] -- Installing: /home/diaoko/ros2_ws/install/my_robot_interfaces/include/my_robot_interfaces/my_robot_interfaces/msg/rosidl_typesupport_fastrtps_cpp__visibility_control.h
[8.972s] -- Up-to-date: /home/diaoko/ros2_ws/install/my_robot_interfaces/include/my_robot_interfaces/my_robot_interfaces/msg/detail
[8.972s] -- Installing: /home/diaoko/ros2_ws/install/my_robot_interfaces/include/my_robot_interfaces/my_robot_interfaces/msg/detail/dds_fastrtps
[8.972s] -- Installing: /home/diaoko/ros2_ws/install/my_robot_interfaces/include/my_robot_interfaces/my_robot_interfaces/msg/detail/hardware_status__rosidl_typesupport_fastrtps_cpp.hpp
[8.972s] -- Up-to-date: /home/diaoko/ros2_ws/install/my_robot_interfaces/include/my_robot_interfaces/my_robot_interfaces/srv
[8.972s] -- Up-to-date: /home/diaoko/ros2_ws/install/my_robot_interfaces/include/my_robot_interfaces/my_robot_interfaces/srv/detail
[8.972s] -- Installing: /home/diaoko/ros2_ws/install/my_robot_interfaces/include/my_robot_interfaces/my_robot_interfaces/srv/detail/dds_fastrtps
[8.972s] -- Installing: /home/diaoko/ros2_ws/install/my_robot_interfaces/include/my_robot_interfaces/my_robot_interfaces/srv/detail/reset_counter__rosidl_typesupport_fastrtps_cpp.hpp
[8.972s] -- Installing: /home/diaoko/ros2_ws/install/my_robot_interfaces/lib/libmy_robot_interfaces__rosidl_typesupport_fastrtps_cpp.so
[8.973s] -- Set non-toolchain portion of runtime path of "/home/diaoko/ros2_ws/install/my_robot_interfaces/lib/libmy_robot_interfaces__rosidl_typesupport_fastrtps_cpp.so" to ""
[8.973s] -- Up-to-date: /home/diaoko/ros2_ws/install/my_robot_interfaces/include/my_robot_interfaces/my_robot_interfaces
[8.973s] -- Up-to-date: /home/diaoko/ros2_ws/install/my_robot_interfaces/include/my_robot_interfaces/my_robot_interfaces/msg
[8.973s] -- Up-to-date: /home/diaoko/ros2_ws/install/my_robot_interfaces/include/my_robot_interfaces/my_robot_interfaces/msg/detail
[8.973s] -- Installing: /home/diaoko/ros2_ws/install/my_robot_interfaces/include/my_robot_interfaces/my_robot_interfaces/msg/detail/hardware_status__type_support.cpp
[8.973s] -- Installing: /home/diaoko/ros2_ws/install/my_robot_interfaces/include/my_robot_interfaces/my_robot_interfaces/msg/detail/hardware_status__rosidl_typesupport_introspection_cpp.hpp
[8.973s] -- Up-to-date: /home/diaoko/ros2_ws/install/my_robot_interfaces/include/my_robot_interfaces/my_robot_interfaces/srv
[8.973s] -- Up-to-date: /home/diaoko/ros2_ws/install/my_robot_interfaces/include/my_robot_interfaces/my_robot_interfaces/srv/detail
[8.974s] -- Installing: /home/diaoko/ros2_ws/install/my_robot_interfaces/include/my_robot_interfaces/my_robot_interfaces/srv/detail/reset_counter__rosidl_typesupport_introspection_cpp.hpp
[8.974s] -- Installing: /home/diaoko/ros2_ws/install/my_robot_interfaces/include/my_robot_interfaces/my_robot_interfaces/srv/detail/reset_counter__type_support.cpp
[8.974s] -- Installing: /home/diaoko/ros2_ws/install/my_robot_interfaces/lib/libmy_robot_interfaces__rosidl_typesupport_introspection_cpp.so
[8.974s] -- Set non-toolchain portion of runtime path of "/home/diaoko/ros2_ws/install/my_robot_interfaces/lib/libmy_robot_interfaces__rosidl_typesupport_introspection_cpp.so" to ""
[8.974s] -- Installing: /home/diaoko/ros2_ws/install/my_robot_interfaces/lib/libmy_robot_interfaces__rosidl_typesupport_cpp.so
[8.974s] -- Set non-toolchain portion of runtime path of "/home/diaoko/ros2_ws/install/my_robot_interfaces/lib/libmy_robot_interfaces__rosidl_typesupport_cpp.so" to ""
[8.974s] -- Installing: /home/diaoko/ros2_ws/install/my_robot_interfaces/share/my_robot_interfaces/environment/pythonpath.sh
[8.974s] -- Installing: /home/diaoko/ros2_ws/install/my_robot_interfaces/share/my_robot_interfaces/environment/pythonpath.dsv
[8.975s] -- Installing: /home/diaoko/ros2_ws/install/my_robot_interfaces/lib/python3.12/site-packages/my_robot_interfaces-0.0.0-py3.12.egg-info
[8.975s] -- Installing: /home/diaoko/ros2_ws/install/my_robot_interfaces/lib/python3.12/site-packages/my_robot_interfaces-0.0.0-py3.12.egg-info/dependency_links.txt
[8.975s] -- Installing: /home/diaoko/ros2_ws/install/my_robot_interfaces/lib/python3.12/site-packages/my_robot_interfaces-0.0.0-py3.12.egg-info/PKG-INFO
[8.975s] -- Installing: /home/diaoko/ros2_ws/install/my_robot_interfaces/lib/python3.12/site-packages/my_robot_interfaces-0.0.0-py3.12.egg-info/top_level.txt
[8.975s] -- Installing: /home/diaoko/ros2_ws/install/my_robot_interfaces/lib/python3.12/site-packages/my_robot_interfaces-0.0.0-py3.12.egg-info/SOURCES.txt
[8.975s] -- Installing: /home/diaoko/ros2_ws/install/my_robot_interfaces/lib/python3.12/site-packages/my_robot_interfaces
[8.975s] -- Installing: /home/diaoko/ros2_ws/install/my_robot_interfaces/lib/python3.12/site-packages/my_robot_interfaces/msg
[8.976s] -- Installing: /home/diaoko/ros2_ws/install/my_robot_interfaces/lib/python3.12/site-packages/my_robot_interfaces/msg/_hardware_status_s.c
[8.976s] -- Installing: /home/diaoko/ros2_ws/install/my_robot_interfaces/lib/python3.12/site-packages/my_robot_interfaces/msg/__init__.py
[8.976s] -- Installing: /home/diaoko/ros2_ws/install/my_robot_interfaces/lib/python3.12/site-packages/my_robot_interfaces/msg/_hardware_status.py
[8.976s] -- Installing: /home/diaoko/ros2_ws/install/my_robot_interfaces/lib/python3.12/site-packages/my_robot_interfaces/my_robot_interfaces_s__rosidl_typesupport_introspection_c.so
[8.976s] -- Installing: /home/diaoko/ros2_ws/install/my_robot_interfaces/lib/python3.12/site-packages/my_robot_interfaces/_my_robot_interfaces_s.ep.rosidl_typesupport_introspection_c.c
[8.976s] -- Installing: /home/diaoko/ros2_ws/install/my_robot_interfaces/lib/python3.12/site-packages/my_robot_interfaces/my_robot_interfaces_s__rosidl_typesupport_c.so
[8.976s] -- Installing: /home/diaoko/ros2_ws/install/my_robot_interfaces/lib/python3.12/site-packages/my_robot_interfaces/srv
[8.976s] -- Installing: /home/diaoko/ros2_ws/install/my_robot_interfaces/lib/python3.12/site-packages/my_robot_interfaces/srv/_reset_counter.py
[8.977s] -- Installing: /home/diaoko/ros2_ws/install/my_robot_interfaces/lib/python3.12/site-packages/my_robot_interfaces/srv/__init__.py
[8.977s] -- Installing: /home/diaoko/ros2_ws/install/my_robot_interfaces/lib/python3.12/site-packages/my_robot_interfaces/srv/_reset_counter_s.c
[8.977s] -- Installing: /home/diaoko/ros2_ws/install/my_robot_interfaces/lib/python3.12/site-packages/my_robot_interfaces/__init__.py
[8.977s] -- Installing: /home/diaoko/ros2_ws/install/my_robot_interfaces/lib/python3.12/site-packages/my_robot_interfaces/_my_robot_interfaces_s.ep.rosidl_typesupport_c.c
[8.977s] -- Installing: /home/diaoko/ros2_ws/install/my_robot_interfaces/lib/python3.12/site-packages/my_robot_interfaces/_my_robot_interfaces_s.ep.rosidl_typesupport_fastrtps_c.c
[8.977s] -- Installing: /home/diaoko/ros2_ws/install/my_robot_interfaces/lib/python3.12/site-packages/my_robot_interfaces/my_robot_interfaces_s__rosidl_typesupport_fastrtps_c.so
[9.037s] Listing '/home/diaoko/ros2_ws/install/my_robot_interfaces/lib/python3.12/site-packages/my_robot_interfaces'...
[9.037s] Compiling '/home/diaoko/ros2_ws/install/my_robot_interfaces/lib/python3.12/site-packages/my_robot_interfaces/__init__.py'...
[9.037s] Listing '/home/diaoko/ros2_ws/install/my_robot_interfaces/lib/python3.12/site-packages/my_robot_interfaces/msg'...
[9.037s] Compiling '/home/diaoko/ros2_ws/install/my_robot_interfaces/lib/python3.12/site-packages/my_robot_interfaces/msg/__init__.py'...
[9.037s] Compiling '/home/diaoko/ros2_ws/install/my_robot_interfaces/lib/python3.12/site-packages/my_robot_interfaces/msg/_hardware_status.py'...
[9.037s] Listing '/home/diaoko/ros2_ws/install/my_robot_interfaces/lib/python3.12/site-packages/my_robot_interfaces/srv'...
[9.037s] Compiling '/home/diaoko/ros2_ws/install/my_robot_interfaces/lib/python3.12/site-packages/my_robot_interfaces/srv/__init__.py'...
[9.038s] Compiling '/home/diaoko/ros2_ws/install/my_robot_interfaces/lib/python3.12/site-packages/my_robot_interfaces/srv/_reset_counter.py'...
[9.045s] -- Installing: /home/diaoko/ros2_ws/install/my_robot_interfaces/lib/python3.12/site-packages/my_robot_interfaces/my_robot_interfaces_s__rosidl_typesupport_fastrtps_c.so
[9.045s] -- Set non-toolchain portion of runtime path of "/home/diaoko/ros2_ws/install/my_robot_interfaces/lib/python3.12/site-packages/my_robot_interfaces/my_robot_interfaces_s__rosidl_typesupport_fastrtps_c.so" to ""
[9.046s] -- Installing: /home/diaoko/ros2_ws/install/my_robot_interfaces/lib/python3.12/site-packages/my_robot_interfaces/my_robot_interfaces_s__rosidl_typesupport_introspection_c.so
[9.046s] -- Set non-toolchain portion of runtime path of "/home/diaoko/ros2_ws/install/my_robot_interfaces/lib/python3.12/site-packages/my_robot_interfaces/my_robot_interfaces_s__rosidl_typesupport_introspection_c.so" to ""
[9.046s] -- Installing: /home/diaoko/ros2_ws/install/my_robot_interfaces/lib/python3.12/site-packages/my_robot_interfaces/my_robot_interfaces_s__rosidl_typesupport_c.so
[9.046s] -- Set non-toolchain portion of runtime path of "/home/diaoko/ros2_ws/install/my_robot_interfaces/lib/python3.12/site-packages/my_robot_interfaces/my_robot_interfaces_s__rosidl_typesupport_c.so" to ""
[9.047s] -- Installing: /home/diaoko/ros2_ws/install/my_robot_interfaces/lib/libmy_robot_interfaces__rosidl_generator_py.so
[9.047s] -- Set non-toolchain portion of runtime path of "/home/diaoko/ros2_ws/install/my_robot_interfaces/lib/libmy_robot_interfaces__rosidl_generator_py.so" to ""
[9.047s] -- Installing: /home/diaoko/ros2_ws/install/my_robot_interfaces/share/my_robot_interfaces/msg/HardwareStatus.idl
[9.047s] -- Installing: /home/diaoko/ros2_ws/install/my_robot_interfaces/share/my_robot_interfaces/srv/ResetCounter.idl
[9.048s] -- Installing: /home/diaoko/ros2_ws/install/my_robot_interfaces/share/my_robot_interfaces/msg/HardwareStatus.msg
[9.048s] -- Installing: /home/diaoko/ros2_ws/install/my_robot_interfaces/share/my_robot_interfaces/srv/ResetCounter.srv
[9.048s] -- Installing: /home/diaoko/ros2_ws/install/my_robot_interfaces/share/ament_index/resource_index/package_run_dependencies/my_robot_interfaces
[9.048s] -- Installing: /home/diaoko/ros2_ws/install/my_robot_interfaces/share/ament_index/resource_index/parent_prefix_path/my_robot_interfaces
[9.048s] -- Installing: /home/diaoko/ros2_ws/install/my_robot_interfaces/share/my_robot_interfaces/environment/ament_prefix_path.sh
[9.048s] -- Installing: /home/diaoko/ros2_ws/install/my_robot_interfaces/share/my_robot_interfaces/environment/ament_prefix_path.dsv
[9.048s] -- Installing: /home/diaoko/ros2_ws/install/my_robot_interfaces/share/my_robot_interfaces/environment/path.sh
[9.049s] -- Installing: /home/diaoko/ros2_ws/install/my_robot_interfaces/share/my_robot_interfaces/environment/path.dsv
[9.049s] -- Installing: /home/diaoko/ros2_ws/install/my_robot_interfaces/share/my_robot_interfaces/local_setup.bash
[9.049s] -- Installing: /home/diaoko/ros2_ws/install/my_robot_interfaces/share/my_robot_interfaces/local_setup.sh
[9.049s] -- Installing: /home/diaoko/ros2_ws/install/my_robot_interfaces/share/my_robot_interfaces/local_setup.zsh
[9.049s] -- Installing: /home/diaoko/ros2_ws/install/my_robot_interfaces/share/my_robot_interfaces/local_setup.dsv
[9.049s] -- Installing: /home/diaoko/ros2_ws/install/my_robot_interfaces/share/my_robot_interfaces/package.dsv
[9.049s] -- Installing: /home/diaoko/ros2_ws/install/my_robot_interfaces/share/ament_index/resource_index/packages/my_robot_interfaces
[9.049s] -- Installing: /home/diaoko/ros2_ws/install/my_robot_interfaces/share/my_robot_interfaces/cmake/export_my_robot_interfaces__rosidl_generator_cExport.cmake
[9.050s] -- Installing: /home/diaoko/ros2_ws/install/my_robot_interfaces/share/my_robot_interfaces/cmake/export_my_robot_interfaces__rosidl_generator_cExport-noconfig.cmake
[9.050s] -- Installing: /home/diaoko/ros2_ws/install/my_robot_interfaces/share/my_robot_interfaces/cmake/export_my_robot_interfaces__rosidl_typesupport_fastrtps_cExport.cmake
[9.050s] -- Installing: /home/diaoko/ros2_ws/install/my_robot_interfaces/share/my_robot_interfaces/cmake/export_my_robot_interfaces__rosidl_typesupport_fastrtps_cExport-noconfig.cmake
[9.050s] -- Installing: /home/diaoko/ros2_ws/install/my_robot_interfaces/share/my_robot_interfaces/cmake/my_robot_interfaces__rosidl_typesupport_introspection_cExport.cmake
[9.050s] -- Installing: /home/diaoko/ros2_ws/install/my_robot_interfaces/share/my_robot_interfaces/cmake/my_robot_interfaces__rosidl_typesupport_introspection_cExport-noconfig.cmake
[9.050s] -- Installing: /home/diaoko/ros2_ws/install/my_robot_interfaces/share/my_robot_interfaces/cmake/my_robot_interfaces__rosidl_typesupport_cExport.cmake
[9.051s] -- Installing: /home/diaoko/ros2_ws/install/my_robot_interfaces/share/my_robot_interfaces/cmake/my_robot_interfaces__rosidl_typesupport_cExport-noconfig.cmake
[9.051s] -- Installing: /home/diaoko/ros2_ws/install/my_robot_interfaces/share/my_robot_interfaces/cmake/export_my_robot_interfaces__rosidl_generator_cppExport.cmake
[9.051s] -- Installing: /home/diaoko/ros2_ws/install/my_robot_interfaces/share/my_robot_interfaces/cmake/export_my_robot_interfaces__rosidl_typesupport_fastrtps_cppExport.cmake
[9.051s] -- Installing: /home/diaoko/ros2_ws/install/my_robot_interfaces/share/my_robot_interfaces/cmake/export_my_robot_interfaces__rosidl_typesupport_fastrtps_cppExport-noconfig.cmake
[9.051s] -- Installing: /home/diaoko/ros2_ws/install/my_robot_interfaces/share/my_robot_interfaces/cmake/my_robot_interfaces__rosidl_typesupport_introspection_cppExport.cmake
[9.051s] -- Installing: /home/diaoko/ros2_ws/install/my_robot_interfaces/share/my_robot_interfaces/cmake/my_robot_interfaces__rosidl_typesupport_introspection_cppExport-noconfig.cmake
[9.052s] -- Installing: /home/diaoko/ros2_ws/install/my_robot_interfaces/share/my_robot_interfaces/cmake/my_robot_interfaces__rosidl_typesupport_cppExport.cmake
[9.052s] -- Installing: /home/diaoko/ros2_ws/install/my_robot_interfaces/share/my_robot_interfaces/cmake/my_robot_interfaces__rosidl_typesupport_cppExport-noconfig.cmake
[9.052s] -- Installing: /home/diaoko/ros2_ws/install/my_robot_interfaces/share/my_robot_interfaces/cmake/export_my_robot_interfaces__rosidl_generator_pyExport.cmake
[9.052s] -- Installing: /home/diaoko/ros2_ws/install/my_robot_interfaces/share/my_robot_interfaces/cmake/export_my_robot_interfaces__rosidl_generator_pyExport-noconfig.cmake
[9.052s] -- Installing: /home/diaoko/ros2_ws/install/my_robot_interfaces/share/my_robot_interfaces/cmake/rosidl_cmake-extras.cmake
[9.052s] -- Installing: /home/diaoko/ros2_ws/install/my_robot_interfaces/share/my_robot_interfaces/cmake/ament_cmake_export_dependencies-extras.cmake
[9.052s] -- Installing: /home/diaoko/ros2_ws/install/my_robot_interfaces/share/my_robot_interfaces/cmake/ament_cmake_export_include_directories-extras.cmake
[9.053s] -- Installing: /home/diaoko/ros2_ws/install/my_robot_interfaces/share/my_robot_interfaces/cmake/ament_cmake_export_libraries-extras.cmake
[9.053s] -- Installing: /home/diaoko/ros2_ws/install/my_robot_interfaces/share/my_robot_interfaces/cmake/ament_cmake_export_targets-extras.cmake
[9.053s] -- Installing: /home/diaoko/ros2_ws/install/my_robot_interfaces/share/my_robot_interfaces/cmake/rosidl_cmake_export_typesupport_targets-extras.cmake
[9.053s] -- Installing: /home/diaoko/ros2_ws/install/my_robot_interfaces/share/my_robot_interfaces/cmake/rosidl_cmake_export_typesupport_libraries-extras.cmake
[9.053s] -- Installing: /home/diaoko/ros2_ws/install/my_robot_interfaces/share/my_robot_interfaces/cmake/my_robot_interfacesConfig.cmake
[9.053s] -- Installing: /home/diaoko/ros2_ws/install/my_robot_interfaces/share/my_robot_interfaces/cmake/my_robot_interfacesConfig-version.cmake
[9.053s] -- Installing: /home/diaoko/ros2_ws/install/my_robot_interfaces/share/my_robot_interfaces/package.xml
[9.057s] Invoked command in '/home/diaoko/ros2_ws/build/my_robot_interfaces' returned '0': CMAKE_PREFIX_PATH=${CMAKE_PREFIX_PATH}:/opt/ros/jazzy DEBUGINFOD_URLS=https://debuginfod.ubuntu.com /usr/bin/cmake --install /home/diaoko/ros2_ws/build/my_robot_interfaces
