[1.220s] Invoking command in '/home/diaoko/ros2_ws/src/my_py_pkg': DEBUGINFOD_URLS=https://debuginfod.ubuntu.com PYTHONPATH=/home/diaoko/ros2_ws/build/my_py_pkg/prefix_override:/usr/lib/python3/dist-packages/colcon_core/task/python/colcon_distutils_commands:/home/diaoko/ros2_ws/install/my_py_pkg/lib/python3.12/site-packages:${PYTHONPATH} /usr/bin/python3 -W ignore:setup.py install is deprecated -W ignore:easy_install command is deprecated setup.py egg_info --egg-base ../../build/my_py_pkg build --build-base /home/diaoko/ros2_ws/build/my_py_pkg/build install --record /home/diaoko/ros2_ws/build/my_py_pkg/install.log --single-version-externally-managed install_data
[1.522s] running egg_info
[1.541s] writing ../../build/my_py_pkg/my_py_pkg.egg-info/PKG-INFO
[1.541s] writing dependency_links to ../../build/my_py_pkg/my_py_pkg.egg-info/dependency_links.txt
[1.542s] writing entry points to ../../build/my_py_pkg/my_py_pkg.egg-info/entry_points.txt
[1.542s] writing requirements to ../../build/my_py_pkg/my_py_pkg.egg-info/requires.txt
[1.542s] writing top-level names to ../../build/my_py_pkg/my_py_pkg.egg-info/top_level.txt
[1.580s] reading manifest file '../../build/my_py_pkg/my_py_pkg.egg-info/SOURCES.txt'
[1.581s] writing manifest file '../../build/my_py_pkg/my_py_pkg.egg-info/SOURCES.txt'
[1.581s] running build
[1.582s] running build_py
[1.582s] copying my_py_pkg/number_counter.py -> /home/diaoko/ros2_ws/build/my_py_pkg/build/lib/my_py_pkg
[1.582s] running install
[1.590s] running install_lib
[1.609s] copying /home/diaoko/ros2_ws/build/my_py_pkg/build/lib/my_py_pkg/number_counter.py -> /home/diaoko/ros2_ws/install/my_py_pkg/lib/python3.12/site-packages/my_py_pkg
[1.610s] byte-compiling /home/diaoko/ros2_ws/install/my_py_pkg/lib/python3.12/site-packages/my_py_pkg/number_counter.py to number_counter.cpython-312.pyc
[1.611s] running install_data
[1.611s] copying package.xml -> /home/diaoko/ros2_ws/install/my_py_pkg/share/my_py_pkg
[1.611s] running install_egg_info
[1.632s] removing '/home/diaoko/ros2_ws/install/my_py_pkg/lib/python3.12/site-packages/my_py_pkg-0.0.0-py3.12.egg-info' (and everything under it)
[1.632s] Copying ../../build/my_py_pkg/my_py_pkg.egg-info to /home/diaoko/ros2_ws/install/my_py_pkg/lib/python3.12/site-packages/my_py_pkg-0.0.0-py3.12.egg-info
[1.633s] running install_scripts
[1.786s] Installing number_counter script to /home/diaoko/ros2_ws/install/my_py_pkg/lib/my_py_pkg
[1.787s] Installing number_publisher script to /home/diaoko/ros2_ws/install/my_py_pkg/lib/my_py_pkg
[1.787s] Installing test_node script to /home/diaoko/ros2_ws/install/my_py_pkg/lib/my_py_pkg
[1.787s] writing list of installed files to '/home/diaoko/ros2_ws/build/my_py_pkg/install.log'
[1.822s] Invoked command in '/home/diaoko/ros2_ws/src/my_py_pkg' returned '0': DEBUGINFOD_URLS=https://debuginfod.ubuntu.com PYTHONPATH=/home/diaoko/ros2_ws/build/my_py_pkg/prefix_override:/usr/lib/python3/dist-packages/colcon_core/task/python/colcon_distutils_commands:/home/diaoko/ros2_ws/install/my_py_pkg/lib/python3.12/site-packages:${PYTHONPATH} /usr/bin/python3 -W ignore:setup.py install is deprecated -W ignore:easy_install command is deprecated setup.py egg_info --egg-base ../../build/my_py_pkg build --build-base /home/diaoko/ros2_ws/build/my_py_pkg/build install --record /home/diaoko/ros2_ws/build/my_py_pkg/install.log --single-version-externally-managed install_data
