[0.136s] DEBUG:colcon:Command line arguments: ['/usr/bin/colcon', 'build']
[0.136s] DEBUG:colcon:Parsed command line arguments: Namespace(log_base=None, log_level=None, verb_name='build', build_base='build', install_base='install', merge_install=False, symlink_install=False, test_result_base=None, continue_on_error=False, executor='parallel', parallel_workers=12, event_handlers=None, ignore_user_meta=False, metas=['./colcon.meta'], base_paths=['.'], packages_ignore=None, packages_ignore_regex=None, paths=None, packages_up_to=None, packages_up_to_regex=None, packages_above=None, packages_above_and_dependencies=None, packages_above_depth=None, packages_select_by_dep=None, packages_skip_by_dep=None, packages_skip_up_to=None, packages_select_build_failed=False, packages_skip_build_finished=False, packages_select_test_failures=False, packages_skip_test_passed=False, packages_select=None, packages_skip=None, packages_select_regex=None, packages_skip_regex=None, packages_start=None, packages_end=None, allow_overriding=[], cmake_args=None, cmake_target=None, cmake_target_skip_unavailable=False, cmake_clean_cache=False, cmake_clean_first=False, cmake_force_configure=False, ament_cmake_args=None, catkin_cmake_args=None, catkin_skip_building_tests=False, mixin_files=None, mixin=None, verb_parser=<colcon_mixin.mixin.mixin_argument.MixinArgumentDecorator object at 0x739870463b00>, verb_extension=<colcon_core.verb.build.BuildVerb object at 0x739870463800>, main=<bound method BuildVerb.main of <colcon_core.verb.build.BuildVerb object at 0x739870463800>>, mixin_verb=('build',))
[0.180s] Level 1:colcon.colcon_core.package_discovery:discover_packages(colcon_meta) check parameters
[0.180s] Level 1:colcon.colcon_core.package_discovery:discover_packages(recursive) check parameters
[0.180s] Level 1:colcon.colcon_core.package_discovery:discover_packages(ignore) check parameters
[0.180s] Level 1:colcon.colcon_core.package_discovery:discover_packages(path) check parameters
[0.180s] Level 1:colcon.colcon_core.package_discovery:discover_packages(colcon_meta) discover
[0.180s] Level 1:colcon.colcon_core.package_discovery:discover_packages(recursive) discover
[0.180s] INFO:colcon.colcon_core.package_discovery:Crawling recursively for packages in '/home/diaoko/ros2_ws'
[0.180s] Level 1:colcon.colcon_core.package_identification:_identify(.) by extensions ['ignore', 'ignore_ament_install']
[0.180s] Level 1:colcon.colcon_core.package_identification:_identify(.) by extension 'ignore'
[0.180s] Level 1:colcon.colcon_core.package_identification:_identify(.) by extension 'ignore_ament_install'
[0.181s] Level 1:colcon.colcon_core.package_identification:_identify(.) by extensions ['colcon_pkg']
[0.181s] Level 1:colcon.colcon_core.package_identification:_identify(.) by extension 'colcon_pkg'
[0.181s] Level 1:colcon.colcon_core.package_identification:_identify(.) by extensions ['colcon_meta']
[0.181s] Level 1:colcon.colcon_core.package_identification:_identify(.) by extension 'colcon_meta'
[0.181s] Level 1:colcon.colcon_core.package_identification:_identify(.) by extensions ['ros']
[0.181s] Level 1:colcon.colcon_core.package_identification:_identify(.) by extension 'ros'
[0.211s] Level 1:colcon.colcon_core.package_identification:_identify(.) by extensions ['cmake', 'python']
[0.211s] Level 1:colcon.colcon_core.package_identification:_identify(.) by extension 'cmake'
[0.211s] Level 1:colcon.colcon_core.package_identification:_identify(.) by extension 'python'
[0.211s] Level 1:colcon.colcon_core.package_identification:_identify(.) by extensions ['python_setup_py']
[0.211s] Level 1:colcon.colcon_core.package_identification:_identify(.) by extension 'python_setup_py'
[0.211s] Level 1:colcon.colcon_core.package_identification:_identify(build) by extensions ['ignore', 'ignore_ament_install']
[0.211s] Level 1:colcon.colcon_core.package_identification:_identify(build) by extension 'ignore'
[0.211s] Level 1:colcon.colcon_core.package_identification:_identify(build) ignored
[0.212s] Level 1:colcon.colcon_core.package_identification:_identify(install) by extensions ['ignore', 'ignore_ament_install']
[0.212s] Level 1:colcon.colcon_core.package_identification:_identify(install) by extension 'ignore'
[0.212s] Level 1:colcon.colcon_core.package_identification:_identify(install) ignored
[0.212s] Level 1:colcon.colcon_core.package_identification:_identify(log) by extensions ['ignore', 'ignore_ament_install']
[0.212s] Level 1:colcon.colcon_core.package_identification:_identify(log) by extension 'ignore'
[0.212s] Level 1:colcon.colcon_core.package_identification:_identify(log) ignored
[0.212s] Level 1:colcon.colcon_core.package_identification:_identify(src) by extensions ['ignore', 'ignore_ament_install']
[0.212s] Level 1:colcon.colcon_core.package_identification:_identify(src) by extension 'ignore'
[0.212s] Level 1:colcon.colcon_core.package_identification:_identify(src) by extension 'ignore_ament_install'
[0.212s] Level 1:colcon.colcon_core.package_identification:_identify(src) by extensions ['colcon_pkg']
[0.212s] Level 1:colcon.colcon_core.package_identification:_identify(src) by extension 'colcon_pkg'
[0.212s] Level 1:colcon.colcon_core.package_identification:_identify(src) by extensions ['colcon_meta']
[0.212s] Level 1:colcon.colcon_core.package_identification:_identify(src) by extension 'colcon_meta'
[0.212s] Level 1:colcon.colcon_core.package_identification:_identify(src) by extensions ['ros']
[0.212s] Level 1:colcon.colcon_core.package_identification:_identify(src) by extension 'ros'
[0.213s] Level 1:colcon.colcon_core.package_identification:_identify(src) by extensions ['cmake', 'python']
[0.213s] Level 1:colcon.colcon_core.package_identification:_identify(src) by extension 'cmake'
[0.213s] Level 1:colcon.colcon_core.package_identification:_identify(src) by extension 'python'
[0.213s] Level 1:colcon.colcon_core.package_identification:_identify(src) by extensions ['python_setup_py']
[0.213s] Level 1:colcon.colcon_core.package_identification:_identify(src) by extension 'python_setup_py'
[0.213s] Level 1:colcon.colcon_core.package_identification:_identify(src/my_cpp_pkg) by extensions ['ignore', 'ignore_ament_install']
[0.213s] Level 1:colcon.colcon_core.package_identification:_identify(src/my_cpp_pkg) by extension 'ignore'
[0.213s] Level 1:colcon.colcon_core.package_identification:_identify(src/my_cpp_pkg) by extension 'ignore_ament_install'
[0.213s] Level 1:colcon.colcon_core.package_identification:_identify(src/my_cpp_pkg) by extensions ['colcon_pkg']
[0.213s] Level 1:colcon.colcon_core.package_identification:_identify(src/my_cpp_pkg) by extension 'colcon_pkg'
[0.213s] Level 1:colcon.colcon_core.package_identification:_identify(src/my_cpp_pkg) by extensions ['colcon_meta']
[0.213s] Level 1:colcon.colcon_core.package_identification:_identify(src/my_cpp_pkg) by extension 'colcon_meta'
[0.213s] Level 1:colcon.colcon_core.package_identification:_identify(src/my_cpp_pkg) by extensions ['ros']
[0.213s] Level 1:colcon.colcon_core.package_identification:_identify(src/my_cpp_pkg) by extension 'ros'
[0.216s] DEBUG:colcon.colcon_core.package_identification:Package 'src/my_cpp_pkg' with type 'ros.ament_cmake' and name 'my_cpp_pkg'
[0.216s] Level 1:colcon.colcon_core.package_identification:_identify(src/my_py_pkg) by extensions ['ignore', 'ignore_ament_install']
[0.216s] Level 1:colcon.colcon_core.package_identification:_identify(src/my_py_pkg) by extension 'ignore'
[0.217s] Level 1:colcon.colcon_core.package_identification:_identify(src/my_py_pkg) by extension 'ignore_ament_install'
[0.217s] Level 1:colcon.colcon_core.package_identification:_identify(src/my_py_pkg) by extensions ['colcon_pkg']
[0.217s] Level 1:colcon.colcon_core.package_identification:_identify(src/my_py_pkg) by extension 'colcon_pkg'
[0.217s] Level 1:colcon.colcon_core.package_identification:_identify(src/my_py_pkg) by extensions ['colcon_meta']
[0.217s] Level 1:colcon.colcon_core.package_identification:_identify(src/my_py_pkg) by extension 'colcon_meta'
[0.217s] Level 1:colcon.colcon_core.package_identification:_identify(src/my_py_pkg) by extensions ['ros']
[0.217s] Level 1:colcon.colcon_core.package_identification:_identify(src/my_py_pkg) by extension 'ros'
[0.217s] DEBUG:colcon.colcon_core.package_identification:Package 'src/my_py_pkg' with type 'ros.ament_python' and name 'my_py_pkg'
[0.218s] Level 1:colcon.colcon_core.package_identification:_identify(src/my_robot_interfaces) by extensions ['ignore', 'ignore_ament_install']
[0.218s] Level 1:colcon.colcon_core.package_identification:_identify(src/my_robot_interfaces) by extension 'ignore'
[0.218s] Level 1:colcon.colcon_core.package_identification:_identify(src/my_robot_interfaces) by extension 'ignore_ament_install'
[0.218s] Level 1:colcon.colcon_core.package_identification:_identify(src/my_robot_interfaces) by extensions ['colcon_pkg']
[0.218s] Level 1:colcon.colcon_core.package_identification:_identify(src/my_robot_interfaces) by extension 'colcon_pkg'
[0.218s] Level 1:colcon.colcon_core.package_identification:_identify(src/my_robot_interfaces) by extensions ['colcon_meta']
[0.218s] Level 1:colcon.colcon_core.package_identification:_identify(src/my_robot_interfaces) by extension 'colcon_meta'
[0.218s] Level 1:colcon.colcon_core.package_identification:_identify(src/my_robot_interfaces) by extensions ['ros']
[0.218s] Level 1:colcon.colcon_core.package_identification:_identify(src/my_robot_interfaces) by extension 'ros'
[0.218s] DEBUG:colcon.colcon_core.package_identification:Package 'src/my_robot_interfaces' with type 'ros.ament_cmake' and name 'my_robot_interfaces'
[0.218s] Level 1:colcon.colcon_core.package_identification:_identify(src/turtle_controller) by extensions ['ignore', 'ignore_ament_install']
[0.219s] Level 1:colcon.colcon_core.package_identification:_identify(src/turtle_controller) by extension 'ignore'
[0.219s] Level 1:colcon.colcon_core.package_identification:_identify(src/turtle_controller) by extension 'ignore_ament_install'
[0.219s] Level 1:colcon.colcon_core.package_identification:_identify(src/turtle_controller) by extensions ['colcon_pkg']
[0.219s] Level 1:colcon.colcon_core.package_identification:_identify(src/turtle_controller) by extension 'colcon_pkg'
[0.219s] Level 1:colcon.colcon_core.package_identification:_identify(src/turtle_controller) by extensions ['colcon_meta']
[0.219s] Level 1:colcon.colcon_core.package_identification:_identify(src/turtle_controller) by extension 'colcon_meta'
[0.219s] Level 1:colcon.colcon_core.package_identification:_identify(src/turtle_controller) by extensions ['ros']
[0.219s] Level 1:colcon.colcon_core.package_identification:_identify(src/turtle_controller) by extension 'ros'
[0.219s] DEBUG:colcon.colcon_core.package_identification:Package 'src/turtle_controller' with type 'ros.ament_python' and name 'turtle_controller'
[0.220s] Level 1:colcon.colcon_core.package_identification:_identify(src/turtle_controller_cpp) by extensions ['ignore', 'ignore_ament_install']
[0.220s] Level 1:colcon.colcon_core.package_identification:_identify(src/turtle_controller_cpp) by extension 'ignore'
[0.220s] Level 1:colcon.colcon_core.package_identification:_identify(src/turtle_controller_cpp) by extension 'ignore_ament_install'
[0.220s] Level 1:colcon.colcon_core.package_identification:_identify(src/turtle_controller_cpp) by extensions ['colcon_pkg']
[0.220s] Level 1:colcon.colcon_core.package_identification:_identify(src/turtle_controller_cpp) by extension 'colcon_pkg'
[0.220s] Level 1:colcon.colcon_core.package_identification:_identify(src/turtle_controller_cpp) by extensions ['colcon_meta']
[0.220s] Level 1:colcon.colcon_core.package_identification:_identify(src/turtle_controller_cpp) by extension 'colcon_meta'
[0.220s] Level 1:colcon.colcon_core.package_identification:_identify(src/turtle_controller_cpp) by extensions ['ros']
[0.220s] Level 1:colcon.colcon_core.package_identification:_identify(src/turtle_controller_cpp) by extension 'ros'
[0.221s] DEBUG:colcon.colcon_core.package_identification:Package 'src/turtle_controller_cpp' with type 'ros.ament_cmake' and name 'turtle_controller_cpp'
[0.221s] Level 1:colcon.colcon_core.package_discovery:discover_packages(recursive) using defaults
[0.221s] Level 1:colcon.colcon_core.package_discovery:discover_packages(ignore) discover
[0.221s] Level 1:colcon.colcon_core.package_discovery:discover_packages(ignore) using defaults
[0.221s] Level 1:colcon.colcon_core.package_discovery:discover_packages(path) discover
[0.221s] Level 1:colcon.colcon_core.package_discovery:discover_packages(path) using defaults
[0.251s] Level 1:colcon.colcon_core.package_discovery:discover_packages(prefix_path) check parameters
[0.251s] Level 1:colcon.colcon_core.package_discovery:discover_packages(prefix_path) discover
[0.256s] DEBUG:colcon.colcon_installed_package_information.package_discovery:Found 285 installed packages in /opt/ros/jazzy
[0.257s] Level 1:colcon.colcon_core.package_discovery:discover_packages(prefix_path) using defaults
[0.298s] Level 5:colcon.colcon_core.verb:set package 'my_cpp_pkg' build argument 'cmake_args' from command line to 'None'
[0.298s] Level 5:colcon.colcon_core.verb:set package 'my_cpp_pkg' build argument 'cmake_target' from command line to 'None'
[0.298s] Level 5:colcon.colcon_core.verb:set package 'my_cpp_pkg' build argument 'cmake_target_skip_unavailable' from command line to 'False'
[0.298s] Level 5:colcon.colcon_core.verb:set package 'my_cpp_pkg' build argument 'cmake_clean_cache' from command line to 'False'
[0.298s] Level 5:colcon.colcon_core.verb:set package 'my_cpp_pkg' build argument 'cmake_clean_first' from command line to 'False'
[0.298s] Level 5:colcon.colcon_core.verb:set package 'my_cpp_pkg' build argument 'cmake_force_configure' from command line to 'False'
[0.298s] Level 5:colcon.colcon_core.verb:set package 'my_cpp_pkg' build argument 'ament_cmake_args' from command line to 'None'
[0.298s] Level 5:colcon.colcon_core.verb:set package 'my_cpp_pkg' build argument 'catkin_cmake_args' from command line to 'None'
[0.298s] Level 5:colcon.colcon_core.verb:set package 'my_cpp_pkg' build argument 'catkin_skip_building_tests' from command line to 'False'
[0.298s] DEBUG:colcon.colcon_core.verb:Building package 'my_cpp_pkg' with the following arguments: {'ament_cmake_args': None, 'build_base': '/home/diaoko/ros2_ws/build/my_cpp_pkg', 'catkin_cmake_args': None, 'catkin_skip_building_tests': False, 'cmake_args': None, 'cmake_clean_cache': False, 'cmake_clean_first': False, 'cmake_force_configure': False, 'cmake_target': None, 'cmake_target_skip_unavailable': False, 'install_base': '/home/diaoko/ros2_ws/install/my_cpp_pkg', 'merge_install': False, 'path': '/home/diaoko/ros2_ws/src/my_cpp_pkg', 'symlink_install': False, 'test_result_base': None}
[0.298s] Level 5:colcon.colcon_core.verb:set package 'my_py_pkg' build argument 'cmake_args' from command line to 'None'
[0.298s] Level 5:colcon.colcon_core.verb:set package 'my_py_pkg' build argument 'cmake_target' from command line to 'None'
[0.298s] Level 5:colcon.colcon_core.verb:set package 'my_py_pkg' build argument 'cmake_target_skip_unavailable' from command line to 'False'
[0.298s] Level 5:colcon.colcon_core.verb:set package 'my_py_pkg' build argument 'cmake_clean_cache' from command line to 'False'
[0.298s] Level 5:colcon.colcon_core.verb:set package 'my_py_pkg' build argument 'cmake_clean_first' from command line to 'False'
[0.298s] Level 5:colcon.colcon_core.verb:set package 'my_py_pkg' build argument 'cmake_force_configure' from command line to 'False'
[0.298s] Level 5:colcon.colcon_core.verb:set package 'my_py_pkg' build argument 'ament_cmake_args' from command line to 'None'
[0.298s] Level 5:colcon.colcon_core.verb:set package 'my_py_pkg' build argument 'catkin_cmake_args' from command line to 'None'
[0.298s] Level 5:colcon.colcon_core.verb:set package 'my_py_pkg' build argument 'catkin_skip_building_tests' from command line to 'False'
[0.298s] DEBUG:colcon.colcon_core.verb:Building package 'my_py_pkg' with the following arguments: {'ament_cmake_args': None, 'build_base': '/home/diaoko/ros2_ws/build/my_py_pkg', 'catkin_cmake_args': None, 'catkin_skip_building_tests': False, 'cmake_args': None, 'cmake_clean_cache': False, 'cmake_clean_first': False, 'cmake_force_configure': False, 'cmake_target': None, 'cmake_target_skip_unavailable': False, 'install_base': '/home/diaoko/ros2_ws/install/my_py_pkg', 'merge_install': False, 'path': '/home/diaoko/ros2_ws/src/my_py_pkg', 'symlink_install': False, 'test_result_base': None}
[0.299s] Level 5:colcon.colcon_core.verb:set package 'my_robot_interfaces' build argument 'cmake_args' from command line to 'None'
[0.299s] Level 5:colcon.colcon_core.verb:set package 'my_robot_interfaces' build argument 'cmake_target' from command line to 'None'
[0.299s] Level 5:colcon.colcon_core.verb:set package 'my_robot_interfaces' build argument 'cmake_target_skip_unavailable' from command line to 'False'
[0.299s] Level 5:colcon.colcon_core.verb:set package 'my_robot_interfaces' build argument 'cmake_clean_cache' from command line to 'False'
[0.299s] Level 5:colcon.colcon_core.verb:set package 'my_robot_interfaces' build argument 'cmake_clean_first' from command line to 'False'
[0.299s] Level 5:colcon.colcon_core.verb:set package 'my_robot_interfaces' build argument 'cmake_force_configure' from command line to 'False'
[0.299s] Level 5:colcon.colcon_core.verb:set package 'my_robot_interfaces' build argument 'ament_cmake_args' from command line to 'None'
[0.299s] Level 5:colcon.colcon_core.verb:set package 'my_robot_interfaces' build argument 'catkin_cmake_args' from command line to 'None'
[0.299s] Level 5:colcon.colcon_core.verb:set package 'my_robot_interfaces' build argument 'catkin_skip_building_tests' from command line to 'False'
[0.299s] DEBUG:colcon.colcon_core.verb:Building package 'my_robot_interfaces' with the following arguments: {'ament_cmake_args': None, 'build_base': '/home/diaoko/ros2_ws/build/my_robot_interfaces', 'catkin_cmake_args': None, 'catkin_skip_building_tests': False, 'cmake_args': None, 'cmake_clean_cache': False, 'cmake_clean_first': False, 'cmake_force_configure': False, 'cmake_target': None, 'cmake_target_skip_unavailable': False, 'install_base': '/home/diaoko/ros2_ws/install/my_robot_interfaces', 'merge_install': False, 'path': '/home/diaoko/ros2_ws/src/my_robot_interfaces', 'symlink_install': False, 'test_result_base': None}
[0.299s] Level 5:colcon.colcon_core.verb:set package 'turtle_controller' build argument 'cmake_args' from command line to 'None'
[0.299s] Level 5:colcon.colcon_core.verb:set package 'turtle_controller' build argument 'cmake_target' from command line to 'None'
[0.299s] Level 5:colcon.colcon_core.verb:set package 'turtle_controller' build argument 'cmake_target_skip_unavailable' from command line to 'False'
[0.299s] Level 5:colcon.colcon_core.verb:set package 'turtle_controller' build argument 'cmake_clean_cache' from command line to 'False'
[0.299s] Level 5:colcon.colcon_core.verb:set package 'turtle_controller' build argument 'cmake_clean_first' from command line to 'False'
[0.299s] Level 5:colcon.colcon_core.verb:set package 'turtle_controller' build argument 'cmake_force_configure' from command line to 'False'
[0.299s] Level 5:colcon.colcon_core.verb:set package 'turtle_controller' build argument 'ament_cmake_args' from command line to 'None'
[0.299s] Level 5:colcon.colcon_core.verb:set package 'turtle_controller' build argument 'catkin_cmake_args' from command line to 'None'
[0.299s] Level 5:colcon.colcon_core.verb:set package 'turtle_controller' build argument 'catkin_skip_building_tests' from command line to 'False'
[0.299s] DEBUG:colcon.colcon_core.verb:Building package 'turtle_controller' with the following arguments: {'ament_cmake_args': None, 'build_base': '/home/diaoko/ros2_ws/build/turtle_controller', 'catkin_cmake_args': None, 'catkin_skip_building_tests': False, 'cmake_args': None, 'cmake_clean_cache': False, 'cmake_clean_first': False, 'cmake_force_configure': False, 'cmake_target': None, 'cmake_target_skip_unavailable': False, 'install_base': '/home/diaoko/ros2_ws/install/turtle_controller', 'merge_install': False, 'path': '/home/diaoko/ros2_ws/src/turtle_controller', 'symlink_install': False, 'test_result_base': None}
[0.300s] Level 5:colcon.colcon_core.verb:set package 'turtle_controller_cpp' build argument 'cmake_args' from command line to 'None'
[0.300s] Level 5:colcon.colcon_core.verb:set package 'turtle_controller_cpp' build argument 'cmake_target' from command line to 'None'
[0.300s] Level 5:colcon.colcon_core.verb:set package 'turtle_controller_cpp' build argument 'cmake_target_skip_unavailable' from command line to 'False'
[0.300s] Level 5:colcon.colcon_core.verb:set package 'turtle_controller_cpp' build argument 'cmake_clean_cache' from command line to 'False'
[0.300s] Level 5:colcon.colcon_core.verb:set package 'turtle_controller_cpp' build argument 'cmake_clean_first' from command line to 'False'
[0.300s] Level 5:colcon.colcon_core.verb:set package 'turtle_controller_cpp' build argument 'cmake_force_configure' from command line to 'False'
[0.300s] Level 5:colcon.colcon_core.verb:set package 'turtle_controller_cpp' build argument 'ament_cmake_args' from command line to 'None'
[0.300s] Level 5:colcon.colcon_core.verb:set package 'turtle_controller_cpp' build argument 'catkin_cmake_args' from command line to 'None'
[0.300s] Level 5:colcon.colcon_core.verb:set package 'turtle_controller_cpp' build argument 'catkin_skip_building_tests' from command line to 'False'
[0.300s] DEBUG:colcon.colcon_core.verb:Building package 'turtle_controller_cpp' with the following arguments: {'ament_cmake_args': None, 'build_base': '/home/diaoko/ros2_ws/build/turtle_controller_cpp', 'catkin_cmake_args': None, 'catkin_skip_building_tests': False, 'cmake_args': None, 'cmake_clean_cache': False, 'cmake_clean_first': False, 'cmake_force_configure': False, 'cmake_target': None, 'cmake_target_skip_unavailable': False, 'install_base': '/home/diaoko/ros2_ws/install/turtle_controller_cpp', 'merge_install': False, 'path': '/home/diaoko/ros2_ws/src/turtle_controller_cpp', 'symlink_install': False, 'test_result_base': None}
[0.300s] INFO:colcon.colcon_core.executor:Executing jobs using 'parallel' executor
[0.301s] DEBUG:colcon.colcon_parallel_executor.executor.parallel:run_until_complete
[0.302s] INFO:colcon.colcon_ros.task.ament_cmake.build:Building ROS package in '/home/diaoko/ros2_ws/src/my_cpp_pkg' with build type 'ament_cmake'
[0.302s] INFO:colcon.colcon_cmake.task.cmake.build:Building CMake package in '/home/diaoko/ros2_ws/src/my_cpp_pkg'
[0.306s] INFO:colcon.colcon_core.plugin_system:Skipping extension 'colcon_core.shell.bat': Not used on non-Windows systems
[0.306s] INFO:colcon.colcon_core.shell:Skip shell extension 'powershell' for command environment: Not usable outside of PowerShell
[0.306s] DEBUG:colcon.colcon_core.shell:Skip shell extension 'dsv' for command environment
[0.309s] INFO:colcon.colcon_ros.task.ament_python.build:Building ROS package in '/home/diaoko/ros2_ws/src/my_py_pkg' with build type 'ament_python'
[0.309s] Level 1:colcon.colcon_core.shell:create_environment_hook('my_py_pkg', 'ament_prefix_path')
[0.310s] INFO:colcon.colcon_core.shell:Creating environment hook '/home/diaoko/ros2_ws/install/my_py_pkg/share/my_py_pkg/hook/ament_prefix_path.ps1'
[0.311s] INFO:colcon.colcon_core.shell:Creating environment descriptor '/home/diaoko/ros2_ws/install/my_py_pkg/share/my_py_pkg/hook/ament_prefix_path.dsv'
[0.311s] INFO:colcon.colcon_core.shell:Creating environment hook '/home/diaoko/ros2_ws/install/my_py_pkg/share/my_py_pkg/hook/ament_prefix_path.sh'
[0.312s] INFO:colcon.colcon_core.shell:Skip shell extension 'powershell' for command environment: Not usable outside of PowerShell
[0.312s] DEBUG:colcon.colcon_core.shell:Skip shell extension 'dsv' for command environment
[0.314s] INFO:colcon.colcon_ros.task.ament_cmake.build:Building ROS package in '/home/diaoko/ros2_ws/src/my_robot_interfaces' with build type 'ament_cmake'
[0.314s] INFO:colcon.colcon_cmake.task.cmake.build:Building CMake package in '/home/diaoko/ros2_ws/src/my_robot_interfaces'
[0.315s] INFO:colcon.colcon_core.shell:Skip shell extension 'powershell' for command environment: Not usable outside of PowerShell
[0.315s] DEBUG:colcon.colcon_core.shell:Skip shell extension 'dsv' for command environment
[0.317s] INFO:colcon.colcon_ros.task.ament_python.build:Building ROS package in '/home/diaoko/ros2_ws/src/turtle_controller' with build type 'ament_python'
[0.318s] Level 1:colcon.colcon_core.shell:create_environment_hook('turtle_controller', 'ament_prefix_path')
[0.318s] INFO:colcon.colcon_core.shell:Creating environment hook '/home/diaoko/ros2_ws/install/turtle_controller/share/turtle_controller/hook/ament_prefix_path.ps1'
[0.319s] INFO:colcon.colcon_core.shell:Creating environment descriptor '/home/diaoko/ros2_ws/install/turtle_controller/share/turtle_controller/hook/ament_prefix_path.dsv'
[0.319s] INFO:colcon.colcon_core.shell:Creating environment hook '/home/diaoko/ros2_ws/install/turtle_controller/share/turtle_controller/hook/ament_prefix_path.sh'
[0.320s] INFO:colcon.colcon_core.shell:Skip shell extension 'powershell' for command environment: Not usable outside of PowerShell
[0.320s] DEBUG:colcon.colcon_core.shell:Skip shell extension 'dsv' for command environment
[0.324s] INFO:colcon.colcon_ros.task.ament_cmake.build:Building ROS package in '/home/diaoko/ros2_ws/src/turtle_controller_cpp' with build type 'ament_cmake'
[0.324s] INFO:colcon.colcon_cmake.task.cmake.build:Building CMake package in '/home/diaoko/ros2_ws/src/turtle_controller_cpp'
[0.324s] INFO:colcon.colcon_core.shell:Skip shell extension 'powershell' for command environment: Not usable outside of PowerShell
[0.324s] DEBUG:colcon.colcon_core.shell:Skip shell extension 'dsv' for command environment
[0.336s] DEBUG:colcon.colcon_core.event_handler.log_command:Invoking command in '/home/diaoko/ros2_ws/build/my_cpp_pkg': CMAKE_PREFIX_PATH=${CMAKE_PREFIX_PATH}:/opt/ros/jazzy DEBUGINFOD_URLS=https://debuginfod.ubuntu.com /usr/bin/cmake --build /home/diaoko/ros2_ws/build/my_cpp_pkg -- -j12 -l12
[0.596s] INFO:colcon.colcon_core.task.python.build:Building Python package in '/home/diaoko/ros2_ws/src/my_py_pkg'
[0.596s] INFO:colcon.colcon_core.shell:Skip shell extension 'powershell' for command environment: Not usable outside of PowerShell
[0.596s] DEBUG:colcon.colcon_core.shell:Skip shell extension 'dsv' for command environment
[0.603s] DEBUG:colcon.colcon_core.event_handler.log_command:Invoking command in '/home/diaoko/ros2_ws/build/my_robot_interfaces': CMAKE_PREFIX_PATH=${CMAKE_PREFIX_PATH}:/opt/ros/jazzy DEBUGINFOD_URLS=https://debuginfod.ubuntu.com /usr/bin/cmake /home/diaoko/ros2_ws/src/my_robot_interfaces -DCMAKE_INSTALL_PREFIX=/home/diaoko/ros2_ws/install/my_robot_interfaces
[0.850s] INFO:colcon.colcon_core.task.python.build:Building Python package in '/home/diaoko/ros2_ws/src/turtle_controller'
[0.851s] INFO:colcon.colcon_core.shell:Skip shell extension 'powershell' for command environment: Not usable outside of PowerShell
[0.851s] DEBUG:colcon.colcon_core.shell:Skip shell extension 'dsv' for command environment
[0.862s] DEBUG:colcon.colcon_core.event_handler.log_command:Invoking command in '/home/diaoko/ros2_ws/build/turtle_controller_cpp': CMAKE_PREFIX_PATH=${CMAKE_PREFIX_PATH}:/opt/ros/jazzy DEBUGINFOD_URLS=https://debuginfod.ubuntu.com /usr/bin/cmake /home/diaoko/ros2_ws/src/turtle_controller_cpp -DCMAKE_INSTALL_PREFIX=/home/diaoko/ros2_ws/install/turtle_controller_cpp
[1.601s] DEBUG:colcon.colcon_core.event_handler.log_command:Invoking command in '/home/diaoko/ros2_ws/src/my_py_pkg': DEBUGINFOD_URLS=https://debuginfod.ubuntu.com PYTHONPATH=/home/diaoko/ros2_ws/build/my_py_pkg/prefix_override:/usr/lib/python3/dist-packages/colcon_core/task/python/colcon_distutils_commands:/home/diaoko/ros2_ws/install/my_py_pkg/lib/python3.12/site-packages:${PYTHONPATH} /usr/bin/python3 -W ignore:setup.py install is deprecated -W ignore:easy_install command is deprecated setup.py egg_info --egg-base ../../build/my_py_pkg build --build-base /home/diaoko/ros2_ws/build/my_py_pkg/build install --record /home/diaoko/ros2_ws/build/my_py_pkg/install.log --single-version-externally-managed install_data
[1.808s] DEBUG:colcon.colcon_core.event_handler.log_command:Invoking command in '/home/diaoko/ros2_ws/src/turtle_controller': DEBUGINFOD_URLS=https://debuginfod.ubuntu.com PYTHONPATH=/home/diaoko/ros2_ws/build/turtle_controller/prefix_override:/usr/lib/python3/dist-packages/colcon_core/task/python/colcon_distutils_commands:/home/diaoko/ros2_ws/install/turtle_controller/lib/python3.12/site-packages:${PYTHONPATH} /usr/bin/python3 -W ignore:setup.py install is deprecated -W ignore:easy_install command is deprecated setup.py egg_info --egg-base ../../build/turtle_controller build --build-base /home/diaoko/ros2_ws/build/turtle_controller/build install --record /home/diaoko/ros2_ws/build/turtle_controller/install.log --single-version-externally-managed install_data
[2.356s] DEBUG:colcon.colcon_core.event_handler.log_command:Invoked command in '/home/diaoko/ros2_ws/src/my_py_pkg' returned '0': DEBUGINFOD_URLS=https://debuginfod.ubuntu.com PYTHONPATH=/home/diaoko/ros2_ws/build/my_py_pkg/prefix_override:/usr/lib/python3/dist-packages/colcon_core/task/python/colcon_distutils_commands:/home/diaoko/ros2_ws/install/my_py_pkg/lib/python3.12/site-packages:${PYTHONPATH} /usr/bin/python3 -W ignore:setup.py install is deprecated -W ignore:easy_install command is deprecated setup.py egg_info --egg-base ../../build/my_py_pkg build --build-base /home/diaoko/ros2_ws/build/my_py_pkg/build install --record /home/diaoko/ros2_ws/build/my_py_pkg/install.log --single-version-externally-managed install_data
[2.361s] Level 1:colcon.colcon_core.environment:checking '/home/diaoko/ros2_ws/install/my_py_pkg' for CMake module files
[2.362s] Level 1:colcon.colcon_core.environment:checking '/home/diaoko/ros2_ws/install/my_py_pkg' for CMake config files
[2.363s] Level 1:colcon.colcon_core.environment:checking '/home/diaoko/ros2_ws/install/my_py_pkg/lib'
[2.363s] Level 1:colcon.colcon_core.environment:checking '/home/diaoko/ros2_ws/install/my_py_pkg/bin'
[2.363s] Level 1:colcon.colcon_core.environment:checking '/home/diaoko/ros2_ws/install/my_py_pkg/lib/pkgconfig/my_py_pkg.pc'
[2.363s] Level 1:colcon.colcon_core.environment:checking '/home/diaoko/ros2_ws/install/my_py_pkg/lib/python3.12/site-packages'
[2.364s] Level 1:colcon.colcon_core.shell:create_environment_hook('my_py_pkg', 'pythonpath')
[2.364s] INFO:colcon.colcon_core.shell:Creating environment hook '/home/diaoko/ros2_ws/install/my_py_pkg/share/my_py_pkg/hook/pythonpath.ps1'
[2.365s] INFO:colcon.colcon_core.shell:Creating environment descriptor '/home/diaoko/ros2_ws/install/my_py_pkg/share/my_py_pkg/hook/pythonpath.dsv'
[2.365s] INFO:colcon.colcon_core.shell:Creating environment hook '/home/diaoko/ros2_ws/install/my_py_pkg/share/my_py_pkg/hook/pythonpath.sh'
[2.366s] Level 1:colcon.colcon_core.environment:checking '/home/diaoko/ros2_ws/install/my_py_pkg/bin'
[2.366s] Level 1:colcon.colcon_core.environment:create_environment_scripts_only(my_py_pkg)
[2.367s] INFO:colcon.colcon_core.shell:Creating package script '/home/diaoko/ros2_ws/install/my_py_pkg/share/my_py_pkg/package.ps1'
[2.368s] INFO:colcon.colcon_core.shell:Creating package descriptor '/home/diaoko/ros2_ws/install/my_py_pkg/share/my_py_pkg/package.dsv'
[2.369s] INFO:colcon.colcon_core.shell:Creating package script '/home/diaoko/ros2_ws/install/my_py_pkg/share/my_py_pkg/package.sh'
[2.371s] INFO:colcon.colcon_core.shell:Creating package script '/home/diaoko/ros2_ws/install/my_py_pkg/share/my_py_pkg/package.bash'
[2.372s] INFO:colcon.colcon_core.shell:Creating package script '/home/diaoko/ros2_ws/install/my_py_pkg/share/my_py_pkg/package.zsh'
[2.373s] Level 1:colcon.colcon_core.environment:create_file_with_runtime_dependencies(/home/diaoko/ros2_ws/install/my_py_pkg/share/colcon-core/packages/my_py_pkg)
[2.611s] DEBUG:colcon.colcon_core.event_handler.log_command:Invoked command in '/home/diaoko/ros2_ws/build/turtle_controller_cpp' returned '0': CMAKE_PREFIX_PATH=${CMAKE_PREFIX_PATH}:/opt/ros/jazzy DEBUGINFOD_URLS=https://debuginfod.ubuntu.com /usr/bin/cmake /home/diaoko/ros2_ws/src/turtle_controller_cpp -DCMAKE_INSTALL_PREFIX=/home/diaoko/ros2_ws/install/turtle_controller_cpp
[2.613s] DEBUG:colcon.colcon_core.event_handler.log_command:Invoking command in '/home/diaoko/ros2_ws/build/turtle_controller_cpp': CMAKE_PREFIX_PATH=${CMAKE_PREFIX_PATH}:/opt/ros/jazzy DEBUGINFOD_URLS=https://debuginfod.ubuntu.com /usr/bin/cmake --build /home/diaoko/ros2_ws/build/turtle_controller_cpp -- -j12 -l12
[2.769s] Level 1:colcon.colcon_core.environment:checking '/home/diaoko/ros2_ws/install/turtle_controller' for CMake module files
[2.770s] DEBUG:colcon.colcon_core.event_handler.log_command:Invoked command in '/home/diaoko/ros2_ws/src/turtle_controller' returned '0': DEBUGINFOD_URLS=https://debuginfod.ubuntu.com PYTHONPATH=/home/diaoko/ros2_ws/build/turtle_controller/prefix_override:/usr/lib/python3/dist-packages/colcon_core/task/python/colcon_distutils_commands:/home/diaoko/ros2_ws/install/turtle_controller/lib/python3.12/site-packages:${PYTHONPATH} /usr/bin/python3 -W ignore:setup.py install is deprecated -W ignore:easy_install command is deprecated setup.py egg_info --egg-base ../../build/turtle_controller build --build-base /home/diaoko/ros2_ws/build/turtle_controller/build install --record /home/diaoko/ros2_ws/build/turtle_controller/install.log --single-version-externally-managed install_data
[2.771s] Level 1:colcon.colcon_core.environment:checking '/home/diaoko/ros2_ws/install/turtle_controller' for CMake config files
[2.771s] Level 1:colcon.colcon_core.environment:checking '/home/diaoko/ros2_ws/install/turtle_controller/lib'
[2.772s] Level 1:colcon.colcon_core.environment:checking '/home/diaoko/ros2_ws/install/turtle_controller/bin'
[2.772s] Level 1:colcon.colcon_core.environment:checking '/home/diaoko/ros2_ws/install/turtle_controller/lib/pkgconfig/turtle_controller.pc'
[2.772s] Level 1:colcon.colcon_core.environment:checking '/home/diaoko/ros2_ws/install/turtle_controller/lib/python3.12/site-packages'
[2.772s] Level 1:colcon.colcon_core.shell:create_environment_hook('turtle_controller', 'pythonpath')
[2.773s] INFO:colcon.colcon_core.shell:Creating environment hook '/home/diaoko/ros2_ws/install/turtle_controller/share/turtle_controller/hook/pythonpath.ps1'
[2.773s] INFO:colcon.colcon_core.shell:Creating environment descriptor '/home/diaoko/ros2_ws/install/turtle_controller/share/turtle_controller/hook/pythonpath.dsv'
[2.774s] INFO:colcon.colcon_core.shell:Creating environment hook '/home/diaoko/ros2_ws/install/turtle_controller/share/turtle_controller/hook/pythonpath.sh'
[2.775s] Level 1:colcon.colcon_core.environment:checking '/home/diaoko/ros2_ws/install/turtle_controller/bin'
[2.775s] Level 1:colcon.colcon_core.environment:create_environment_scripts_only(turtle_controller)
[2.775s] INFO:colcon.colcon_core.shell:Creating package script '/home/diaoko/ros2_ws/install/turtle_controller/share/turtle_controller/package.ps1'
[2.776s] INFO:colcon.colcon_core.shell:Creating package descriptor '/home/diaoko/ros2_ws/install/turtle_controller/share/turtle_controller/package.dsv'
[2.777s] INFO:colcon.colcon_core.shell:Creating package script '/home/diaoko/ros2_ws/install/turtle_controller/share/turtle_controller/package.sh'
[2.777s] INFO:colcon.colcon_core.shell:Creating package script '/home/diaoko/ros2_ws/install/turtle_controller/share/turtle_controller/package.bash'
[2.778s] INFO:colcon.colcon_core.shell:Creating package script '/home/diaoko/ros2_ws/install/turtle_controller/share/turtle_controller/package.zsh'
[2.778s] Level 1:colcon.colcon_core.environment:create_file_with_runtime_dependencies(/home/diaoko/ros2_ws/install/turtle_controller/share/colcon-core/packages/turtle_controller)
[5.148s] DEBUG:colcon.colcon_core.event_handler.log_command:Invoked command in '/home/diaoko/ros2_ws/build/my_robot_interfaces' returned '0': CMAKE_PREFIX_PATH=${CMAKE_PREFIX_PATH}:/opt/ros/jazzy DEBUGINFOD_URLS=https://debuginfod.ubuntu.com /usr/bin/cmake /home/diaoko/ros2_ws/src/my_robot_interfaces -DCMAKE_INSTALL_PREFIX=/home/diaoko/ros2_ws/install/my_robot_interfaces
[5.149s] DEBUG:colcon.colcon_core.event_handler.log_command:Invoking command in '/home/diaoko/ros2_ws/build/my_robot_interfaces': CMAKE_PREFIX_PATH=${CMAKE_PREFIX_PATH}:/opt/ros/jazzy DEBUGINFOD_URLS=https://debuginfod.ubuntu.com /usr/bin/cmake --build /home/diaoko/ros2_ws/build/my_robot_interfaces -- -j12 -l12
[9.253s] DEBUG:colcon.colcon_core.event_handler.log_command:Invoked command in '/home/diaoko/ros2_ws/build/my_robot_interfaces' returned '0': CMAKE_PREFIX_PATH=${CMAKE_PREFIX_PATH}:/opt/ros/jazzy DEBUGINFOD_URLS=https://debuginfod.ubuntu.com /usr/bin/cmake --build /home/diaoko/ros2_ws/build/my_robot_interfaces -- -j12 -l12
[9.265s] DEBUG:colcon.colcon_core.event_handler.log_command:Invoking command in '/home/diaoko/ros2_ws/build/my_robot_interfaces': CMAKE_PREFIX_PATH=${CMAKE_PREFIX_PATH}:/opt/ros/jazzy DEBUGINFOD_URLS=https://debuginfod.ubuntu.com /usr/bin/cmake --install /home/diaoko/ros2_ws/build/my_robot_interfaces
[9.371s] Level 1:colcon.colcon_core.environment:create_environment_scripts_only(my_robot_interfaces)
[9.371s] Level 1:colcon.colcon_core.environment:checking '/home/diaoko/ros2_ws/install/my_robot_interfaces' for CMake module files
[9.372s] DEBUG:colcon.colcon_core.event_handler.log_command:Invoked command in '/home/diaoko/ros2_ws/build/my_robot_interfaces' returned '0': CMAKE_PREFIX_PATH=${CMAKE_PREFIX_PATH}:/opt/ros/jazzy DEBUGINFOD_URLS=https://debuginfod.ubuntu.com /usr/bin/cmake --install /home/diaoko/ros2_ws/build/my_robot_interfaces
[9.373s] Level 1:colcon.colcon_core.environment:checking '/home/diaoko/ros2_ws/install/my_robot_interfaces' for CMake config files
[9.374s] Level 1:colcon.colcon_core.shell:create_environment_hook('my_robot_interfaces', 'cmake_prefix_path')
[9.374s] INFO:colcon.colcon_core.shell:Creating environment hook '/home/diaoko/ros2_ws/install/my_robot_interfaces/share/my_robot_interfaces/hook/cmake_prefix_path.ps1'
[9.375s] INFO:colcon.colcon_core.shell:Creating environment descriptor '/home/diaoko/ros2_ws/install/my_robot_interfaces/share/my_robot_interfaces/hook/cmake_prefix_path.dsv'
[9.375s] INFO:colcon.colcon_core.shell:Creating environment hook '/home/diaoko/ros2_ws/install/my_robot_interfaces/share/my_robot_interfaces/hook/cmake_prefix_path.sh'
[9.376s] Level 1:colcon.colcon_core.environment:checking '/home/diaoko/ros2_ws/install/my_robot_interfaces/lib'
[9.376s] Level 1:colcon.colcon_core.shell:create_environment_hook('my_robot_interfaces', 'ld_library_path_lib')
[9.376s] INFO:colcon.colcon_core.shell:Creating environment hook '/home/diaoko/ros2_ws/install/my_robot_interfaces/share/my_robot_interfaces/hook/ld_library_path_lib.ps1'
[9.377s] INFO:colcon.colcon_core.shell:Creating environment descriptor '/home/diaoko/ros2_ws/install/my_robot_interfaces/share/my_robot_interfaces/hook/ld_library_path_lib.dsv'
[9.377s] INFO:colcon.colcon_core.shell:Creating environment hook '/home/diaoko/ros2_ws/install/my_robot_interfaces/share/my_robot_interfaces/hook/ld_library_path_lib.sh'
[9.378s] Level 1:colcon.colcon_core.environment:checking '/home/diaoko/ros2_ws/install/my_robot_interfaces/bin'
[9.378s] Level 1:colcon.colcon_core.environment:checking '/home/diaoko/ros2_ws/install/my_robot_interfaces/lib/pkgconfig/my_robot_interfaces.pc'
[9.378s] Level 1:colcon.colcon_core.environment:checking '/home/diaoko/ros2_ws/install/my_robot_interfaces/lib/python3.12/site-packages'
[9.378s] Level 1:colcon.colcon_core.shell:create_environment_hook('my_robot_interfaces', 'pythonpath')
[9.379s] INFO:colcon.colcon_core.shell:Creating environment hook '/home/diaoko/ros2_ws/install/my_robot_interfaces/share/my_robot_interfaces/hook/pythonpath.ps1'
[9.379s] INFO:colcon.colcon_core.shell:Creating environment descriptor '/home/diaoko/ros2_ws/install/my_robot_interfaces/share/my_robot_interfaces/hook/pythonpath.dsv'
[9.380s] INFO:colcon.colcon_core.shell:Creating environment hook '/home/diaoko/ros2_ws/install/my_robot_interfaces/share/my_robot_interfaces/hook/pythonpath.sh'
[9.380s] Level 1:colcon.colcon_core.environment:checking '/home/diaoko/ros2_ws/install/my_robot_interfaces/bin'
[9.381s] INFO:colcon.colcon_core.shell:Creating package script '/home/diaoko/ros2_ws/install/my_robot_interfaces/share/my_robot_interfaces/package.ps1'
[9.382s] INFO:colcon.colcon_core.shell:Creating package descriptor '/home/diaoko/ros2_ws/install/my_robot_interfaces/share/my_robot_interfaces/package.dsv'
[9.382s] INFO:colcon.colcon_core.shell:Creating package script '/home/diaoko/ros2_ws/install/my_robot_interfaces/share/my_robot_interfaces/package.sh'
[9.383s] INFO:colcon.colcon_core.shell:Creating package script '/home/diaoko/ros2_ws/install/my_robot_interfaces/share/my_robot_interfaces/package.bash'
[9.384s] INFO:colcon.colcon_core.shell:Creating package script '/home/diaoko/ros2_ws/install/my_robot_interfaces/share/my_robot_interfaces/package.zsh'
[9.384s] Level 1:colcon.colcon_core.environment:create_file_with_runtime_dependencies(/home/diaoko/ros2_ws/install/my_robot_interfaces/share/colcon-core/packages/my_robot_interfaces)
[9.385s] Level 1:colcon.colcon_core.environment:create_environment_scripts_only(my_robot_interfaces)
[9.386s] Level 1:colcon.colcon_core.environment:checking '/home/diaoko/ros2_ws/install/my_robot_interfaces' for CMake module files
[9.387s] Level 1:colcon.colcon_core.environment:checking '/home/diaoko/ros2_ws/install/my_robot_interfaces' for CMake config files
[9.387s] Level 1:colcon.colcon_core.shell:create_environment_hook('my_robot_interfaces', 'cmake_prefix_path')
[9.388s] INFO:colcon.colcon_core.shell:Creating environment hook '/home/diaoko/ros2_ws/install/my_robot_interfaces/share/my_robot_interfaces/hook/cmake_prefix_path.ps1'
[9.388s] INFO:colcon.colcon_core.shell:Creating environment descriptor '/home/diaoko/ros2_ws/install/my_robot_interfaces/share/my_robot_interfaces/hook/cmake_prefix_path.dsv'
[9.389s] INFO:colcon.colcon_core.shell:Creating environment hook '/home/diaoko/ros2_ws/install/my_robot_interfaces/share/my_robot_interfaces/hook/cmake_prefix_path.sh'
[9.390s] Level 1:colcon.colcon_core.environment:checking '/home/diaoko/ros2_ws/install/my_robot_interfaces/lib'
[9.390s] Level 1:colcon.colcon_core.shell:create_environment_hook('my_robot_interfaces', 'ld_library_path_lib')
[9.390s] INFO:colcon.colcon_core.shell:Creating environment hook '/home/diaoko/ros2_ws/install/my_robot_interfaces/share/my_robot_interfaces/hook/ld_library_path_lib.ps1'
[9.391s] INFO:colcon.colcon_core.shell:Creating environment descriptor '/home/diaoko/ros2_ws/install/my_robot_interfaces/share/my_robot_interfaces/hook/ld_library_path_lib.dsv'
[9.391s] INFO:colcon.colcon_core.shell:Creating environment hook '/home/diaoko/ros2_ws/install/my_robot_interfaces/share/my_robot_interfaces/hook/ld_library_path_lib.sh'
[9.392s] Level 1:colcon.colcon_core.environment:checking '/home/diaoko/ros2_ws/install/my_robot_interfaces/bin'
[9.392s] Level 1:colcon.colcon_core.environment:checking '/home/diaoko/ros2_ws/install/my_robot_interfaces/lib/pkgconfig/my_robot_interfaces.pc'
[9.392s] Level 1:colcon.colcon_core.environment:checking '/home/diaoko/ros2_ws/install/my_robot_interfaces/lib/python3.12/site-packages'
[9.392s] Level 1:colcon.colcon_core.shell:create_environment_hook('my_robot_interfaces', 'pythonpath')
[9.392s] INFO:colcon.colcon_core.shell:Creating environment hook '/home/diaoko/ros2_ws/install/my_robot_interfaces/share/my_robot_interfaces/hook/pythonpath.ps1'
[9.393s] INFO:colcon.colcon_core.shell:Creating environment descriptor '/home/diaoko/ros2_ws/install/my_robot_interfaces/share/my_robot_interfaces/hook/pythonpath.dsv'
[9.394s] INFO:colcon.colcon_core.shell:Creating environment hook '/home/diaoko/ros2_ws/install/my_robot_interfaces/share/my_robot_interfaces/hook/pythonpath.sh'
[9.394s] Level 1:colcon.colcon_core.environment:checking '/home/diaoko/ros2_ws/install/my_robot_interfaces/bin'
[9.395s] INFO:colcon.colcon_core.shell:Creating package script '/home/diaoko/ros2_ws/install/my_robot_interfaces/share/my_robot_interfaces/package.ps1'
[9.396s] INFO:colcon.colcon_core.shell:Creating package descriptor '/home/diaoko/ros2_ws/install/my_robot_interfaces/share/my_robot_interfaces/package.dsv'
[9.397s] INFO:colcon.colcon_core.shell:Creating package script '/home/diaoko/ros2_ws/install/my_robot_interfaces/share/my_robot_interfaces/package.sh'
[9.397s] INFO:colcon.colcon_core.shell:Creating package script '/home/diaoko/ros2_ws/install/my_robot_interfaces/share/my_robot_interfaces/package.bash'
[9.398s] INFO:colcon.colcon_core.shell:Creating package script '/home/diaoko/ros2_ws/install/my_robot_interfaces/share/my_robot_interfaces/package.zsh'
[9.399s] Level 1:colcon.colcon_core.environment:create_file_with_runtime_dependencies(/home/diaoko/ros2_ws/install/my_robot_interfaces/share/colcon-core/packages/my_robot_interfaces)
[12.244s] DEBUG:colcon.colcon_core.event_handler.log_command:Invoked command in '/home/diaoko/ros2_ws/build/my_cpp_pkg' returned '0': CMAKE_PREFIX_PATH=${CMAKE_PREFIX_PATH}:/opt/ros/jazzy DEBUGINFOD_URLS=https://debuginfod.ubuntu.com /usr/bin/cmake --build /home/diaoko/ros2_ws/build/my_cpp_pkg -- -j12 -l12
[12.245s] DEBUG:colcon.colcon_core.event_handler.log_command:Invoking command in '/home/diaoko/ros2_ws/build/my_cpp_pkg': CMAKE_PREFIX_PATH=${CMAKE_PREFIX_PATH}:/opt/ros/jazzy DEBUGINFOD_URLS=https://debuginfod.ubuntu.com /usr/bin/cmake --install /home/diaoko/ros2_ws/build/my_cpp_pkg
[12.268s] Level 1:colcon.colcon_core.environment:create_environment_scripts_only(my_cpp_pkg)
[12.269s] Level 1:colcon.colcon_core.environment:checking '/home/diaoko/ros2_ws/install/my_cpp_pkg' for CMake module files
[12.269s] DEBUG:colcon.colcon_core.event_handler.log_command:Invoked command in '/home/diaoko/ros2_ws/build/my_cpp_pkg' returned '0': CMAKE_PREFIX_PATH=${CMAKE_PREFIX_PATH}:/opt/ros/jazzy DEBUGINFOD_URLS=https://debuginfod.ubuntu.com /usr/bin/cmake --install /home/diaoko/ros2_ws/build/my_cpp_pkg
[12.270s] Level 1:colcon.colcon_core.environment:checking '/home/diaoko/ros2_ws/install/my_cpp_pkg' for CMake config files
[12.270s] Level 1:colcon.colcon_core.shell:create_environment_hook('my_cpp_pkg', 'cmake_prefix_path')
[12.271s] INFO:colcon.colcon_core.shell:Creating environment hook '/home/diaoko/ros2_ws/install/my_cpp_pkg/share/my_cpp_pkg/hook/cmake_prefix_path.ps1'
[12.271s] INFO:colcon.colcon_core.shell:Creating environment descriptor '/home/diaoko/ros2_ws/install/my_cpp_pkg/share/my_cpp_pkg/hook/cmake_prefix_path.dsv'
[12.272s] INFO:colcon.colcon_core.shell:Creating environment hook '/home/diaoko/ros2_ws/install/my_cpp_pkg/share/my_cpp_pkg/hook/cmake_prefix_path.sh'
[12.273s] Level 1:colcon.colcon_core.environment:checking '/home/diaoko/ros2_ws/install/my_cpp_pkg/lib'
[12.273s] Level 1:colcon.colcon_core.environment:checking '/home/diaoko/ros2_ws/install/my_cpp_pkg/bin'
[12.273s] Level 1:colcon.colcon_core.environment:checking '/home/diaoko/ros2_ws/install/my_cpp_pkg/lib/pkgconfig/my_cpp_pkg.pc'
[12.273s] Level 1:colcon.colcon_core.environment:checking '/home/diaoko/ros2_ws/install/my_cpp_pkg/lib/python3.12/site-packages'
[12.274s] Level 1:colcon.colcon_core.environment:checking '/home/diaoko/ros2_ws/install/my_cpp_pkg/bin'
[12.274s] INFO:colcon.colcon_core.shell:Creating package script '/home/diaoko/ros2_ws/install/my_cpp_pkg/share/my_cpp_pkg/package.ps1'
[12.274s] INFO:colcon.colcon_core.shell:Creating package descriptor '/home/diaoko/ros2_ws/install/my_cpp_pkg/share/my_cpp_pkg/package.dsv'
[12.275s] INFO:colcon.colcon_core.shell:Creating package script '/home/diaoko/ros2_ws/install/my_cpp_pkg/share/my_cpp_pkg/package.sh'
[12.275s] INFO:colcon.colcon_core.shell:Creating package script '/home/diaoko/ros2_ws/install/my_cpp_pkg/share/my_cpp_pkg/package.bash'
[12.275s] INFO:colcon.colcon_core.shell:Creating package script '/home/diaoko/ros2_ws/install/my_cpp_pkg/share/my_cpp_pkg/package.zsh'
[12.276s] Level 1:colcon.colcon_core.environment:create_file_with_runtime_dependencies(/home/diaoko/ros2_ws/install/my_cpp_pkg/share/colcon-core/packages/my_cpp_pkg)
[12.276s] Level 1:colcon.colcon_core.environment:create_environment_scripts_only(my_cpp_pkg)
[12.276s] Level 1:colcon.colcon_core.environment:checking '/home/diaoko/ros2_ws/install/my_cpp_pkg' for CMake module files
[12.277s] Level 1:colcon.colcon_core.environment:checking '/home/diaoko/ros2_ws/install/my_cpp_pkg' for CMake config files
[12.277s] Level 1:colcon.colcon_core.shell:create_environment_hook('my_cpp_pkg', 'cmake_prefix_path')
[12.277s] INFO:colcon.colcon_core.shell:Creating environment hook '/home/diaoko/ros2_ws/install/my_cpp_pkg/share/my_cpp_pkg/hook/cmake_prefix_path.ps1'
[12.277s] INFO:colcon.colcon_core.shell:Creating environment descriptor '/home/diaoko/ros2_ws/install/my_cpp_pkg/share/my_cpp_pkg/hook/cmake_prefix_path.dsv'
[12.278s] INFO:colcon.colcon_core.shell:Creating environment hook '/home/diaoko/ros2_ws/install/my_cpp_pkg/share/my_cpp_pkg/hook/cmake_prefix_path.sh'
[12.278s] Level 1:colcon.colcon_core.environment:checking '/home/diaoko/ros2_ws/install/my_cpp_pkg/lib'
[12.278s] Level 1:colcon.colcon_core.environment:checking '/home/diaoko/ros2_ws/install/my_cpp_pkg/bin'
[12.278s] Level 1:colcon.colcon_core.environment:checking '/home/diaoko/ros2_ws/install/my_cpp_pkg/lib/pkgconfig/my_cpp_pkg.pc'
[12.279s] Level 1:colcon.colcon_core.environment:checking '/home/diaoko/ros2_ws/install/my_cpp_pkg/lib/python3.12/site-packages'
[12.279s] Level 1:colcon.colcon_core.environment:checking '/home/diaoko/ros2_ws/install/my_cpp_pkg/bin'
[12.279s] INFO:colcon.colcon_core.shell:Creating package script '/home/diaoko/ros2_ws/install/my_cpp_pkg/share/my_cpp_pkg/package.ps1'
[12.280s] INFO:colcon.colcon_core.shell:Creating package descriptor '/home/diaoko/ros2_ws/install/my_cpp_pkg/share/my_cpp_pkg/package.dsv'
[12.280s] INFO:colcon.colcon_core.shell:Creating package script '/home/diaoko/ros2_ws/install/my_cpp_pkg/share/my_cpp_pkg/package.sh'
[12.280s] INFO:colcon.colcon_core.shell:Creating package script '/home/diaoko/ros2_ws/install/my_cpp_pkg/share/my_cpp_pkg/package.bash'
[12.281s] INFO:colcon.colcon_core.shell:Creating package script '/home/diaoko/ros2_ws/install/my_cpp_pkg/share/my_cpp_pkg/package.zsh'
[12.281s] Level 1:colcon.colcon_core.environment:create_file_with_runtime_dependencies(/home/diaoko/ros2_ws/install/my_cpp_pkg/share/colcon-core/packages/my_cpp_pkg)
[14.519s] DEBUG:colcon.colcon_core.event_handler.log_command:Invoked command in '/home/diaoko/ros2_ws/build/turtle_controller_cpp' returned '0': CMAKE_PREFIX_PATH=${CMAKE_PREFIX_PATH}:/opt/ros/jazzy DEBUGINFOD_URLS=https://debuginfod.ubuntu.com /usr/bin/cmake --build /home/diaoko/ros2_ws/build/turtle_controller_cpp -- -j12 -l12
[14.520s] DEBUG:colcon.colcon_core.event_handler.log_command:Invoking command in '/home/diaoko/ros2_ws/build/turtle_controller_cpp': CMAKE_PREFIX_PATH=${CMAKE_PREFIX_PATH}:/opt/ros/jazzy DEBUGINFOD_URLS=https://debuginfod.ubuntu.com /usr/bin/cmake --install /home/diaoko/ros2_ws/build/turtle_controller_cpp
[14.543s] Level 1:colcon.colcon_core.environment:create_environment_scripts_only(turtle_controller_cpp)
[14.543s] Level 1:colcon.colcon_core.environment:checking '/home/diaoko/ros2_ws/install/turtle_controller_cpp' for CMake module files
[14.545s] DEBUG:colcon.colcon_core.event_handler.log_command:Invoked command in '/home/diaoko/ros2_ws/build/turtle_controller_cpp' returned '0': CMAKE_PREFIX_PATH=${CMAKE_PREFIX_PATH}:/opt/ros/jazzy DEBUGINFOD_URLS=https://debuginfod.ubuntu.com /usr/bin/cmake --install /home/diaoko/ros2_ws/build/turtle_controller_cpp
[14.545s] Level 1:colcon.colcon_core.environment:checking '/home/diaoko/ros2_ws/install/turtle_controller_cpp' for CMake config files
[14.546s] Level 1:colcon.colcon_core.shell:create_environment_hook('turtle_controller_cpp', 'cmake_prefix_path')
[14.546s] INFO:colcon.colcon_core.shell:Creating environment hook '/home/diaoko/ros2_ws/install/turtle_controller_cpp/share/turtle_controller_cpp/hook/cmake_prefix_path.ps1'
[14.547s] INFO:colcon.colcon_core.shell:Creating environment descriptor '/home/diaoko/ros2_ws/install/turtle_controller_cpp/share/turtle_controller_cpp/hook/cmake_prefix_path.dsv'
[14.548s] INFO:colcon.colcon_core.shell:Creating environment hook '/home/diaoko/ros2_ws/install/turtle_controller_cpp/share/turtle_controller_cpp/hook/cmake_prefix_path.sh'
[14.549s] Level 1:colcon.colcon_core.environment:checking '/home/diaoko/ros2_ws/install/turtle_controller_cpp/lib'
[14.549s] Level 1:colcon.colcon_core.environment:checking '/home/diaoko/ros2_ws/install/turtle_controller_cpp/bin'
[14.549s] Level 1:colcon.colcon_core.environment:checking '/home/diaoko/ros2_ws/install/turtle_controller_cpp/lib/pkgconfig/turtle_controller_cpp.pc'
[14.550s] Level 1:colcon.colcon_core.environment:checking '/home/diaoko/ros2_ws/install/turtle_controller_cpp/lib/python3.12/site-packages'
[14.550s] Level 1:colcon.colcon_core.environment:checking '/home/diaoko/ros2_ws/install/turtle_controller_cpp/bin'
[14.551s] INFO:colcon.colcon_core.shell:Creating package script '/home/diaoko/ros2_ws/install/turtle_controller_cpp/share/turtle_controller_cpp/package.ps1'
[14.552s] INFO:colcon.colcon_core.shell:Creating package descriptor '/home/diaoko/ros2_ws/install/turtle_controller_cpp/share/turtle_controller_cpp/package.dsv'
[14.553s] INFO:colcon.colcon_core.shell:Creating package script '/home/diaoko/ros2_ws/install/turtle_controller_cpp/share/turtle_controller_cpp/package.sh'
[14.554s] INFO:colcon.colcon_core.shell:Creating package script '/home/diaoko/ros2_ws/install/turtle_controller_cpp/share/turtle_controller_cpp/package.bash'
[14.554s] INFO:colcon.colcon_core.shell:Creating package script '/home/diaoko/ros2_ws/install/turtle_controller_cpp/share/turtle_controller_cpp/package.zsh'
[14.555s] Level 1:colcon.colcon_core.environment:create_file_with_runtime_dependencies(/home/diaoko/ros2_ws/install/turtle_controller_cpp/share/colcon-core/packages/turtle_controller_cpp)
[14.556s] Level 1:colcon.colcon_core.environment:create_environment_scripts_only(turtle_controller_cpp)
[14.557s] Level 1:colcon.colcon_core.environment:checking '/home/diaoko/ros2_ws/install/turtle_controller_cpp' for CMake module files
[14.558s] Level 1:colcon.colcon_core.environment:checking '/home/diaoko/ros2_ws/install/turtle_controller_cpp' for CMake config files
[14.558s] Level 1:colcon.colcon_core.shell:create_environment_hook('turtle_controller_cpp', 'cmake_prefix_path')
[14.558s] INFO:colcon.colcon_core.shell:Creating environment hook '/home/diaoko/ros2_ws/install/turtle_controller_cpp/share/turtle_controller_cpp/hook/cmake_prefix_path.ps1'
[14.559s] INFO:colcon.colcon_core.shell:Creating environment descriptor '/home/diaoko/ros2_ws/install/turtle_controller_cpp/share/turtle_controller_cpp/hook/cmake_prefix_path.dsv'
[14.560s] INFO:colcon.colcon_core.shell:Creating environment hook '/home/diaoko/ros2_ws/install/turtle_controller_cpp/share/turtle_controller_cpp/hook/cmake_prefix_path.sh'
[14.561s] Level 1:colcon.colcon_core.environment:checking '/home/diaoko/ros2_ws/install/turtle_controller_cpp/lib'
[14.562s] Level 1:colcon.colcon_core.environment:checking '/home/diaoko/ros2_ws/install/turtle_controller_cpp/bin'
[14.562s] Level 1:colcon.colcon_core.environment:checking '/home/diaoko/ros2_ws/install/turtle_controller_cpp/lib/pkgconfig/turtle_controller_cpp.pc'
[14.562s] Level 1:colcon.colcon_core.environment:checking '/home/diaoko/ros2_ws/install/turtle_controller_cpp/lib/python3.12/site-packages'
[14.562s] Level 1:colcon.colcon_core.environment:checking '/home/diaoko/ros2_ws/install/turtle_controller_cpp/bin'
[14.563s] INFO:colcon.colcon_core.shell:Creating package script '/home/diaoko/ros2_ws/install/turtle_controller_cpp/share/turtle_controller_cpp/package.ps1'
[14.564s] INFO:colcon.colcon_core.shell:Creating package descriptor '/home/diaoko/ros2_ws/install/turtle_controller_cpp/share/turtle_controller_cpp/package.dsv'
[14.565s] INFO:colcon.colcon_core.shell:Creating package script '/home/diaoko/ros2_ws/install/turtle_controller_cpp/share/turtle_controller_cpp/package.sh'
[14.566s] INFO:colcon.colcon_core.shell:Creating package script '/home/diaoko/ros2_ws/install/turtle_controller_cpp/share/turtle_controller_cpp/package.bash'
[14.566s] INFO:colcon.colcon_core.shell:Creating package script '/home/diaoko/ros2_ws/install/turtle_controller_cpp/share/turtle_controller_cpp/package.zsh'
[14.567s] Level 1:colcon.colcon_core.environment:create_file_with_runtime_dependencies(/home/diaoko/ros2_ws/install/turtle_controller_cpp/share/colcon-core/packages/turtle_controller_cpp)
[14.567s] DEBUG:colcon.colcon_parallel_executor.executor.parallel:closing loop
[14.567s] DEBUG:colcon.colcon_parallel_executor.executor.parallel:loop closed
[14.568s] DEBUG:colcon.colcon_parallel_executor.executor.parallel:run_until_complete finished with '0'
[14.568s] DEBUG:colcon.colcon_core.event_reactor:joining thread
[14.579s] INFO:colcon.colcon_core.plugin_system:Skipping extension 'colcon_notification.desktop_notification.terminal_notifier': Not used on non-Darwin systems
[14.579s] INFO:colcon.colcon_core.plugin_system:Skipping extension 'colcon_notification.desktop_notification.win32': Not used on non-Windows systems
[14.580s] INFO:colcon.colcon_notification.desktop_notification:Sending desktop notification using 'notify2'
[14.609s] DEBUG:colcon.colcon_core.event_reactor:joined thread
[14.610s] INFO:colcon.colcon_core.shell:Creating prefix script '/home/diaoko/ros2_ws/install/local_setup.ps1'
[14.611s] INFO:colcon.colcon_core.shell:Creating prefix util module '/home/diaoko/ros2_ws/install/_local_setup_util_ps1.py'
[14.614s] INFO:colcon.colcon_core.shell:Creating prefix chain script '/home/diaoko/ros2_ws/install/setup.ps1'
[14.617s] INFO:colcon.colcon_core.shell:Creating prefix script '/home/diaoko/ros2_ws/install/local_setup.sh'
[14.618s] INFO:colcon.colcon_core.shell:Creating prefix util module '/home/diaoko/ros2_ws/install/_local_setup_util_sh.py'
[14.620s] INFO:colcon.colcon_core.shell:Creating prefix chain script '/home/diaoko/ros2_ws/install/setup.sh'
[14.621s] INFO:colcon.colcon_core.shell:Creating prefix script '/home/diaoko/ros2_ws/install/local_setup.bash'
[14.622s] INFO:colcon.colcon_core.shell:Creating prefix chain script '/home/diaoko/ros2_ws/install/setup.bash'
[14.624s] INFO:colcon.colcon_core.shell:Creating prefix script '/home/diaoko/ros2_ws/install/local_setup.zsh'
[14.626s] INFO:colcon.colcon_core.shell:Creating prefix chain script '/home/diaoko/ros2_ws/install/setup.zsh'
