[0.009s] Invoking command in '/home/diaoko/ros2_ws/build/my_cpp_pkg': CMAKE_PREFIX_PATH=${CMAKE_PREFIX_PATH}:/home/diaoko/ros2_ws/install/my_py_pkg:/opt/ros/humble /usr/bin/cmake --build /home/diaoko/ros2_ws/build/my_cpp_pkg -- -j12 -l12
[0.023s] -- Found ament_cmake: 1.3.11 (/opt/ros/humble/share/ament_cmake/cmake)
[0.098s] -- Found rclcpp: 16.0.11 (/opt/ros/humble/share/rclcpp/cmake)
[0.115s] -- Found rosidl_generator_c: 3.1.6 (/opt/ros/humble/share/rosidl_generator_c/cmake)
[0.117s] -- Found rosidl_adapter: 3.1.6 (/opt/ros/humble/share/rosidl_adapter/cmake)
[0.120s] -- Found rosidl_generator_cpp: 3.1.6 (/opt/ros/humble/share/rosidl_generator_cpp/cmake)
[0.126s] -- Using all available rosidl_typesupport_c: rosidl_typesupport_fastrtps_c;rosidl_typesupport_introspection_c
[0.134s] -- Using all available rosidl_typesupport_cpp: rosidl_typesupport_fastrtps_cpp;rosidl_typesupport_introspection_cpp
[0.153s] -- Found rmw_implementation_cmake: 6.1.2 (/opt/ros/humble/share/rmw_implementation_cmake/cmake)
[0.153s] -- Found rmw_fastrtps_cpp: 6.2.7 (/opt/ros/humble/share/rmw_fastrtps_cpp/cmake)
[0.211s] -- Using RMW implementation 'rmw_fastrtps_cpp' as default
[0.240s] -- Found example_interfaces: 0.9.3 (/opt/ros/humble/share/example_interfaces/cmake)
[0.262s] -- Found ament_lint_auto: 0.12.11 (/opt/ros/humble/share/ament_lint_auto/cmake)
[0.303s] -- Added test 'cppcheck' to perform static code analysis on C / C++ code
[0.303s] -- Configured cppcheck include dirs: 
[0.303s] -- Configured cppcheck exclude dirs and/or files: 
[0.304s] -- Added test 'lint_cmake' to check CMake code style
[0.304s] -- Added test 'uncrustify' to check C / C++ code style
[0.304s] -- Configured uncrustify additional arguments: 
[0.304s] -- Added test 'xmllint' to check XML markup files
[0.305s] -- Configuring done
[0.313s] -- Generating done
[0.316s] -- Build files have been written to: /home/diaoko/ros2_ws/build/my_cpp_pkg
[0.333s] [35m[1mConsolidate compiler generated dependencies of target number_publisher[0m
[0.333s] [35m[1mConsolidate compiler generated dependencies of target test_node[0m
[0.337s] [ 16%] [32mBuilding CXX object CMakeFiles/number_counter.dir/src/number_counter.cpp.o[0m
[0.340s] [ 50%] Built target test_node
[0.340s] [ 83%] Built target number_publisher
[4.744s] [100%] [32m[1mLinking CXX executable number_counter[0m
[4.964s] [100%] Built target number_counter
[4.970s] Invoked command in '/home/diaoko/ros2_ws/build/my_cpp_pkg' returned '0': CMAKE_PREFIX_PATH=${CMAKE_PREFIX_PATH}:/home/diaoko/ros2_ws/install/my_py_pkg:/opt/ros/humble /usr/bin/cmake --build /home/diaoko/ros2_ws/build/my_cpp_pkg -- -j12 -l12
[4.975s] Invoking command in '/home/diaoko/ros2_ws/build/my_cpp_pkg': CMAKE_PREFIX_PATH=${CMAKE_PREFIX_PATH}:/home/diaoko/ros2_ws/install/my_py_pkg:/opt/ros/humble /usr/bin/cmake --install /home/diaoko/ros2_ws/build/my_cpp_pkg
[4.978s] -- Install configuration: ""
[4.978s] -- Up-to-date: /home/diaoko/ros2_ws/install/my_cpp_pkg/lib/my_cpp_pkg/test_node
[4.978s] -- Up-to-date: /home/diaoko/ros2_ws/install/my_cpp_pkg/lib/my_cpp_pkg/number_publisher
[4.979s] -- Installing: /home/diaoko/ros2_ws/install/my_cpp_pkg/lib/my_cpp_pkg/number_counter
[4.981s] -- Set runtime path of "/home/diaoko/ros2_ws/install/my_cpp_pkg/lib/my_cpp_pkg/number_counter" to ""
[4.981s] -- Up-to-date: /home/diaoko/ros2_ws/install/my_cpp_pkg/share/ament_index/resource_index/package_run_dependencies/my_cpp_pkg
[4.981s] -- Up-to-date: /home/diaoko/ros2_ws/install/my_cpp_pkg/share/ament_index/resource_index/parent_prefix_path/my_cpp_pkg
[4.981s] -- Up-to-date: /home/diaoko/ros2_ws/install/my_cpp_pkg/share/my_cpp_pkg/environment/ament_prefix_path.sh
[4.981s] -- Installing: /home/diaoko/ros2_ws/install/my_cpp_pkg/share/my_cpp_pkg/environment/ament_prefix_path.dsv
[4.981s] -- Up-to-date: /home/diaoko/ros2_ws/install/my_cpp_pkg/share/my_cpp_pkg/environment/path.sh
[4.981s] -- Installing: /home/diaoko/ros2_ws/install/my_cpp_pkg/share/my_cpp_pkg/environment/path.dsv
[4.981s] -- Up-to-date: /home/diaoko/ros2_ws/install/my_cpp_pkg/share/my_cpp_pkg/local_setup.bash
[4.981s] -- Up-to-date: /home/diaoko/ros2_ws/install/my_cpp_pkg/share/my_cpp_pkg/local_setup.sh
[4.981s] -- Up-to-date: /home/diaoko/ros2_ws/install/my_cpp_pkg/share/my_cpp_pkg/local_setup.zsh
[4.981s] -- Installing: /home/diaoko/ros2_ws/install/my_cpp_pkg/share/my_cpp_pkg/local_setup.dsv
[4.981s] -- Installing: /home/diaoko/ros2_ws/install/my_cpp_pkg/share/my_cpp_pkg/package.dsv
[4.981s] -- Up-to-date: /home/diaoko/ros2_ws/install/my_cpp_pkg/share/ament_index/resource_index/packages/my_cpp_pkg
[4.981s] -- Up-to-date: /home/diaoko/ros2_ws/install/my_cpp_pkg/share/my_cpp_pkg/cmake/my_cpp_pkgConfig.cmake
[4.981s] -- Up-to-date: /home/diaoko/ros2_ws/install/my_cpp_pkg/share/my_cpp_pkg/cmake/my_cpp_pkgConfig-version.cmake
[4.981s] -- Up-to-date: /home/diaoko/ros2_ws/install/my_cpp_pkg/share/my_cpp_pkg/package.xml
[4.982s] Invoked command in '/home/diaoko/ros2_ws/build/my_cpp_pkg' returned '0': CMAKE_PREFIX_PATH=${CMAKE_PREFIX_PATH}:/home/diaoko/ros2_ws/install/my_py_pkg:/opt/ros/humble /usr/bin/cmake --install /home/diaoko/ros2_ws/build/my_cpp_pkg
